[2024-11-02T20:56:48.995+0000] {local_task_job_runner.py:123} INFO - ::group::Pre task execution logs
[2024-11-02T20:56:49.009+0000] {taskinstance.py:2612} INFO - Dependencies all met for dep_context=non-requeueable deps ti=<TaskInstance: job_scraping_pipeline.scrape_chunk_1 manual__2024-11-02T10:18:09.096740+00:00 [None]>
[2024-11-02T20:56:49.019+0000] {taskinstance.py:2612} INFO - Dependencies all met for dep_context=requeueable deps ti=<TaskInstance: job_scraping_pipeline.scrape_chunk_1 manual__2024-11-02T10:18:09.096740+00:00 [None]>
[2024-11-02T20:56:49.020+0000] {taskinstance.py:2865} INFO - Starting attempt 1 of 5
[2024-11-02T20:56:49.037+0000] {taskinstance.py:2888} INFO - Executing <Task(PythonOperator): scrape_chunk_1> on 2024-11-02 10:18:09.096740+00:00
[2024-11-02T20:56:49.051+0000] {standard_task_runner.py:104} INFO - Running: ['airflow', 'tasks', 'run', 'job_scraping_pipeline', 'scrape_chunk_1', 'manual__2024-11-02T10:18:09.096740+00:00', '--job-id', '53', '--raw', '--subdir', 'DAGS_FOLDER/test.py', '--cfg-path', '/tmp/tmp88_prumg']
[2024-11-02T20:56:49.054+0000] {standard_task_runner.py:105} INFO - Job 53: Subtask scrape_chunk_1
[2024-11-02T20:56:49.055+0000] {logging_mixin.py:190} WARNING - /home/airflow/.local/lib/python3.12/site-packages/airflow/task/task_runner/standard_task_runner.py:70 DeprecationWarning: This process (pid=220) is multi-threaded, use of fork() may lead to deadlocks in the child.
[2024-11-02T20:56:49.056+0000] {standard_task_runner.py:72} INFO - Started process 225 to run task
[2024-11-02T20:56:49.099+0000] {task_command.py:467} INFO - Running <TaskInstance: job_scraping_pipeline.scrape_chunk_1 manual__2024-11-02T10:18:09.096740+00:00 [running]> on host 6fb5d61061dc
[2024-11-02T20:56:49.178+0000] {taskinstance.py:3131} INFO - Exporting env vars: AIRFLOW_CTX_DAG_OWNER='airflow' AIRFLOW_CTX_DAG_ID='job_scraping_pipeline' AIRFLOW_CTX_TASK_ID='scrape_chunk_1' AIRFLOW_CTX_EXECUTION_DATE='2024-11-02T10:18:09.096740+00:00' AIRFLOW_CTX_TRY_NUMBER='1' AIRFLOW_CTX_DAG_RUN_ID='manual__2024-11-02T10:18:09.096740+00:00'
[2024-11-02T20:56:49.182+0000] {taskinstance.py:731} INFO - ::endgroup::
[2024-11-02T20:56:49.200+0000] {main_scrap.py:56} INFO - 初始化完成，輸出目錄: jobs_csv
[2024-11-02T20:56:49.201+0000] {main_scrap.py:94} INFO - 開始爬取關鍵字: MES工程師
[2024-11-02T20:56:49.201+0000] {main_scrap.py:77} INFO - 請求URL: https://www.104.com.tw/jobs/search/?ro=0&kwop=7&keyword=MES%E5%B7%A5%E7%A8%8B%E5%B8%AB&order=15&asc=0&page=1&mode=s&jobsource=m_joblist_search&searchTempExclude=2
[2024-11-02T20:56:49.800+0000] {main_scrap.py:107} INFO - 開始爬取關鍵字: MES工程師, 共有：23 頁
[2024-11-02T20:56:49.807+0000] {logging_mixin.py:190} WARNING - 爬取 MES工程師:   0%|          | 0/23 [00:00<?, ?it/s]
[2024-11-02T20:56:49.808+0000] {main_scrap.py:112} INFO - 頁面 1 延遲 18.59 秒
[2024-11-02T20:57:14.295+0000] {local_task_job_runner.py:346} WARNING - State of this instance has been externally set to restarting. Terminating instance.
[2024-11-02T20:57:14.296+0000] {local_task_job_runner.py:245} INFO - ::endgroup::
[2024-11-02T20:57:14.298+0000] {process_utils.py:132} INFO - Sending 15 to group 225. PIDs of all processes in the group: [225]
[2024-11-02T20:57:14.298+0000] {process_utils.py:87} INFO - Sending the signal 15 to group 225
[2024-11-02T20:57:14.298+0000] {taskinstance.py:3092} ERROR - Received SIGTERM. Terminating subprocesses.
[2024-11-02T20:57:14.299+0000] {logging_mixin.py:190} WARNING - 爬取 MES工程師:   0%|          | 0/23 [00:24<?, ?it/s]
[2024-11-02T20:57:14.305+0000] {taskinstance.py:3310} ERROR - Task failed with exception
Traceback (most recent call last):
  File "/home/airflow/.local/lib/python3.12/site-packages/airflow/models/taskinstance.py", line 762, in _execute_task
    result = _execute_callable(context=context, **execute_callable_kwargs)
             ^^^^^^^^^^^^^^^^^^^^^^^^^^^^^^^^^^^^^^^^^^^^^^^^^^^^^^^^^^^^^
  File "/home/airflow/.local/lib/python3.12/site-packages/airflow/models/taskinstance.py", line 733, in _execute_callable
    return ExecutionCallableRunner(
           ^^^^^^^^^^^^^^^^^^^^^^^^
  File "/home/airflow/.local/lib/python3.12/site-packages/airflow/utils/operator_helpers.py", line 252, in run
    return self.func(*args, **kwargs)
           ^^^^^^^^^^^^^^^^^^^^^^^^^^
  File "/home/airflow/.local/lib/python3.12/site-packages/airflow/models/baseoperator.py", line 406, in wrapper
    return func(self, *args, **kwargs)
           ^^^^^^^^^^^^^^^^^^^^^^^^^^^
  File "/home/airflow/.local/lib/python3.12/site-packages/airflow/operators/python.py", line 238, in execute
    return_value = self.execute_callable()
                   ^^^^^^^^^^^^^^^^^^^^^^^
  File "/home/airflow/.local/lib/python3.12/site-packages/airflow/operators/python.py", line 256, in execute_callable
    return runner.run(*self.op_args, **self.op_kwargs)
           ^^^^^^^^^^^^^^^^^^^^^^^^^^^^^^^^^^^^^^^^^^^
  File "/home/airflow/.local/lib/python3.12/site-packages/airflow/utils/operator_helpers.py", line 252, in run
    return self.func(*args, **kwargs)
           ^^^^^^^^^^^^^^^^^^^^^^^^^^
  File "/opt/airflow/tasks/main_scrap.py", line 264, in web_crawler
    scraper.scrape_jobs(key_txt)
  File "/opt/airflow/tasks/main_scrap.py", line 147, in scrape_jobs
    introduction, tools, skills, job_categories, major_requirement, other_requirements = self.extract_job_details(detail_soup)
                                                                                         ^^^^^^^^^^^^^^^^^^^^^^^^^^^^^^^^^^^^^
  File "/opt/airflow/tasks/main_scrap.py", line 200, in extract_job_details
    time.sleep(random.uniform(5, 15))
  File "/home/airflow/.local/lib/python3.12/site-packages/airflow/models/taskinstance.py", line 3094, in signal_handler
    raise AirflowTaskTerminated("Task received SIGTERM signal")
airflow.exceptions.AirflowTaskTerminated: Task received SIGTERM signal
[2024-11-02T20:57:14.310+0000] {taskinstance.py:1225} INFO - Marking task as UP_FOR_RETRY. dag_id=job_scraping_pipeline, task_id=scrape_chunk_1, run_id=manual__2024-11-02T10:18:09.096740+00:00, execution_date=20241102T101809, start_date=20241102T205649, end_date=20241102T205714
[2024-11-02T20:57:14.322+0000] {taskinstance.py:340} INFO - ::group::Post task execution logs
[2024-11-02T20:57:14.351+0000] {process_utils.py:80} INFO - Process psutil.Process(pid=225, status='terminated', exitcode=2, started='20:56:48') (225) terminated with exit code 2
