[2024-11-02T21:01:15.446+0000] {local_task_job_runner.py:123} INFO - ::group::Pre task execution logs
[2024-11-02T21:01:15.458+0000] {taskinstance.py:2612} INFO - Dependencies all met for dep_context=non-requeueable deps ti=<TaskInstance: job_scraping_pipeline.scrape_chunk_0 manual__2024-11-02T20:55:10.512621+00:00 [queued]>
[2024-11-02T21:01:15.468+0000] {taskinstance.py:2612} INFO - Dependencies all met for dep_context=requeueable deps ti=<TaskInstance: job_scraping_pipeline.scrape_chunk_0 manual__2024-11-02T20:55:10.512621+00:00 [queued]>
[2024-11-02T21:01:15.468+0000] {taskinstance.py:2865} INFO - Starting attempt 1 of 4
[2024-11-02T21:01:15.486+0000] {taskinstance.py:2888} INFO - Executing <Task(PythonOperator): scrape_chunk_0> on 2024-11-02 20:55:10.512621+00:00
[2024-11-02T21:01:15.500+0000] {standard_task_runner.py:104} INFO - Running: ['airflow', 'tasks', 'run', 'job_scraping_pipeline', 'scrape_chunk_0', 'manual__2024-11-02T20:55:10.512621+00:00', '--job-id', '63', '--raw', '--subdir', 'DAGS_FOLDER/test.py', '--cfg-path', '/tmp/tmpr5qa5h_p']
[2024-11-02T21:01:15.503+0000] {standard_task_runner.py:105} INFO - Job 63: Subtask scrape_chunk_0
[2024-11-02T21:01:15.505+0000] {logging_mixin.py:190} WARNING - /home/airflow/.local/lib/python3.12/site-packages/airflow/task/task_runner/standard_task_runner.py:70 DeprecationWarning: This process (pid=288) is multi-threaded, use of fork() may lead to deadlocks in the child.
[2024-11-02T21:01:15.506+0000] {standard_task_runner.py:72} INFO - Started process 293 to run task
[2024-11-02T21:01:15.547+0000] {task_command.py:467} INFO - Running <TaskInstance: job_scraping_pipeline.scrape_chunk_0 manual__2024-11-02T20:55:10.512621+00:00 [running]> on host 6fb5d61061dc
[2024-11-02T21:01:15.639+0000] {taskinstance.py:3131} INFO - Exporting env vars: AIRFLOW_CTX_DAG_OWNER='airflow' AIRFLOW_CTX_DAG_ID='job_scraping_pipeline' AIRFLOW_CTX_TASK_ID='scrape_chunk_0' AIRFLOW_CTX_EXECUTION_DATE='2024-11-02T20:55:10.512621+00:00' AIRFLOW_CTX_TRY_NUMBER='1' AIRFLOW_CTX_DAG_RUN_ID='manual__2024-11-02T20:55:10.512621+00:00'
[2024-11-02T21:01:15.640+0000] {taskinstance.py:731} INFO - ::endgroup::
[2024-11-02T21:01:15.660+0000] {main_scrap.py:56} INFO - 初始化完成，輸出目錄: jobs_csv
[2024-11-02T21:01:15.660+0000] {main_scrap.py:94} INFO - 開始爬取關鍵字: 軟體工程師
[2024-11-02T21:01:15.661+0000] {main_scrap.py:77} INFO - 請求URL: https://www.104.com.tw/jobs/search/?ro=0&kwop=7&keyword=%E8%BB%9F%E9%AB%94%E5%B7%A5%E7%A8%8B%E5%B8%AB&order=15&asc=0&page=1&mode=s&jobsource=m_joblist_search&searchTempExclude=2
[2024-11-02T21:01:16.264+0000] {main_scrap.py:107} INFO - 開始爬取關鍵字: 軟體工程師, 共有：150 頁
[2024-11-02T21:01:16.272+0000] {logging_mixin.py:190} WARNING - 爬取 軟體工程師:   0%|          | 0/150 [00:00<?, ?it/s]
[2024-11-02T21:01:16.273+0000] {main_scrap.py:112} INFO - 頁面 1 延遲 16.08 秒
[2024-11-02T21:01:45.779+0000] {main_scrap.py:151} INFO - 職位詳情延遲 8.43 秒
[2024-11-02T21:02:03.653+0000] {main_scrap.py:151} INFO - 職位詳情延遲 14.10 秒
[2024-11-02T21:02:25.867+0000] {main_scrap.py:151} INFO - 職位詳情延遲 13.24 秒
[2024-11-02T21:02:53.217+0000] {main_scrap.py:151} INFO - 職位詳情延遲 7.97 秒
[2024-11-02T21:03:09.095+0000] {main_scrap.py:151} INFO - 職位詳情延遲 6.64 秒
[2024-11-02T21:03:21.713+0000] {main_scrap.py:151} INFO - 職位詳情延遲 17.67 秒
[2024-11-02T21:03:48.791+0000] {main_scrap.py:151} INFO - 職位詳情延遲 12.82 秒
[2024-11-02T21:04:12.052+0000] {main_scrap.py:151} INFO - 職位詳情延遲 8.99 秒
[2024-11-02T21:04:29.374+0000] {main_scrap.py:151} INFO - 職位詳情延遲 17.06 秒
[2024-11-02T21:04:54.397+0000] {main_scrap.py:151} INFO - 職位詳情延遲 19.81 秒
[2024-11-02T21:05:26.916+0000] {main_scrap.py:151} INFO - 職位詳情延遲 16.90 秒
[2024-11-02T21:05:57.545+0000] {main_scrap.py:151} INFO - 職位詳情延遲 10.59 秒
[2024-11-02T21:06:17.057+0000] {main_scrap.py:151} INFO - 職位詳情延遲 14.91 秒
[2024-11-02T21:06:41.234+0000] {main_scrap.py:151} INFO - 職位詳情延遲 13.00 秒
[2024-11-02T21:07:00.067+0000] {main_scrap.py:151} INFO - 職位詳情延遲 9.22 秒
[2024-11-02T21:07:20.442+0000] {main_scrap.py:151} INFO - 職位詳情延遲 18.76 秒
[2024-11-02T21:07:46.714+0000] {main_scrap.py:151} INFO - 職位詳情延遲 16.37 秒
[2024-11-02T21:08:08.607+0000] {main_scrap.py:151} INFO - 職位詳情延遲 16.78 秒
[2024-11-02T21:08:39.599+0000] {main_scrap.py:151} INFO - 職位詳情延遲 11.23 秒
[2024-11-02T21:09:06.136+0000] {main_scrap.py:151} INFO - 職位詳情延遲 14.82 秒
[2024-11-02T21:09:26.930+0000] {main_scrap.py:151} INFO - 職位詳情延遲 17.60 秒
[2024-11-02T21:09:59.833+0000] {main_scrap.py:151} INFO - 職位詳情延遲 10.27 秒
[2024-11-02T21:10:10.108+0000] {logging_mixin.py:190} WARNING - 爬取 軟體工程師:   1%|          | 1/150 [08:53<22:05:41, 533.83s/it]
[2024-11-02T21:10:10.108+0000] {main_scrap.py:112} INFO - 頁面 2 延遲 13.75 秒
[2024-11-02T21:10:30.598+0000] {local_task_job_runner.py:346} WARNING - State of this instance has been externally set to restarting. Terminating instance.
[2024-11-02T21:10:30.600+0000] {local_task_job_runner.py:245} INFO - ::endgroup::
[2024-11-02T21:10:30.601+0000] {process_utils.py:132} INFO - Sending 15 to group 293. PIDs of all processes in the group: [293]
[2024-11-02T21:10:30.601+0000] {process_utils.py:87} INFO - Sending the signal 15 to group 293
[2024-11-02T21:10:30.602+0000] {taskinstance.py:3092} ERROR - Received SIGTERM. Terminating subprocesses.
[2024-11-02T21:10:30.602+0000] {logging_mixin.py:190} WARNING - 爬取 軟體工程師:   1%|          | 1/150 [09:14<22:56:35, 554.33s/it]
[2024-11-02T21:10:30.608+0000] {taskinstance.py:3310} ERROR - Task failed with exception
Traceback (most recent call last):
  File "/home/airflow/.local/lib/python3.12/site-packages/airflow/models/taskinstance.py", line 762, in _execute_task
    result = _execute_callable(context=context, **execute_callable_kwargs)
             ^^^^^^^^^^^^^^^^^^^^^^^^^^^^^^^^^^^^^^^^^^^^^^^^^^^^^^^^^^^^^
  File "/home/airflow/.local/lib/python3.12/site-packages/airflow/models/taskinstance.py", line 733, in _execute_callable
    return ExecutionCallableRunner(
           ^^^^^^^^^^^^^^^^^^^^^^^^
  File "/home/airflow/.local/lib/python3.12/site-packages/airflow/utils/operator_helpers.py", line 252, in run
    return self.func(*args, **kwargs)
           ^^^^^^^^^^^^^^^^^^^^^^^^^^
  File "/home/airflow/.local/lib/python3.12/site-packages/airflow/models/baseoperator.py", line 406, in wrapper
    return func(self, *args, **kwargs)
           ^^^^^^^^^^^^^^^^^^^^^^^^^^^
  File "/home/airflow/.local/lib/python3.12/site-packages/airflow/operators/python.py", line 238, in execute
    return_value = self.execute_callable()
                   ^^^^^^^^^^^^^^^^^^^^^^^
  File "/home/airflow/.local/lib/python3.12/site-packages/airflow/operators/python.py", line 256, in execute_callable
    return runner.run(*self.op_args, **self.op_kwargs)
           ^^^^^^^^^^^^^^^^^^^^^^^^^^^^^^^^^^^^^^^^^^^
  File "/home/airflow/.local/lib/python3.12/site-packages/airflow/utils/operator_helpers.py", line 252, in run
    return self.func(*args, **kwargs)
           ^^^^^^^^^^^^^^^^^^^^^^^^^^
  File "/opt/airflow/tasks/main_scrap.py", line 264, in web_crawler
    scraper.scrape_jobs(key_txt)
  File "/opt/airflow/tasks/main_scrap.py", line 147, in scrape_jobs
    introduction, tools, skills, job_categories, major_requirement, other_requirements = self.extract_job_details(detail_soup)
                                                                                         ^^^^^^^^^^^^^^^^^^^^^^^^^^^^^^^^^^^^^
  File "/opt/airflow/tasks/main_scrap.py", line 200, in extract_job_details
    time.sleep(random.uniform(5, 15))
  File "/home/airflow/.local/lib/python3.12/site-packages/airflow/models/taskinstance.py", line 3094, in signal_handler
    raise AirflowTaskTerminated("Task received SIGTERM signal")
airflow.exceptions.AirflowTaskTerminated: Task received SIGTERM signal
[2024-11-02T21:10:30.613+0000] {taskinstance.py:1225} INFO - Marking task as UP_FOR_RETRY. dag_id=job_scraping_pipeline, task_id=scrape_chunk_0, run_id=manual__2024-11-02T20:55:10.512621+00:00, execution_date=20241102T205510, start_date=20241102T210115, end_date=20241102T211030
[2024-11-02T21:10:30.626+0000] {taskinstance.py:340} INFO - ::group::Post task execution logs
[2024-11-02T21:10:30.654+0000] {process_utils.py:80} INFO - Process psutil.Process(pid=293, status='terminated', exitcode=2, started='21:01:15') (293) terminated with exit code 2
