[2024-11-03T04:11:47.821+0000] {local_task_job_runner.py:123} INFO - ::group::Pre task execution logs
[2024-11-03T04:11:47.832+0000] {taskinstance.py:2612} INFO - Dependencies all met for dep_context=non-requeueable deps ti=<TaskInstance: job_scraping_pipeline.scrape_chunk_1 manual__2024-11-02T21:01:36.690915+00:00 [queued]>
[2024-11-03T04:11:47.842+0000] {taskinstance.py:2612} INFO - Dependencies all met for dep_context=requeueable deps ti=<TaskInstance: job_scraping_pipeline.scrape_chunk_1 manual__2024-11-02T21:01:36.690915+00:00 [queued]>
[2024-11-03T04:11:47.842+0000] {taskinstance.py:2865} INFO - Starting attempt 2 of 4
[2024-11-03T04:11:47.859+0000] {taskinstance.py:2888} INFO - Executing <Task(PythonOperator): scrape_chunk_1> on 2024-11-02 21:01:36.690915+00:00
[2024-11-03T04:11:47.873+0000] {standard_task_runner.py:104} INFO - Running: ['airflow', 'tasks', 'run', 'job_scraping_pipeline', 'scrape_chunk_1', 'manual__2024-11-02T21:01:36.690915+00:00', '--job-id', '76', '--raw', '--subdir', 'DAGS_FOLDER/test.py', '--cfg-path', '/tmp/tmp8rvnh2ld']
[2024-11-03T04:11:47.876+0000] {standard_task_runner.py:105} INFO - Job 76: Subtask scrape_chunk_1
[2024-11-03T04:11:47.878+0000] {logging_mixin.py:190} WARNING - /home/airflow/.local/lib/python3.12/site-packages/airflow/task/task_runner/standard_task_runner.py:70 DeprecationWarning: This process (pid=425) is multi-threaded, use of fork() may lead to deadlocks in the child.
[2024-11-03T04:11:47.879+0000] {standard_task_runner.py:72} INFO - Started process 430 to run task
[2024-11-03T04:11:47.921+0000] {task_command.py:467} INFO - Running <TaskInstance: job_scraping_pipeline.scrape_chunk_1 manual__2024-11-02T21:01:36.690915+00:00 [running]> on host 6fb5d61061dc
[2024-11-03T04:11:48.009+0000] {taskinstance.py:3131} INFO - Exporting env vars: AIRFLOW_CTX_DAG_OWNER='airflow' AIRFLOW_CTX_DAG_ID='job_scraping_pipeline' AIRFLOW_CTX_TASK_ID='scrape_chunk_1' AIRFLOW_CTX_EXECUTION_DATE='2024-11-02T21:01:36.690915+00:00' AIRFLOW_CTX_TRY_NUMBER='2' AIRFLOW_CTX_DAG_RUN_ID='manual__2024-11-02T21:01:36.690915+00:00'
[2024-11-03T04:11:48.010+0000] {taskinstance.py:731} INFO - ::endgroup::
[2024-11-03T04:11:48.029+0000] {main_scrap.py:56} INFO - 初始化完成，輸出目錄: jobs_csv
[2024-11-03T04:11:48.030+0000] {main_scrap.py:94} INFO - 開始爬取關鍵字: MES工程師
[2024-11-03T04:11:48.030+0000] {main_scrap.py:77} INFO - 請求URL: https://www.104.com.tw/jobs/search/?ro=0&kwop=7&keyword=MES%E5%B7%A5%E7%A8%8B%E5%B8%AB&order=15&asc=0&page=1&mode=s&jobsource=m_joblist_search&searchTempExclude=2
[2024-11-03T04:11:48.620+0000] {main_scrap.py:107} INFO - 開始爬取關鍵字: MES工程師, 共有：24 頁
[2024-11-03T04:11:48.627+0000] {logging_mixin.py:190} WARNING - 爬取 MES工程師:   0%|          | 0/24 [00:00<?, ?it/s]
[2024-11-03T04:11:48.627+0000] {main_scrap.py:112} INFO - 頁面 1 延遲 13.13 秒
[2024-11-03T04:12:09.701+0000] {main_scrap.py:151} INFO - 職位詳情延遲 12.33 秒
[2024-11-03T04:12:36.343+0000] {main_scrap.py:151} INFO - 職位詳情延遲 17.47 秒
[2024-11-03T04:13:03.522+0000] {main_scrap.py:151} INFO - 職位詳情延遲 16.26 秒
[2024-11-03T04:13:29.113+0000] {main_scrap.py:151} INFO - 職位詳情延遲 14.74 秒
[2024-11-03T04:13:58.356+0000] {main_scrap.py:151} INFO - 職位詳情延遲 13.43 秒
[2024-11-03T04:14:24.724+0000] {main_scrap.py:151} INFO - 職位詳情延遲 5.94 秒
[2024-11-03T04:14:38.918+0000] {main_scrap.py:151} INFO - 職位詳情延遲 7.79 秒
[2024-11-03T04:14:57.806+0000] {main_scrap.py:151} INFO - 職位詳情延遲 19.91 秒
[2024-11-03T04:15:32.121+0000] {main_scrap.py:151} INFO - 職位詳情延遲 17.64 秒
[2024-11-03T04:16:04.142+0000] {main_scrap.py:151} INFO - 職位詳情延遲 16.26 秒
[2024-11-03T04:16:26.481+0000] {main_scrap.py:151} INFO - 職位詳情延遲 13.27 秒
[2024-11-03T04:16:49.085+0000] {main_scrap.py:151} INFO - 職位詳情延遲 19.39 秒
[2024-11-03T04:17:20.059+0000] {main_scrap.py:151} INFO - 職位詳情延遲 15.79 秒
[2024-11-03T04:17:47.633+0000] {main_scrap.py:151} INFO - 職位詳情延遲 18.56 秒
[2024-11-03T04:18:21.567+0000] {main_scrap.py:151} INFO - 職位詳情延遲 5.55 秒
[2024-11-03T04:18:33.155+0000] {main_scrap.py:151} INFO - 職位詳情延遲 10.00 秒
[2024-11-03T04:18:51.708+0000] {main_scrap.py:151} INFO - 職位詳情延遲 15.10 秒
[2024-11-03T04:19:22.170+0000] {main_scrap.py:151} INFO - 職位詳情延遲 9.71 秒
[2024-11-03T04:19:38.401+0000] {main_scrap.py:151} INFO - 職位詳情延遲 14.28 秒
[2024-11-03T04:20:01.618+0000] {main_scrap.py:151} INFO - 職位詳情延遲 12.45 秒
[2024-11-03T04:20:14.073+0000] {logging_mixin.py:190} WARNING - 爬取 MES工程師:   4%|4         | 1/24 [08:25<3:13:45, 505.45s/it]
[2024-11-03T04:20:14.073+0000] {main_scrap.py:112} INFO - 頁面 2 延遲 19.45 秒
[2024-11-03T04:20:44.086+0000] {main_scrap.py:151} INFO - 職位詳情延遲 19.27 秒
[2024-11-03T04:21:09.701+0000] {main_scrap.py:151} INFO - 職位詳情延遲 13.11 秒
[2024-11-03T04:21:32.814+0000] {main_scrap.py:151} INFO - 職位詳情延遲 10.09 秒
[2024-11-03T04:21:52.931+0000] {main_scrap.py:151} INFO - 職位詳情延遲 8.08 秒
[2024-11-03T04:22:14.590+0000] {main_scrap.py:151} INFO - 職位詳情延遲 18.25 秒
[2024-11-03T04:22:47.176+0000] {main_scrap.py:151} INFO - 職位詳情延遲 8.86 秒
[2024-11-03T04:23:11.113+0000] {main_scrap.py:151} INFO - 職位詳情延遲 8.54 秒
[2024-11-03T04:23:31.251+0000] {main_scrap.py:151} INFO - 職位詳情延遲 11.02 秒
[2024-11-03T04:23:51.103+0000] {main_scrap.py:151} INFO - 職位詳情延遲 7.29 秒
[2024-11-03T04:24:05.167+0000] {main_scrap.py:151} INFO - 職位詳情延遲 7.67 秒
[2024-11-03T04:24:25.952+0000] {main_scrap.py:151} INFO - 職位詳情延遲 7.29 秒
[2024-11-03T04:24:47.356+0000] {main_scrap.py:151} INFO - 職位詳情延遲 8.69 秒
[2024-11-03T04:25:07.593+0000] {main_scrap.py:151} INFO - 職位詳情延遲 8.61 秒
[2024-11-03T04:25:23.723+0000] {main_scrap.py:151} INFO - 職位詳情延遲 6.49 秒
[2024-11-03T04:25:45.095+0000] {main_scrap.py:151} INFO - 職位詳情延遲 10.99 秒
[2024-11-03T04:26:01.980+0000] {main_scrap.py:151} INFO - 職位詳情延遲 11.58 秒
[2024-11-03T04:26:21.100+0000] {main_scrap.py:151} INFO - 職位詳情延遲 8.19 秒
[2024-11-03T04:26:38.183+0000] {main_scrap.py:151} INFO - 職位詳情延遲 5.03 秒
[2024-11-03T04:26:49.797+0000] {main_scrap.py:151} INFO - 職位詳情延遲 13.57 秒
[2024-11-03T04:27:14.721+0000] {main_scrap.py:151} INFO - 職位詳情延遲 10.34 秒
[2024-11-03T04:27:25.067+0000] {logging_mixin.py:190} WARNING - 爬取 MES工程師:   8%|8         | 2/24 [15:36<2:49:16, 461.65s/it]
[2024-11-03T04:27:25.067+0000] {main_scrap.py:112} INFO - 頁面 3 延遲 10.00 秒
[2024-11-03T04:27:42.924+0000] {main_scrap.py:151} INFO - 職位詳情延遲 9.59 秒
[2024-11-03T04:28:07.416+0000] {main_scrap.py:151} INFO - 職位詳情延遲 9.33 秒
[2024-11-03T04:28:25.576+0000] {main_scrap.py:151} INFO - 職位詳情延遲 18.70 秒
[2024-11-03T04:28:49.774+0000] {main_scrap.py:151} INFO - 職位詳情延遲 17.62 秒
[2024-11-03T04:29:13.130+0000] {main_scrap.py:151} INFO - 職位詳情延遲 16.66 秒
[2024-11-03T04:29:41.968+0000] {main_scrap.py:151} INFO - 職位詳情延遲 13.97 秒
[2024-11-03T04:30:02.104+0000] {main_scrap.py:151} INFO - 職位詳情延遲 9.22 秒
[2024-11-03T04:30:18.070+0000] {main_scrap.py:151} INFO - 職位詳情延遲 7.59 秒
[2024-11-03T04:30:37.587+0000] {main_scrap.py:151} INFO - 職位詳情延遲 5.24 秒
[2024-11-03T04:30:50.873+0000] {main_scrap.py:151} INFO - 職位詳情延遲 6.16 秒
[2024-11-03T04:31:04.577+0000] {main_scrap.py:151} INFO - 職位詳情延遲 16.04 秒
[2024-11-03T04:31:32.207+0000] {main_scrap.py:151} INFO - 職位詳情延遲 10.86 秒
[2024-11-03T04:31:54.923+0000] {main_scrap.py:151} INFO - 職位詳情延遲 10.82 秒
[2024-11-03T04:32:16.444+0000] {main_scrap.py:151} INFO - 職位詳情延遲 15.67 秒
[2024-11-03T04:32:39.931+0000] {main_scrap.py:151} INFO - 職位詳情延遲 12.93 秒
[2024-11-03T04:33:04.854+0000] {main_scrap.py:151} INFO - 職位詳情延遲 7.84 秒
[2024-11-03T04:33:21.707+0000] {main_scrap.py:151} INFO - 職位詳情延遲 6.06 秒
[2024-11-03T04:33:34.219+0000] {main_scrap.py:151} INFO - 職位詳情延遲 14.24 秒
[2024-11-03T04:33:59.910+0000] {main_scrap.py:151} INFO - 職位詳情延遲 10.25 秒
[2024-11-03T04:34:16.659+0000] {main_scrap.py:151} INFO - 職位詳情延遲 12.46 秒
[2024-11-03T04:34:29.117+0000] {logging_mixin.py:190} WARNING - 爬取 MES工程師:  12%|#2        | 3/24 [22:40<2:35:34, 444.48s/it]
[2024-11-03T04:34:29.117+0000] {main_scrap.py:112} INFO - 頁面 4 延遲 10.02 秒
[2024-11-03T04:34:50.417+0000] {main_scrap.py:151} INFO - 職位詳情延遲 19.77 秒
[2024-11-03T04:35:24.710+0000] {main_scrap.py:151} INFO - 職位詳情延遲 9.91 秒
[2024-11-03T04:35:48.003+0000] {main_scrap.py:151} INFO - 職位詳情延遲 10.81 秒
[2024-11-03T04:36:05.152+0000] {main_scrap.py:151} INFO - 職位詳情延遲 9.17 秒
[2024-11-03T04:36:22.224+0000] {main_scrap.py:151} INFO - 職位詳情延遲 9.67 秒
[2024-11-03T04:36:39.827+0000] {main_scrap.py:151} INFO - 職位詳情延遲 8.18 秒
[2024-11-03T04:36:55.985+0000] {main_scrap.py:151} INFO - 職位詳情延遲 19.46 秒
[2024-11-03T04:37:27.916+0000] {main_scrap.py:151} INFO - 職位詳情延遲 17.04 秒
[2024-11-03T04:37:50.900+0000] {main_scrap.py:151} INFO - 職位詳情延遲 12.03 秒
[2024-11-03T04:38:14.604+0000] {main_scrap.py:151} INFO - 職位詳情延遲 18.49 秒
[2024-11-03T04:38:47.816+0000] {main_scrap.py:151} INFO - 職位詳情延遲 16.19 秒
[2024-11-03T04:39:16.980+0000] {main_scrap.py:151} INFO - 職位詳情延遲 16.88 秒
[2024-11-03T04:39:46.050+0000] {main_scrap.py:151} INFO - 職位詳情延遲 8.65 秒
[2024-11-03T04:40:05.615+0000] {main_scrap.py:151} INFO - 職位詳情延遲 6.58 秒
[2024-11-03T04:40:26.174+0000] {main_scrap.py:151} INFO - 職位詳情延遲 13.36 秒
[2024-11-03T04:40:53.138+0000] {main_scrap.py:151} INFO - 職位詳情延遲 18.66 秒
[2024-11-03T04:41:24.380+0000] {main_scrap.py:151} INFO - 職位詳情延遲 9.20 秒
[2024-11-03T04:41:48.105+0000] {main_scrap.py:151} INFO - 職位詳情延遲 15.32 秒
[2024-11-03T04:42:14.089+0000] {main_scrap.py:151} INFO - 職位詳情延遲 10.39 秒
[2024-11-03T04:42:33.047+0000] {main_scrap.py:151} INFO - 職位詳情延遲 7.11 秒
[2024-11-03T04:42:40.158+0000] {logging_mixin.py:190} WARNING - 爬取 MES工程師:  17%|#6        | 4/24 [30:51<2:34:17, 462.86s/it]
[2024-11-03T04:42:40.158+0000] {main_scrap.py:112} INFO - 頁面 5 延遲 17.05 秒
[2024-11-03T04:43:03.873+0000] {main_scrap.py:151} INFO - 職位詳情延遲 18.34 秒
[2024-11-03T04:43:35.654+0000] {main_scrap.py:151} INFO - 職位詳情延遲 7.99 秒
[2024-11-03T04:43:51.633+0000] {main_scrap.py:151} INFO - 職位詳情延遲 17.30 秒
[2024-11-03T04:44:15.417+0000] {main_scrap.py:151} INFO - 職位詳情延遲 10.89 秒
[2024-11-03T04:44:35.635+0000] {main_scrap.py:151} INFO - 職位詳情延遲 15.63 秒
[2024-11-03T04:44:58.199+0000] {main_scrap.py:151} INFO - 職位詳情延遲 8.62 秒
[2024-11-03T04:45:19.944+0000] {main_scrap.py:151} INFO - 職位詳情延遲 11.20 秒
[2024-11-03T04:45:42.501+0000] {main_scrap.py:151} INFO - 職位詳情延遲 16.38 秒
[2024-11-03T04:46:11.682+0000] {main_scrap.py:151} INFO - 職位詳情延遲 18.03 秒
[2024-11-03T04:46:36.921+0000] {main_scrap.py:151} INFO - 職位詳情延遲 16.38 秒
[2024-11-03T04:46:59.288+0000] {main_scrap.py:151} INFO - 職位詳情延遲 14.19 秒
[2024-11-03T04:47:19.185+0000] {main_scrap.py:151} INFO - 職位詳情延遲 12.21 秒
[2024-11-03T04:47:46.133+0000] {main_scrap.py:151} INFO - 職位詳情延遲 11.38 秒
[2024-11-03T04:48:12.409+0000] {main_scrap.py:151} INFO - 職位詳情延遲 13.61 秒
[2024-11-03T04:48:37.404+0000] {main_scrap.py:151} INFO - 職位詳情延遲 8.37 秒
[2024-11-03T04:48:51.856+0000] {main_scrap.py:151} INFO - 職位詳情延遲 9.31 秒
[2024-11-03T04:49:07.359+0000] {main_scrap.py:151} INFO - 職位詳情延遲 5.52 秒
[2024-11-03T04:49:20.247+0000] {main_scrap.py:151} INFO - 職位詳情延遲 7.37 秒
[2024-11-03T04:49:34.129+0000] {main_scrap.py:151} INFO - 職位詳情延遲 13.97 秒
[2024-11-03T04:49:56.755+0000] {main_scrap.py:151} INFO - 職位詳情延遲 19.81 秒
[2024-11-03T04:50:16.570+0000] {logging_mixin.py:190} WARNING - 爬取 MES工程師:  21%|##        | 5/24 [38:27<2:25:50, 460.54s/it]
[2024-11-03T04:50:16.571+0000] {main_scrap.py:112} INFO - 頁面 6 延遲 15.69 秒
[2024-11-03T04:50:43.356+0000] {main_scrap.py:151} INFO - 職位詳情延遲 17.05 秒
[2024-11-03T04:51:10.020+0000] {main_scrap.py:151} INFO - 職位詳情延遲 10.63 秒
[2024-11-03T04:51:30.797+0000] {main_scrap.py:151} INFO - 職位詳情延遲 6.40 秒
[2024-11-03T04:51:48.085+0000] {main_scrap.py:151} INFO - 職位詳情延遲 12.88 秒
[2024-11-03T04:52:10.128+0000] {main_scrap.py:151} INFO - 職位詳情延遲 18.14 秒
[2024-11-03T04:52:37.040+0000] {main_scrap.py:151} INFO - 職位詳情延遲 7.49 秒
[2024-11-03T04:52:53.178+0000] {main_scrap.py:151} INFO - 職位詳情延遲 7.80 秒
[2024-11-03T04:53:07.928+0000] {main_scrap.py:151} INFO - 職位詳情延遲 14.28 秒
[2024-11-03T04:53:31.891+0000] {main_scrap.py:151} INFO - 職位詳情延遲 16.02 秒
[2024-11-03T04:53:54.952+0000] {main_scrap.py:151} INFO - 職位詳情延遲 16.91 秒
[2024-11-03T04:54:21.722+0000] {main_scrap.py:151} INFO - 職位詳情延遲 16.22 秒
[2024-11-03T04:54:46.439+0000] {main_scrap.py:151} INFO - 職位詳情延遲 10.28 秒
[2024-11-03T04:55:09.243+0000] {main_scrap.py:151} INFO - 職位詳情延遲 7.28 秒
[2024-11-03T04:55:23.322+0000] {main_scrap.py:151} INFO - 職位詳情延遲 11.53 秒
[2024-11-03T04:55:50.277+0000] {main_scrap.py:151} INFO - 職位詳情延遲 10.70 秒
[2024-11-03T04:56:13.313+0000] {main_scrap.py:151} INFO - 職位詳情延遲 7.42 秒
[2024-11-03T04:56:29.711+0000] {main_scrap.py:151} INFO - 職位詳情延遲 17.71 秒
[2024-11-03T04:57:01.166+0000] {main_scrap.py:151} INFO - 職位詳情延遲 7.56 秒
[2024-11-03T04:57:14.344+0000] {main_scrap.py:151} INFO - 職位詳情延遲 6.85 秒
[2024-11-03T04:57:32.960+0000] {main_scrap.py:151} INFO - 職位詳情延遲 11.82 秒
[2024-11-03T04:57:44.783+0000] {logging_mixin.py:190} WARNING - 爬取 MES工程師:  25%|##5       | 6/24 [45:56<2:16:54, 456.35s/it]
[2024-11-03T04:57:44.784+0000] {main_scrap.py:112} INFO - 頁面 7 延遲 19.78 秒
[2024-11-03T04:58:20.351+0000] {main_scrap.py:151} INFO - 職位詳情延遲 17.64 秒
[2024-11-03T04:58:48.583+0000] {main_scrap.py:151} INFO - 職位詳情延遲 8.73 秒
[2024-11-03T04:59:11.790+0000] {main_scrap.py:151} INFO - 職位詳情延遲 14.66 秒
[2024-11-03T04:59:34.328+0000] {main_scrap.py:151} INFO - 職位詳情延遲 7.84 秒
[2024-11-03T04:59:47.694+0000] {main_scrap.py:151} INFO - 職位詳情延遲 7.61 秒
[2024-11-03T05:00:04.612+0000] {main_scrap.py:151} INFO - 職位詳情延遲 12.34 秒
[2024-11-03T05:00:25.927+0000] {main_scrap.py:151} INFO - 職位詳情延遲 12.44 秒
[2024-11-03T05:00:50.897+0000] {main_scrap.py:151} INFO - 職位詳情延遲 19.70 秒
[2024-11-03T05:01:24.581+0000] {main_scrap.py:151} INFO - 職位詳情延遲 13.35 秒
[2024-11-03T05:01:47.659+0000] {main_scrap.py:151} INFO - 職位詳情延遲 10.43 秒
[2024-11-03T05:02:13.442+0000] {main_scrap.py:151} INFO - 職位詳情延遲 10.26 秒
[2024-11-03T05:02:34.646+0000] {main_scrap.py:151} INFO - 職位詳情延遲 17.48 秒
[2024-11-03T05:02:57.558+0000] {main_scrap.py:151} INFO - 職位詳情延遲 11.61 秒
[2024-11-03T05:03:15.141+0000] {main_scrap.py:151} INFO - 職位詳情延遲 5.07 秒
[2024-11-03T05:03:35.100+0000] {main_scrap.py:151} INFO - 職位詳情延遲 18.89 秒
[2024-11-03T05:04:07.144+0000] {main_scrap.py:151} INFO - 職位詳情延遲 16.07 秒
[2024-11-03T05:04:32.146+0000] {main_scrap.py:151} INFO - 職位詳情延遲 15.07 秒
[2024-11-03T05:04:54.036+0000] {main_scrap.py:151} INFO - 職位詳情延遲 8.41 秒
[2024-11-03T05:05:16.641+0000] {main_scrap.py:151} INFO - 職位詳情延遲 14.03 秒
[2024-11-03T05:05:36.963+0000] {main_scrap.py:151} INFO - 職位詳情延遲 17.18 秒
[2024-11-03T05:05:54.140+0000] {logging_mixin.py:190} WARNING - 爬取 MES工程師:  29%|##9       | 7/24 [54:05<2:12:21, 467.14s/it]
[2024-11-03T05:05:54.141+0000] {main_scrap.py:112} INFO - 頁面 8 延遲 18.40 秒
[2024-11-03T05:06:25.076+0000] {main_scrap.py:151} INFO - 職位詳情延遲 7.10 秒
[2024-11-03T05:06:45.365+0000] {main_scrap.py:151} INFO - 職位詳情延遲 12.16 秒
[2024-11-03T05:07:10.590+0000] {main_scrap.py:151} INFO - 職位詳情延遲 5.80 秒
[2024-11-03T05:07:26.494+0000] {main_scrap.py:151} INFO - 職位詳情延遲 11.01 秒
[2024-11-03T05:07:45.271+0000] {main_scrap.py:151} INFO - 職位詳情延遲 5.59 秒
[2024-11-03T05:07:59.137+0000] {main_scrap.py:151} INFO - 職位詳情延遲 7.40 秒
[2024-11-03T05:08:19.745+0000] {main_scrap.py:151} INFO - 職位詳情延遲 16.31 秒
[2024-11-03T05:08:41.762+0000] {main_scrap.py:151} INFO - 職位詳情延遲 8.68 秒
[2024-11-03T05:09:04.570+0000] {main_scrap.py:151} INFO - 職位詳情延遲 14.31 秒
[2024-11-03T05:09:26.410+0000] {main_scrap.py:151} INFO - 職位詳情延遲 7.64 秒
[2024-11-03T05:09:48.510+0000] {main_scrap.py:151} INFO - 職位詳情延遲 6.90 秒
[2024-11-03T05:10:07.775+0000] {main_scrap.py:151} INFO - 職位詳情延遲 16.91 秒
[2024-11-03T05:10:30.816+0000] {main_scrap.py:151} INFO - 職位詳情延遲 16.70 秒
[2024-11-03T05:10:55.154+0000] {main_scrap.py:151} INFO - 職位詳情延遲 14.98 秒
[2024-11-03T05:11:19.125+0000] {main_scrap.py:151} INFO - 職位詳情延遲 7.16 秒
[2024-11-03T05:11:37.792+0000] {main_scrap.py:151} INFO - 職位詳情延遲 8.93 秒
[2024-11-03T05:11:48.010+0000] {timeout.py:68} ERROR - Process timed out, PID: 430
[2024-11-03T05:11:48.011+0000] {logging_mixin.py:190} WARNING - 爬取 MES工程師:  29%|##9       | 7/24 [59:59<2:25:41, 514.20s/it]
[2024-11-03T05:11:48.017+0000] {taskinstance.py:3310} ERROR - Task failed with exception
Traceback (most recent call last):
  File "/home/airflow/.local/lib/python3.12/site-packages/airflow/models/taskinstance.py", line 762, in _execute_task
    result = _execute_callable(context=context, **execute_callable_kwargs)
             ^^^^^^^^^^^^^^^^^^^^^^^^^^^^^^^^^^^^^^^^^^^^^^^^^^^^^^^^^^^^^
  File "/home/airflow/.local/lib/python3.12/site-packages/airflow/models/taskinstance.py", line 733, in _execute_callable
    return ExecutionCallableRunner(
           ^^^^^^^^^^^^^^^^^^^^^^^^
  File "/home/airflow/.local/lib/python3.12/site-packages/airflow/utils/operator_helpers.py", line 252, in run
    return self.func(*args, **kwargs)
           ^^^^^^^^^^^^^^^^^^^^^^^^^^
  File "/home/airflow/.local/lib/python3.12/site-packages/airflow/models/baseoperator.py", line 406, in wrapper
    return func(self, *args, **kwargs)
           ^^^^^^^^^^^^^^^^^^^^^^^^^^^
  File "/home/airflow/.local/lib/python3.12/site-packages/airflow/operators/python.py", line 238, in execute
    return_value = self.execute_callable()
                   ^^^^^^^^^^^^^^^^^^^^^^^
  File "/home/airflow/.local/lib/python3.12/site-packages/airflow/operators/python.py", line 256, in execute_callable
    return runner.run(*self.op_args, **self.op_kwargs)
           ^^^^^^^^^^^^^^^^^^^^^^^^^^^^^^^^^^^^^^^^^^^
  File "/home/airflow/.local/lib/python3.12/site-packages/airflow/utils/operator_helpers.py", line 252, in run
    return self.func(*args, **kwargs)
           ^^^^^^^^^^^^^^^^^^^^^^^^^^
  File "/opt/airflow/tasks/main_scrap.py", line 264, in web_crawler
    scraper.scrape_jobs(key_txt)
  File "/opt/airflow/tasks/main_scrap.py", line 147, in scrape_jobs
    introduction, tools, skills, job_categories, major_requirement, other_requirements = self.extract_job_details(detail_soup)
                                                                                         ^^^^^^^^^^^^^^^^^^^^^^^^^^^^^^^^^^^^^
  File "/opt/airflow/tasks/main_scrap.py", line 200, in extract_job_details
    time.sleep(random.uniform(5, 15))
  File "/home/airflow/.local/lib/python3.12/site-packages/airflow/utils/timeout.py", line 69, in handle_timeout
    raise AirflowTaskTimeout(self.error_message)
airflow.exceptions.AirflowTaskTimeout: Timeout, PID: 430
[2024-11-03T05:11:48.025+0000] {taskinstance.py:1225} INFO - Marking task as UP_FOR_RETRY. dag_id=job_scraping_pipeline, task_id=scrape_chunk_1, run_id=manual__2024-11-02T21:01:36.690915+00:00, execution_date=20241102T210136, start_date=20241103T041147, end_date=20241103T051148
[2024-11-03T05:11:48.043+0000] {taskinstance.py:340} INFO - ::group::Post task execution logs
[2024-11-03T05:11:48.072+0000] {local_task_job_runner.py:266} INFO - Task exited with return code 2
[2024-11-03T05:11:48.095+0000] {taskinstance.py:3900} INFO - 0 downstream tasks scheduled from follow-on schedule check
[2024-11-03T05:11:48.096+0000] {local_task_job_runner.py:245} INFO - ::endgroup::
