[2024-11-02T22:11:16.250+0000] {local_task_job_runner.py:123} INFO - ::group::Pre task execution logs
[2024-11-02T22:11:16.262+0000] {taskinstance.py:2612} INFO - Dependencies all met for dep_context=non-requeueable deps ti=<TaskInstance: job_scraping_pipeline.scrape_chunk_1 manual__2024-11-02T21:01:36.690915+00:00 [queued]>
[2024-11-02T22:11:16.271+0000] {taskinstance.py:2612} INFO - Dependencies all met for dep_context=requeueable deps ti=<TaskInstance: job_scraping_pipeline.scrape_chunk_1 manual__2024-11-02T21:01:36.690915+00:00 [queued]>
[2024-11-02T22:11:16.272+0000] {taskinstance.py:2865} INFO - Starting attempt 1 of 4
[2024-11-02T22:11:16.289+0000] {taskinstance.py:2888} INFO - Executing <Task(PythonOperator): scrape_chunk_1> on 2024-11-02 21:01:36.690915+00:00
[2024-11-02T22:11:16.303+0000] {standard_task_runner.py:104} INFO - Running: ['airflow', 'tasks', 'run', 'job_scraping_pipeline', 'scrape_chunk_1', 'manual__2024-11-02T21:01:36.690915+00:00', '--job-id', '70', '--raw', '--subdir', 'DAGS_FOLDER/test.py', '--cfg-path', '/tmp/tmpdaj04gem']
[2024-11-02T22:11:16.307+0000] {standard_task_runner.py:105} INFO - Job 70: Subtask scrape_chunk_1
[2024-11-02T22:11:16.308+0000] {logging_mixin.py:190} WARNING - /home/airflow/.local/lib/python3.12/site-packages/airflow/task/task_runner/standard_task_runner.py:70 DeprecationWarning: This process (pid=336) is multi-threaded, use of fork() may lead to deadlocks in the child.
[2024-11-02T22:11:16.309+0000] {standard_task_runner.py:72} INFO - Started process 341 to run task
[2024-11-02T22:11:16.351+0000] {task_command.py:467} INFO - Running <TaskInstance: job_scraping_pipeline.scrape_chunk_1 manual__2024-11-02T21:01:36.690915+00:00 [running]> on host 6fb5d61061dc
[2024-11-02T22:11:16.440+0000] {taskinstance.py:3131} INFO - Exporting env vars: AIRFLOW_CTX_DAG_OWNER='airflow' AIRFLOW_CTX_DAG_ID='job_scraping_pipeline' AIRFLOW_CTX_TASK_ID='scrape_chunk_1' AIRFLOW_CTX_EXECUTION_DATE='2024-11-02T21:01:36.690915+00:00' AIRFLOW_CTX_TRY_NUMBER='1' AIRFLOW_CTX_DAG_RUN_ID='manual__2024-11-02T21:01:36.690915+00:00'
[2024-11-02T22:11:16.442+0000] {taskinstance.py:731} INFO - ::endgroup::
[2024-11-02T22:11:16.463+0000] {main_scrap.py:56} INFO - 初始化完成，輸出目錄: jobs_csv
[2024-11-02T22:11:16.464+0000] {main_scrap.py:94} INFO - 開始爬取關鍵字: MES工程師
[2024-11-02T22:11:16.464+0000] {main_scrap.py:77} INFO - 請求URL: https://www.104.com.tw/jobs/search/?ro=0&kwop=7&keyword=MES%E5%B7%A5%E7%A8%8B%E5%B8%AB&order=15&asc=0&page=1&mode=s&jobsource=m_joblist_search&searchTempExclude=2
[2024-11-02T22:11:17.035+0000] {main_scrap.py:107} INFO - 開始爬取關鍵字: MES工程師, 共有：24 頁
[2024-11-02T22:11:17.042+0000] {logging_mixin.py:190} WARNING - 爬取 MES工程師:   0%|          | 0/24 [00:00<?, ?it/s]
[2024-11-02T22:11:17.043+0000] {main_scrap.py:112} INFO - 頁面 1 延遲 12.43 秒
[2024-11-02T22:11:39.953+0000] {main_scrap.py:151} INFO - 職位詳情延遲 15.51 秒
[2024-11-02T22:12:08.601+0000] {main_scrap.py:151} INFO - 職位詳情延遲 11.84 秒
[2024-11-02T22:12:33.023+0000] {main_scrap.py:151} INFO - 職位詳情延遲 17.74 秒
[2024-11-02T22:13:00.728+0000] {main_scrap.py:151} INFO - 職位詳情延遲 9.11 秒
[2024-11-02T22:13:16.853+0000] {main_scrap.py:151} INFO - 職位詳情延遲 17.62 秒
[2024-11-02T22:13:47.446+0000] {main_scrap.py:151} INFO - 職位詳情延遲 18.62 秒
[2024-11-02T22:14:16.830+0000] {main_scrap.py:151} INFO - 職位詳情延遲 15.12 秒
[2024-11-02T22:14:41.454+0000] {main_scrap.py:151} INFO - 職位詳情延遲 11.48 秒
[2024-11-02T22:15:04.951+0000] {main_scrap.py:151} INFO - 職位詳情延遲 12.97 秒
[2024-11-02T22:15:32.988+0000] {main_scrap.py:151} INFO - 職位詳情延遲 16.20 秒
[2024-11-02T22:15:58.759+0000] {main_scrap.py:151} INFO - 職位詳情延遲 5.99 秒
[2024-11-02T22:16:16.713+0000] {main_scrap.py:151} INFO - 職位詳情延遲 11.97 秒
[2024-11-02T22:16:38.272+0000] {main_scrap.py:151} INFO - 職位詳情延遲 10.02 秒
[2024-11-02T22:16:59.787+0000] {main_scrap.py:151} INFO - 職位詳情延遲 6.64 秒
[2024-11-02T22:17:19.013+0000] {main_scrap.py:151} INFO - 職位詳情延遲 14.00 秒
[2024-11-02T22:17:43.828+0000] {main_scrap.py:151} INFO - 職位詳情延遲 9.48 秒
[2024-11-02T22:18:08.194+0000] {main_scrap.py:151} INFO - 職位詳情延遲 11.16 秒
[2024-11-02T22:18:30.986+0000] {main_scrap.py:151} INFO - 職位詳情延遲 17.56 秒
[2024-11-02T22:18:55.279+0000] {main_scrap.py:151} INFO - 職位詳情延遲 16.39 秒
[2024-11-02T22:19:18.190+0000] {main_scrap.py:151} INFO - 職位詳情延遲 6.50 秒
[2024-11-02T22:19:24.693+0000] {logging_mixin.py:190} WARNING - 爬取 MES工程師:   4%|4         | 1/24 [08:07<3:06:55, 487.65s/it]
[2024-11-02T22:19:24.694+0000] {main_scrap.py:112} INFO - 頁面 2 延遲 12.94 秒
[2024-11-02T22:19:54.989+0000] {main_scrap.py:151} INFO - 職位詳情延遲 16.24 秒
[2024-11-02T22:20:24.599+0000] {main_scrap.py:151} INFO - 職位詳情延遲 17.24 秒
[2024-11-02T22:20:56.812+0000] {main_scrap.py:151} INFO - 職位詳情延遲 11.82 秒
[2024-11-02T22:21:16.831+0000] {main_scrap.py:151} INFO - 職位詳情延遲 13.18 秒
[2024-11-02T22:21:46.835+0000] {main_scrap.py:151} INFO - 職位詳情延遲 11.75 秒
[2024-11-02T22:22:07.531+0000] {main_scrap.py:151} INFO - 職位詳情延遲 16.16 秒
[2024-11-02T22:22:31.671+0000] {main_scrap.py:151} INFO - 職位詳情延遲 10.89 秒
[2024-11-02T22:22:56.749+0000] {main_scrap.py:151} INFO - 職位詳情延遲 16.32 秒
[2024-11-02T22:23:20.364+0000] {main_scrap.py:151} INFO - 職位詳情延遲 6.90 秒
[2024-11-02T22:23:37.527+0000] {main_scrap.py:151} INFO - 職位詳情延遲 14.70 秒
[2024-11-02T22:24:04.468+0000] {main_scrap.py:151} INFO - 職位詳情延遲 17.38 秒
[2024-11-02T22:24:33.461+0000] {main_scrap.py:151} INFO - 職位詳情延遲 16.03 秒
[2024-11-02T22:25:02.744+0000] {main_scrap.py:151} INFO - 職位詳情延遲 5.74 秒
[2024-11-02T22:25:15.041+0000] {main_scrap.py:151} INFO - 職位詳情延遲 7.61 秒
[2024-11-02T22:25:36.523+0000] {main_scrap.py:151} INFO - 職位詳情延遲 12.84 秒
[2024-11-02T22:25:58.694+0000] {main_scrap.py:151} INFO - 職位詳情延遲 5.61 秒
[2024-11-02T22:26:13.478+0000] {main_scrap.py:151} INFO - 職位詳情延遲 10.63 秒
[2024-11-02T22:26:34.044+0000] {main_scrap.py:151} INFO - 職位詳情延遲 14.28 秒
[2024-11-02T22:26:56.615+0000] {main_scrap.py:151} INFO - 職位詳情延遲 14.34 秒
[2024-11-02T22:27:19.273+0000] {main_scrap.py:151} INFO - 職位詳情延遲 17.81 秒
[2024-11-02T22:27:37.083+0000] {logging_mixin.py:190} WARNING - 爬取 MES工程師:   8%|8         | 2/24 [16:20<2:59:49, 490.44s/it]
[2024-11-02T22:27:37.084+0000] {main_scrap.py:112} INFO - 頁面 3 延遲 16.99 秒
[2024-11-02T22:28:11.136+0000] {main_scrap.py:151} INFO - 職位詳情延遲 9.17 秒
[2024-11-02T22:28:30.604+0000] {main_scrap.py:151} INFO - 職位詳情延遲 7.52 秒
[2024-11-02T22:28:54.224+0000] {main_scrap.py:151} INFO - 職位詳情延遲 18.81 秒
[2024-11-02T22:29:23.784+0000] {main_scrap.py:151} INFO - 職位詳情延遲 9.95 秒
[2024-11-02T22:29:40.453+0000] {main_scrap.py:151} INFO - 職位詳情延遲 18.37 秒
[2024-11-02T22:30:12.292+0000] {main_scrap.py:151} INFO - 職位詳情延遲 18.67 秒
[2024-11-02T22:30:45.225+0000] {main_scrap.py:151} INFO - 職位詳情延遲 15.64 秒
[2024-11-02T22:31:10.928+0000] {main_scrap.py:151} INFO - 職位詳情延遲 19.07 秒
[2024-11-02T22:31:44.715+0000] {main_scrap.py:151} INFO - 職位詳情延遲 14.86 秒
[2024-11-02T22:32:12.823+0000] {main_scrap.py:151} INFO - 職位詳情延遲 11.80 秒
[2024-11-02T22:32:35.433+0000] {main_scrap.py:151} INFO - 職位詳情延遲 9.63 秒
[2024-11-02T22:32:54.420+0000] {main_scrap.py:151} INFO - 職位詳情延遲 12.65 秒
[2024-11-02T22:33:20.824+0000] {main_scrap.py:151} INFO - 職位詳情延遲 18.86 秒
[2024-11-02T22:33:46.072+0000] {main_scrap.py:151} INFO - 職位詳情延遲 15.90 秒
[2024-11-02T22:34:15.845+0000] {main_scrap.py:151} INFO - 職位詳情延遲 10.25 秒
[2024-11-02T22:34:35.558+0000] {main_scrap.py:151} INFO - 職位詳情延遲 13.29 秒
[2024-11-02T22:34:57.496+0000] {main_scrap.py:151} INFO - 職位詳情延遲 7.20 秒
[2024-11-02T22:35:15.805+0000] {main_scrap.py:151} INFO - 職位詳情延遲 7.65 秒
[2024-11-02T22:35:35.613+0000] {main_scrap.py:151} INFO - 職位詳情延遲 16.31 秒
[2024-11-02T22:36:06.840+0000] {main_scrap.py:151} INFO - 職位詳情延遲 11.67 秒
[2024-11-02T22:36:18.511+0000] {logging_mixin.py:190} WARNING - 爬取 MES工程師:  12%|#2        | 3/24 [25:01<2:56:36, 504.59s/it]
[2024-11-02T22:36:18.511+0000] {main_scrap.py:112} INFO - 頁面 4 延遲 10.57 秒
[2024-11-02T22:36:46.462+0000] {main_scrap.py:151} INFO - 職位詳情延遲 18.32 秒
[2024-11-02T22:37:10.464+0000] {main_scrap.py:151} INFO - 職位詳情延遲 9.67 秒
[2024-11-02T22:37:28.594+0000] {main_scrap.py:151} INFO - 職位詳情延遲 17.65 秒
[2024-11-02T22:37:59.832+0000] {main_scrap.py:151} INFO - 職位詳情延遲 12.59 秒
[2024-11-02T22:38:21.218+0000] {main_scrap.py:151} INFO - 職位詳情延遲 6.05 秒
[2024-11-02T22:38:36.843+0000] {main_scrap.py:151} INFO - 職位詳情延遲 5.93 秒
[2024-11-02T22:38:49.602+0000] {main_scrap.py:151} INFO - 職位詳情延遲 15.71 秒
[2024-11-02T22:39:16.472+0000] {main_scrap.py:151} INFO - 職位詳情延遲 5.04 秒
[2024-11-02T22:39:31.537+0000] {main_scrap.py:151} INFO - 職位詳情延遲 15.15 秒
[2024-11-02T22:39:54.290+0000] {main_scrap.py:151} INFO - 職位詳情延遲 15.30 秒
[2024-11-02T22:40:24.006+0000] {main_scrap.py:151} INFO - 職位詳情延遲 16.63 秒
[2024-11-02T22:40:52.118+0000] {main_scrap.py:151} INFO - 職位詳情延遲 19.33 秒
[2024-11-02T22:41:23.423+0000] {main_scrap.py:151} INFO - 職位詳情延遲 9.70 秒
[2024-11-02T22:41:40.205+0000] {main_scrap.py:151} INFO - 職位詳情延遲 11.85 秒
[2024-11-02T22:42:03.784+0000] {main_scrap.py:151} INFO - 職位詳情延遲 15.21 秒
[2024-11-02T22:42:34.313+0000] {main_scrap.py:151} INFO - 職位詳情延遲 19.26 秒
[2024-11-02T22:43:01.047+0000] {main_scrap.py:151} INFO - 職位詳情延遲 6.16 秒
[2024-11-02T22:43:17.939+0000] {main_scrap.py:151} INFO - 職位詳情延遲 9.24 秒
[2024-11-02T22:43:37.016+0000] {main_scrap.py:151} INFO - 職位詳情延遲 11.07 秒
[2024-11-02T22:44:02.063+0000] {main_scrap.py:151} INFO - 職位詳情延遲 11.03 秒
[2024-11-02T22:44:13.093+0000] {logging_mixin.py:190} WARNING - 爬取 MES工程師:  17%|#6        | 4/24 [32:56<2:44:14, 492.74s/it]
[2024-11-02T22:44:13.093+0000] {main_scrap.py:112} INFO - 頁面 5 延遲 5.76 秒
[2024-11-02T22:44:36.317+0000] {main_scrap.py:151} INFO - 職位詳情延遲 13.97 秒
[2024-11-02T22:45:01.562+0000] {main_scrap.py:151} INFO - 職位詳情延遲 15.63 秒
[2024-11-02T22:45:24.214+0000] {main_scrap.py:151} INFO - 職位詳情延遲 9.55 秒
[2024-11-02T22:45:48.371+0000] {main_scrap.py:151} INFO - 職位詳情延遲 6.33 秒
[2024-11-02T22:46:01.444+0000] {main_scrap.py:151} INFO - 職位詳情延遲 15.48 秒
[2024-11-02T22:46:26.647+0000] {main_scrap.py:151} INFO - 職位詳情延遲 14.16 秒
[2024-11-02T22:46:48.661+0000] {main_scrap.py:151} INFO - 職位詳情延遲 17.16 秒
[2024-11-02T22:47:11.747+0000] {main_scrap.py:151} INFO - 職位詳情延遲 6.34 秒
[2024-11-02T22:47:29.762+0000] {main_scrap.py:151} INFO - 職位詳情延遲 9.53 秒
[2024-11-02T22:47:46.349+0000] {main_scrap.py:151} INFO - 職位詳情延遲 9.91 秒
[2024-11-02T22:48:03.208+0000] {main_scrap.py:151} INFO - 職位詳情延遲 5.15 秒
[2024-11-02T22:48:16.899+0000] {main_scrap.py:151} INFO - 職位詳情延遲 13.32 秒
[2024-11-02T22:48:37.730+0000] {main_scrap.py:151} INFO - 職位詳情延遲 13.08 秒
[2024-11-02T22:49:03.261+0000] {main_scrap.py:151} INFO - 職位詳情延遲 5.39 秒
[2024-11-02T22:49:22.825+0000] {main_scrap.py:151} INFO - 職位詳情延遲 14.38 秒
[2024-11-02T22:49:43.880+0000] {main_scrap.py:151} INFO - 職位詳情延遲 17.47 秒
[2024-11-02T22:50:11.944+0000] {main_scrap.py:151} INFO - 職位詳情延遲 17.71 秒
[2024-11-02T22:50:38.722+0000] {main_scrap.py:151} INFO - 職位詳情延遲 11.96 秒
[2024-11-02T22:51:04.457+0000] {main_scrap.py:151} INFO - 職位詳情延遲 11.28 秒
[2024-11-02T22:51:22.622+0000] {main_scrap.py:151} INFO - 職位詳情延遲 5.27 秒
[2024-11-02T22:51:27.893+0000] {logging_mixin.py:190} WARNING - 爬取 MES工程師:  21%|##        | 5/24 [40:10<2:29:25, 471.85s/it]
[2024-11-02T22:51:27.893+0000] {main_scrap.py:112} INFO - 頁面 6 延遲 12.51 秒
[2024-11-02T22:51:49.766+0000] {main_scrap.py:151} INFO - 職位詳情延遲 14.78 秒
[2024-11-02T22:52:17.447+0000] {main_scrap.py:151} INFO - 職位詳情延遲 7.56 秒
[2024-11-02T22:52:37.681+0000] {main_scrap.py:151} INFO - 職位詳情延遲 9.09 秒
[2024-11-02T22:52:55.569+0000] {main_scrap.py:151} INFO - 職位詳情延遲 19.70 秒
[2024-11-02T22:53:21.607+0000] {main_scrap.py:151} INFO - 職位詳情延遲 19.69 秒
[2024-11-02T22:53:51.855+0000] {main_scrap.py:151} INFO - 職位詳情延遲 5.51 秒
[2024-11-02T22:54:09.893+0000] {main_scrap.py:151} INFO - 職位詳情延遲 15.49 秒
[2024-11-02T22:54:39.195+0000] {main_scrap.py:151} INFO - 職位詳情延遲 16.46 秒
[2024-11-02T22:55:07.972+0000] {main_scrap.py:151} INFO - 職位詳情延遲 19.63 秒
[2024-11-02T22:55:35.569+0000] {main_scrap.py:151} INFO - 職位詳情延遲 16.09 秒
[2024-11-02T22:56:06.311+0000] {main_scrap.py:151} INFO - 職位詳情延遲 7.56 秒
[2024-11-02T22:56:23.994+0000] {main_scrap.py:151} INFO - 職位詳情延遲 19.24 秒
[2024-11-02T22:56:58.580+0000] {main_scrap.py:151} INFO - 職位詳情延遲 15.60 秒
[2024-11-02T22:57:28.592+0000] {main_scrap.py:151} INFO - 職位詳情延遲 8.02 秒
[2024-11-02T22:57:49.842+0000] {main_scrap.py:151} INFO - 職位詳情延遲 12.07 秒
[2024-11-02T22:58:12.483+0000] {main_scrap.py:151} INFO - 職位詳情延遲 6.59 秒
[2024-11-02T22:58:25.806+0000] {main_scrap.py:151} INFO - 職位詳情延遲 7.13 秒
[2024-11-02T22:58:45.784+0000] {main_scrap.py:151} INFO - 職位詳情延遲 7.25 秒
[2024-11-02T22:59:02.261+0000] {main_scrap.py:151} INFO - 職位詳情延遲 13.21 秒
[2024-11-02T22:59:22.302+0000] {main_scrap.py:151} INFO - 職位詳情延遲 16.48 秒
[2024-11-02T22:59:38.786+0000] {logging_mixin.py:190} WARNING - 爬取 MES工程師:  25%|##5       | 6/24 [48:21<2:23:29, 478.32s/it]
[2024-11-02T22:59:38.786+0000] {main_scrap.py:112} INFO - 頁面 7 延遲 13.65 秒
[2024-11-02T23:00:04.605+0000] {main_scrap.py:151} INFO - 職位詳情延遲 10.19 秒
[2024-11-02T23:00:24.621+0000] {main_scrap.py:151} INFO - 職位詳情延遲 12.18 秒
[2024-11-02T23:00:43.879+0000] {main_scrap.py:151} INFO - 職位詳情延遲 9.78 秒
[2024-11-02T23:01:00.023+0000] {main_scrap.py:151} INFO - 職位詳情延遲 15.75 秒
[2024-11-02T23:01:25.996+0000] {main_scrap.py:151} INFO - 職位詳情延遲 13.95 秒
[2024-11-02T23:01:54.996+0000] {main_scrap.py:151} INFO - 職位詳情延遲 14.65 秒
[2024-11-02T23:02:19.901+0000] {main_scrap.py:151} INFO - 職位詳情延遲 14.89 秒
[2024-11-02T23:02:43.408+0000] {main_scrap.py:151} INFO - 職位詳情延遲 11.68 秒
[2024-11-02T23:03:02.766+0000] {main_scrap.py:151} INFO - 職位詳情延遲 11.90 秒
[2024-11-02T23:03:28.011+0000] {main_scrap.py:151} INFO - 職位詳情延遲 18.52 秒
[2024-11-02T23:03:55.908+0000] {main_scrap.py:151} INFO - 職位詳情延遲 7.02 秒
[2024-11-02T23:04:12.508+0000] {main_scrap.py:151} INFO - 職位詳情延遲 14.21 秒
[2024-11-02T23:04:41.185+0000] {main_scrap.py:151} INFO - 職位詳情延遲 5.63 秒
[2024-11-02T23:04:59.594+0000] {main_scrap.py:151} INFO - 職位詳情延遲 14.02 秒
[2024-11-02T23:05:28.017+0000] {main_scrap.py:151} INFO - 職位詳情延遲 11.67 秒
[2024-11-02T23:05:52.139+0000] {main_scrap.py:151} INFO - 職位詳情延遲 12.71 秒
[2024-11-02T23:06:15.429+0000] {main_scrap.py:151} INFO - 職位詳情延遲 16.32 秒
[2024-11-02T23:06:43.680+0000] {main_scrap.py:151} INFO - 職位詳情延遲 14.74 秒
[2024-11-02T23:07:07.415+0000] {main_scrap.py:151} INFO - 職位詳情延遲 6.54 秒
[2024-11-02T23:07:20.605+0000] {main_scrap.py:151} INFO - 職位詳情延遲 18.17 秒
[2024-11-02T23:07:38.778+0000] {logging_mixin.py:190} WARNING - 爬取 MES工程師:  29%|##9       | 7/24 [56:21<2:15:40, 478.87s/it]
[2024-11-02T23:07:38.778+0000] {main_scrap.py:112} INFO - 頁面 8 延遲 12.81 秒
[2024-11-02T23:08:06.478+0000] {main_scrap.py:151} INFO - 職位詳情延遲 11.60 秒
[2024-11-02T23:08:26.112+0000] {main_scrap.py:151} INFO - 職位詳情延遲 8.05 秒
[2024-11-02T23:08:40.670+0000] {main_scrap.py:151} INFO - 職位詳情延遲 13.70 秒
[2024-11-02T23:09:06.533+0000] {main_scrap.py:151} INFO - 職位詳情延遲 10.43 秒
[2024-11-02T23:09:25.202+0000] {main_scrap.py:151} INFO - 職位詳情延遲 8.77 秒
[2024-11-02T23:09:40.628+0000] {main_scrap.py:151} INFO - 職位詳情延遲 9.13 秒
[2024-11-02T23:09:55.741+0000] {main_scrap.py:151} INFO - 職位詳情延遲 10.59 秒
[2024-11-02T23:10:14.041+0000] {main_scrap.py:151} INFO - 職位詳情延遲 17.28 秒
[2024-11-02T23:10:42.002+0000] {main_scrap.py:151} INFO - 職位詳情延遲 17.76 秒
[2024-11-02T23:11:14.568+0000] {main_scrap.py:151} INFO - 職位詳情延遲 18.09 秒
[2024-11-02T23:11:16.443+0000] {timeout.py:68} ERROR - Process timed out, PID: 341
[2024-11-02T23:11:16.443+0000] {logging_mixin.py:190} WARNING - 爬取 MES工程師:  29%|##9       | 7/24 [59:59<2:25:41, 514.20s/it]
[2024-11-02T23:11:16.449+0000] {taskinstance.py:3310} ERROR - Task failed with exception
Traceback (most recent call last):
  File "/home/airflow/.local/lib/python3.12/site-packages/airflow/models/taskinstance.py", line 762, in _execute_task
    result = _execute_callable(context=context, **execute_callable_kwargs)
             ^^^^^^^^^^^^^^^^^^^^^^^^^^^^^^^^^^^^^^^^^^^^^^^^^^^^^^^^^^^^^
  File "/home/airflow/.local/lib/python3.12/site-packages/airflow/models/taskinstance.py", line 733, in _execute_callable
    return ExecutionCallableRunner(
           ^^^^^^^^^^^^^^^^^^^^^^^^
  File "/home/airflow/.local/lib/python3.12/site-packages/airflow/utils/operator_helpers.py", line 252, in run
    return self.func(*args, **kwargs)
           ^^^^^^^^^^^^^^^^^^^^^^^^^^
  File "/home/airflow/.local/lib/python3.12/site-packages/airflow/models/baseoperator.py", line 406, in wrapper
    return func(self, *args, **kwargs)
           ^^^^^^^^^^^^^^^^^^^^^^^^^^^
  File "/home/airflow/.local/lib/python3.12/site-packages/airflow/operators/python.py", line 238, in execute
    return_value = self.execute_callable()
                   ^^^^^^^^^^^^^^^^^^^^^^^
  File "/home/airflow/.local/lib/python3.12/site-packages/airflow/operators/python.py", line 256, in execute_callable
    return runner.run(*self.op_args, **self.op_kwargs)
           ^^^^^^^^^^^^^^^^^^^^^^^^^^^^^^^^^^^^^^^^^^^
  File "/home/airflow/.local/lib/python3.12/site-packages/airflow/utils/operator_helpers.py", line 252, in run
    return self.func(*args, **kwargs)
           ^^^^^^^^^^^^^^^^^^^^^^^^^^
  File "/opt/airflow/tasks/main_scrap.py", line 264, in web_crawler
    scraper.scrape_jobs(key_txt)
  File "/opt/airflow/tasks/main_scrap.py", line 152, in scrape_jobs
    time.sleep(sleep_time)
  File "/home/airflow/.local/lib/python3.12/site-packages/airflow/utils/timeout.py", line 69, in handle_timeout
    raise AirflowTaskTimeout(self.error_message)
airflow.exceptions.AirflowTaskTimeout: Timeout, PID: 341
[2024-11-02T23:11:16.459+0000] {taskinstance.py:1225} INFO - Marking task as UP_FOR_RETRY. dag_id=job_scraping_pipeline, task_id=scrape_chunk_1, run_id=manual__2024-11-02T21:01:36.690915+00:00, execution_date=20241102T210136, start_date=20241102T221116, end_date=20241102T231116
[2024-11-02T23:11:16.474+0000] {taskinstance.py:340} INFO - ::group::Post task execution logs
[2024-11-02T23:11:16.521+0000] {local_task_job_runner.py:266} INFO - Task exited with return code 2
[2024-11-02T23:11:16.543+0000] {taskinstance.py:3900} INFO - 0 downstream tasks scheduled from follow-on schedule check
[2024-11-02T23:11:16.544+0000] {local_task_job_runner.py:245} INFO - ::endgroup::
