[2024-11-03T00:11:26.069+0000] {local_task_job_runner.py:123} INFO - ::group::Pre task execution logs
[2024-11-03T00:11:26.081+0000] {taskinstance.py:2612} INFO - Dependencies all met for dep_context=non-requeueable deps ti=<TaskInstance: job_scraping_pipeline.scrape_chunk_3 manual__2024-11-02T21:01:36.690915+00:00 [queued]>
[2024-11-03T00:11:26.090+0000] {taskinstance.py:2612} INFO - Dependencies all met for dep_context=requeueable deps ti=<TaskInstance: job_scraping_pipeline.scrape_chunk_3 manual__2024-11-02T21:01:36.690915+00:00 [queued]>
[2024-11-03T00:11:26.091+0000] {taskinstance.py:2865} INFO - Starting attempt 1 of 4
[2024-11-03T00:11:26.108+0000] {taskinstance.py:2888} INFO - Executing <Task(PythonOperator): scrape_chunk_3> on 2024-11-02 21:01:36.690915+00:00
[2024-11-03T00:11:26.122+0000] {standard_task_runner.py:104} INFO - Running: ['airflow', 'tasks', 'run', 'job_scraping_pipeline', 'scrape_chunk_3', 'manual__2024-11-02T21:01:36.690915+00:00', '--job-id', '72', '--raw', '--subdir', 'DAGS_FOLDER/test.py', '--cfg-path', '/tmp/tmp1ppza_pn']
[2024-11-03T00:11:26.125+0000] {standard_task_runner.py:105} INFO - Job 72: Subtask scrape_chunk_3
[2024-11-03T00:11:26.127+0000] {logging_mixin.py:190} WARNING - /home/airflow/.local/lib/python3.12/site-packages/airflow/task/task_runner/standard_task_runner.py:70 DeprecationWarning: This process (pid=352) is multi-threaded, use of fork() may lead to deadlocks in the child.
[2024-11-03T00:11:26.128+0000] {standard_task_runner.py:72} INFO - Started process 357 to run task
[2024-11-03T00:11:26.170+0000] {task_command.py:467} INFO - Running <TaskInstance: job_scraping_pipeline.scrape_chunk_3 manual__2024-11-02T21:01:36.690915+00:00 [running]> on host 6fb5d61061dc
[2024-11-03T00:11:26.255+0000] {taskinstance.py:3131} INFO - Exporting env vars: AIRFLOW_CTX_DAG_OWNER='airflow' AIRFLOW_CTX_DAG_ID='job_scraping_pipeline' AIRFLOW_CTX_TASK_ID='scrape_chunk_3' AIRFLOW_CTX_EXECUTION_DATE='2024-11-02T21:01:36.690915+00:00' AIRFLOW_CTX_TRY_NUMBER='1' AIRFLOW_CTX_DAG_RUN_ID='manual__2024-11-02T21:01:36.690915+00:00'
[2024-11-03T00:11:26.256+0000] {taskinstance.py:731} INFO - ::endgroup::
[2024-11-03T00:11:26.275+0000] {main_scrap.py:56} INFO - 初始化完成，輸出目錄: jobs_csv
[2024-11-03T00:11:26.275+0000] {main_scrap.py:94} INFO - 開始爬取關鍵字: 機器學習工程師
[2024-11-03T00:11:26.276+0000] {main_scrap.py:77} INFO - 請求URL: https://www.104.com.tw/jobs/search/?ro=0&kwop=7&keyword=%E6%A9%9F%E5%99%A8%E5%AD%B8%E7%BF%92%E5%B7%A5%E7%A8%8B%E5%B8%AB&order=15&asc=0&page=1&mode=s&jobsource=m_joblist_search&searchTempExclude=2
[2024-11-03T00:11:26.850+0000] {main_scrap.py:107} INFO - 開始爬取關鍵字: 機器學習工程師, 共有：34 頁
[2024-11-03T00:11:26.857+0000] {logging_mixin.py:190} WARNING - 爬取 機器學習工程師:   0%|          | 0/34 [00:00<?, ?it/s]
[2024-11-03T00:11:26.858+0000] {main_scrap.py:112} INFO - 頁面 1 延遲 12.11 秒
[2024-11-03T00:11:45.338+0000] {main_scrap.py:151} INFO - 職位詳情延遲 10.17 秒
[2024-11-03T00:12:01.771+0000] {main_scrap.py:151} INFO - 職位詳情延遲 10.19 秒
[2024-11-03T00:12:18.001+0000] {main_scrap.py:151} INFO - 職位詳情延遲 11.26 秒
[2024-11-03T00:12:38.609+0000] {main_scrap.py:151} INFO - 職位詳情延遲 19.23 秒
[2024-11-03T00:13:04.333+0000] {main_scrap.py:151} INFO - 職位詳情延遲 9.63 秒
[2024-11-03T00:13:28.768+0000] {main_scrap.py:151} INFO - 職位詳情延遲 18.06 秒
[2024-11-03T00:13:59.371+0000] {main_scrap.py:151} INFO - 職位詳情延遲 8.16 秒
[2024-11-03T00:14:20.618+0000] {main_scrap.py:151} INFO - 職位詳情延遲 18.97 秒
[2024-11-03T00:14:48.952+0000] {main_scrap.py:151} INFO - 職位詳情延遲 8.00 秒
[2024-11-03T00:15:07.965+0000] {main_scrap.py:151} INFO - 職位詳情延遲 19.06 秒
[2024-11-03T00:15:38.690+0000] {main_scrap.py:151} INFO - 職位詳情延遲 13.37 秒
[2024-11-03T00:15:58.557+0000] {main_scrap.py:151} INFO - 職位詳情延遲 19.96 秒
[2024-11-03T00:16:25.772+0000] {main_scrap.py:151} INFO - 職位詳情延遲 7.00 秒
[2024-11-03T00:16:40.167+0000] {main_scrap.py:151} INFO - 職位詳情延遲 13.85 秒
[2024-11-03T00:17:08.683+0000] {main_scrap.py:151} INFO - 職位詳情延遲 14.69 秒
[2024-11-03T00:17:38.473+0000] {main_scrap.py:151} INFO - 職位詳情延遲 16.96 秒
[2024-11-03T00:18:01.895+0000] {main_scrap.py:151} INFO - 職位詳情延遲 19.46 秒
[2024-11-03T00:18:31.615+0000] {main_scrap.py:151} INFO - 職位詳情延遲 8.95 秒
[2024-11-03T00:18:48.452+0000] {main_scrap.py:151} INFO - 職位詳情延遲 17.18 秒
[2024-11-03T00:19:20.819+0000] {main_scrap.py:151} INFO - 職位詳情延遲 15.11 秒
[2024-11-03T00:19:47.660+0000] {main_scrap.py:151} INFO - 職位詳情延遲 17.38 秒
[2024-11-03T00:20:05.045+0000] {logging_mixin.py:190} WARNING - 爬取 機器學習工程師:   3%|2         | 1/34 [08:38<4:45:00, 518.19s/it]
[2024-11-03T00:20:05.045+0000] {main_scrap.py:112} INFO - 頁面 2 延遲 7.57 秒
[2024-11-03T00:20:23.250+0000] {main_scrap.py:151} INFO - 職位詳情延遲 14.61 秒
[2024-11-03T00:20:47.998+0000] {main_scrap.py:151} INFO - 職位詳情延遲 11.39 秒
[2024-11-03T00:21:06.021+0000] {main_scrap.py:151} INFO - 職位詳情延遲 13.15 秒
[2024-11-03T00:21:33.259+0000] {main_scrap.py:151} INFO - 職位詳情延遲 17.76 秒
[2024-11-03T00:21:58.061+0000] {main_scrap.py:151} INFO - 職位詳情延遲 13.62 秒
[2024-11-03T00:22:24.810+0000] {main_scrap.py:151} INFO - 職位詳情延遲 5.46 秒
[2024-11-03T00:22:42.462+0000] {main_scrap.py:151} INFO - 職位詳情延遲 16.46 秒
[2024-11-03T00:23:08.383+0000] {main_scrap.py:151} INFO - 職位詳情延遲 5.61 秒
[2024-11-03T00:23:25.463+0000] {main_scrap.py:151} INFO - 職位詳情延遲 7.50 秒
[2024-11-03T00:23:44.794+0000] {main_scrap.py:151} INFO - 職位詳情延遲 12.47 秒
[2024-11-03T00:24:07.014+0000] {main_scrap.py:151} INFO - 職位詳情延遲 9.39 秒
[2024-11-03T00:24:28.010+0000] {main_scrap.py:151} INFO - 職位詳情延遲 8.05 秒
[2024-11-03T00:24:51.287+0000] {main_scrap.py:151} INFO - 職位詳情延遲 11.22 秒
[2024-11-03T00:25:14.705+0000] {main_scrap.py:151} INFO - 職位詳情延遲 12.85 秒
[2024-11-03T00:25:35.037+0000] {main_scrap.py:151} INFO - 職位詳情延遲 8.64 秒
[2024-11-03T00:25:55.908+0000] {main_scrap.py:151} INFO - 職位詳情延遲 8.20 秒
[2024-11-03T00:26:15.463+0000] {main_scrap.py:151} INFO - 職位詳情延遲 13.72 秒
[2024-11-03T00:26:44.774+0000] {main_scrap.py:151} INFO - 職位詳情延遲 12.16 秒
[2024-11-03T00:27:11.192+0000] {main_scrap.py:151} INFO - 職位詳情延遲 9.85 秒
[2024-11-03T00:27:27.274+0000] {main_scrap.py:151} INFO - 職位詳情延遲 16.22 秒
[2024-11-03T00:27:43.499+0000] {logging_mixin.py:190} WARNING - 爬取 機器學習工程師:   6%|5         | 2/34 [16:16<4:17:37, 483.05s/it]
[2024-11-03T00:27:43.500+0000] {main_scrap.py:112} INFO - 頁面 3 延遲 9.27 秒
[2024-11-03T00:28:10.999+0000] {main_scrap.py:151} INFO - 職位詳情延遲 16.57 秒
[2024-11-03T00:28:39.505+0000] {main_scrap.py:151} INFO - 職位詳情延遲 17.93 秒
[2024-11-03T00:29:07.007+0000] {main_scrap.py:151} INFO - 職位詳情延遲 7.20 秒
[2024-11-03T00:29:26.129+0000] {main_scrap.py:151} INFO - 職位詳情延遲 16.61 秒
[2024-11-03T00:29:54.060+0000] {main_scrap.py:151} INFO - 職位詳情延遲 9.27 秒
[2024-11-03T00:30:11.038+0000] {main_scrap.py:151} INFO - 職位詳情延遲 6.80 秒
[2024-11-03T00:30:30.629+0000] {main_scrap.py:151} INFO - 職位詳情延遲 14.68 秒
[2024-11-03T00:30:51.999+0000] {main_scrap.py:151} INFO - 職位詳情延遲 18.31 秒
[2024-11-03T00:31:25.167+0000] {main_scrap.py:151} INFO - 職位詳情延遲 7.45 秒
[2024-11-03T00:31:42.003+0000] {main_scrap.py:151} INFO - 職位詳情延遲 16.10 秒
[2024-11-03T00:32:12.356+0000] {main_scrap.py:151} INFO - 職位詳情延遲 5.19 秒
[2024-11-03T00:32:23.597+0000] {main_scrap.py:151} INFO - 職位詳情延遲 15.69 秒
[2024-11-03T00:32:51.519+0000] {main_scrap.py:151} INFO - 職位詳情延遲 5.02 秒
[2024-11-03T00:33:04.004+0000] {main_scrap.py:151} INFO - 職位詳情延遲 18.83 秒
[2024-11-03T00:33:33.051+0000] {main_scrap.py:151} INFO - 職位詳情延遲 13.66 秒
[2024-11-03T00:33:57.866+0000] {main_scrap.py:151} INFO - 職位詳情延遲 13.96 秒
[2024-11-03T00:34:27.211+0000] {main_scrap.py:151} INFO - 職位詳情延遲 19.12 秒
[2024-11-03T00:34:52.710+0000] {main_scrap.py:151} INFO - 職位詳情延遲 5.69 秒
[2024-11-03T00:35:03.961+0000] {main_scrap.py:151} INFO - 職位詳情延遲 18.16 秒
[2024-11-03T00:35:27.991+0000] {main_scrap.py:151} INFO - 職位詳情延遲 9.95 秒
[2024-11-03T00:35:37.941+0000] {logging_mixin.py:190} WARNING - 爬取 機器學習工程師:   9%|8         | 3/34 [24:11<4:07:32, 479.12s/it]
[2024-11-03T00:35:37.941+0000] {main_scrap.py:112} INFO - 頁面 4 延遲 6.55 秒
[2024-11-03T00:36:01.589+0000] {main_scrap.py:151} INFO - 職位詳情延遲 7.82 秒
[2024-11-03T00:36:24.168+0000] {main_scrap.py:151} INFO - 職位詳情延遲 10.35 秒
[2024-11-03T00:36:45.138+0000] {main_scrap.py:151} INFO - 職位詳情延遲 5.35 秒
[2024-11-03T00:37:04.366+0000] {main_scrap.py:151} INFO - 職位詳情延遲 14.73 秒
[2024-11-03T00:37:26.089+0000] {main_scrap.py:151} INFO - 職位詳情延遲 9.54 秒
[2024-11-03T00:37:44.237+0000] {main_scrap.py:151} INFO - 職位詳情延遲 6.19 秒
[2024-11-03T00:37:57.968+0000] {main_scrap.py:151} INFO - 職位詳情延遲 5.61 秒
[2024-11-03T00:38:16.961+0000] {main_scrap.py:151} INFO - 職位詳情延遲 7.33 秒
[2024-11-03T00:38:34.217+0000] {main_scrap.py:151} INFO - 職位詳情延遲 15.65 秒
[2024-11-03T00:38:58.926+0000] {main_scrap.py:151} INFO - 職位詳情延遲 10.61 秒
[2024-11-03T00:39:18.159+0000] {main_scrap.py:151} INFO - 職位詳情延遲 8.05 秒
[2024-11-03T00:39:34.085+0000] {main_scrap.py:151} INFO - 職位詳情延遲 9.54 秒
[2024-11-03T00:39:56.177+0000] {main_scrap.py:151} INFO - 職位詳情延遲 17.46 秒
[2024-11-03T00:40:20.660+0000] {main_scrap.py:151} INFO - 職位詳情延遲 8.20 秒
[2024-11-03T00:40:34.796+0000] {main_scrap.py:151} INFO - 職位詳情延遲 18.37 秒
[2024-11-03T00:40:59.253+0000] {main_scrap.py:151} INFO - 職位詳情延遲 6.79 秒
[2024-11-03T00:41:17.655+0000] {main_scrap.py:151} INFO - 職位詳情延遲 13.93 秒
[2024-11-03T00:41:40.781+0000] {main_scrap.py:151} INFO - 職位詳情延遲 5.52 秒
[2024-11-03T00:41:56.883+0000] {main_scrap.py:151} INFO - 職位詳情延遲 19.10 秒
[2024-11-03T00:42:26.395+0000] {main_scrap.py:151} INFO - 職位詳情延遲 8.95 秒
[2024-11-03T00:42:35.346+0000] {logging_mixin.py:190} WARNING - 爬取 機器學習工程師:  12%|#1        | 4/34 [31:08<3:47:22, 454.76s/it]
[2024-11-03T00:42:35.346+0000] {main_scrap.py:112} INFO - 頁面 5 延遲 8.41 秒
[2024-11-03T00:42:58.469+0000] {main_scrap.py:151} INFO - 職位詳情延遲 8.77 秒
[2024-11-03T00:43:18.214+0000] {main_scrap.py:151} INFO - 職位詳情延遲 11.40 秒
[2024-11-03T00:43:40.169+0000] {main_scrap.py:151} INFO - 職位詳情延遲 17.35 秒
[2024-11-03T00:44:03.976+0000] {main_scrap.py:151} INFO - 職位詳情延遲 6.94 秒
[2024-11-03T00:44:25.661+0000] {main_scrap.py:151} INFO - 職位詳情延遲 10.55 秒
[2024-11-03T00:44:47.670+0000] {main_scrap.py:151} INFO - 職位詳情延遲 17.83 秒
[2024-11-03T00:45:15.100+0000] {main_scrap.py:151} INFO - 職位詳情延遲 19.24 秒
[2024-11-03T00:45:49.573+0000] {main_scrap.py:151} INFO - 職位詳情延遲 16.77 秒
[2024-11-03T00:46:12.435+0000] {main_scrap.py:151} INFO - 職位詳情延遲 18.31 秒
[2024-11-03T00:46:40.106+0000] {main_scrap.py:151} INFO - 職位詳情延遲 9.74 秒
[2024-11-03T00:47:01.920+0000] {main_scrap.py:151} INFO - 職位詳情延遲 14.82 秒
[2024-11-03T00:47:26.677+0000] {main_scrap.py:151} INFO - 職位詳情延遲 12.07 秒
[2024-11-03T00:47:50.896+0000] {main_scrap.py:151} INFO - 職位詳情延遲 16.83 秒
[2024-11-03T00:48:22.571+0000] {main_scrap.py:151} INFO - 職位詳情延遲 18.27 秒
[2024-11-03T00:48:47.787+0000] {main_scrap.py:151} INFO - 職位詳情延遲 12.60 秒
[2024-11-03T00:49:13.929+0000] {main_scrap.py:151} INFO - 職位詳情延遲 18.61 秒
[2024-11-03T00:49:46.516+0000] {main_scrap.py:151} INFO - 職位詳情延遲 16.86 秒
[2024-11-03T00:50:17.417+0000] {main_scrap.py:151} INFO - 職位詳情延遲 9.84 秒
[2024-11-03T00:50:33.392+0000] {main_scrap.py:151} INFO - 職位詳情延遲 10.97 秒
[2024-11-03T00:50:55.548+0000] {main_scrap.py:151} INFO - 職位詳情延遲 18.15 秒
[2024-11-03T00:51:13.699+0000] {logging_mixin.py:190} WARNING - 爬取 機器學習工程師:  15%|#4        | 5/34 [39:46<3:50:52, 477.69s/it]
[2024-11-03T00:51:13.699+0000] {main_scrap.py:112} INFO - 頁面 6 延遲 11.13 秒
[2024-11-03T00:51:40.622+0000] {main_scrap.py:151} INFO - 職位詳情延遲 11.19 秒
[2024-11-03T00:52:05.993+0000] {main_scrap.py:151} INFO - 職位詳情延遲 13.07 秒
[2024-11-03T00:52:30.212+0000] {main_scrap.py:151} INFO - 職位詳情延遲 12.63 秒
[2024-11-03T00:52:57.315+0000] {main_scrap.py:151} INFO - 職位詳情延遲 8.00 秒
[2024-11-03T00:53:17.414+0000] {main_scrap.py:151} INFO - 職位詳情延遲 10.08 秒
[2024-11-03T00:53:35.612+0000] {main_scrap.py:151} INFO - 職位詳情延遲 5.98 秒
[2024-11-03T00:53:56.641+0000] {main_scrap.py:151} INFO - 職位詳情延遲 9.31 秒
[2024-11-03T00:54:16.171+0000] {main_scrap.py:151} INFO - 職位詳情延遲 10.33 秒
[2024-11-03T00:54:38.900+0000] {main_scrap.py:151} INFO - 職位詳情延遲 15.49 秒
[2024-11-03T00:55:07.628+0000] {main_scrap.py:151} INFO - 職位詳情延遲 5.98 秒
[2024-11-03T00:55:21.627+0000] {main_scrap.py:151} INFO - 職位詳情延遲 19.24 秒
[2024-11-03T00:55:51.019+0000] {main_scrap.py:151} INFO - 職位詳情延遲 14.51 秒
[2024-11-03T00:56:13.140+0000] {main_scrap.py:151} INFO - 職位詳情延遲 17.87 秒
[2024-11-03T00:56:39.646+0000] {main_scrap.py:151} INFO - 職位詳情延遲 12.26 秒
[2024-11-03T00:57:00.468+0000] {main_scrap.py:151} INFO - 職位詳情延遲 11.03 秒
[2024-11-03T00:57:17.961+0000] {main_scrap.py:151} INFO - 職位詳情延遲 12.28 秒
[2024-11-03T00:57:36.341+0000] {main_scrap.py:151} INFO - 職位詳情延遲 6.02 秒
[2024-11-03T00:57:57.280+0000] {main_scrap.py:151} INFO - 職位詳情延遲 9.82 秒
[2024-11-03T00:58:21.482+0000] {main_scrap.py:151} INFO - 職位詳情延遲 11.12 秒
[2024-11-03T00:58:46.501+0000] {main_scrap.py:151} INFO - 職位詳情延遲 6.66 秒
[2024-11-03T00:58:53.160+0000] {logging_mixin.py:190} WARNING - 爬取 機器學習工程師:  18%|#7        | 6/34 [47:26<3:40:01, 471.49s/it]
[2024-11-03T00:58:53.160+0000] {main_scrap.py:112} INFO - 頁面 7 延遲 5.02 秒
[2024-11-03T00:59:13.284+0000] {main_scrap.py:151} INFO - 職位詳情延遲 5.18 秒
[2024-11-03T00:59:31.999+0000] {main_scrap.py:151} INFO - 職位詳情延遲 13.61 秒
[2024-11-03T00:59:54.287+0000] {main_scrap.py:151} INFO - 職位詳情延遲 5.92 秒
[2024-11-03T01:00:09.499+0000] {main_scrap.py:151} INFO - 職位詳情延遲 15.61 秒
[2024-11-03T01:00:37.118+0000] {main_scrap.py:151} INFO - 職位詳情延遲 15.88 秒
[2024-11-03T01:01:08.374+0000] {main_scrap.py:151} INFO - 職位詳情延遲 10.93 秒
[2024-11-03T01:01:25.269+0000] {main_scrap.py:151} INFO - 職位詳情延遲 19.68 秒
[2024-11-03T01:01:58.242+0000] {main_scrap.py:151} INFO - 職位詳情延遲 17.35 秒
[2024-11-03T01:02:22.829+0000] {main_scrap.py:151} INFO - 職位詳情延遲 14.09 秒
[2024-11-03T01:02:44.371+0000] {main_scrap.py:151} INFO - 職位詳情延遲 7.18 秒
[2024-11-03T01:03:04.375+0000] {main_scrap.py:151} INFO - 職位詳情延遲 13.40 秒
[2024-11-03T01:03:24.986+0000] {main_scrap.py:151} INFO - 職位詳情延遲 16.68 秒
[2024-11-03T01:03:50.915+0000] {main_scrap.py:151} INFO - 職位詳情延遲 9.27 秒
[2024-11-03T01:04:15.502+0000] {main_scrap.py:151} INFO - 職位詳情延遲 7.56 秒
[2024-11-03T01:04:28.983+0000] {main_scrap.py:151} INFO - 職位詳情延遲 6.95 秒
[2024-11-03T01:04:45.646+0000] {main_scrap.py:151} INFO - 職位詳情延遲 14.42 秒
[2024-11-03T01:05:13.667+0000] {main_scrap.py:151} INFO - 職位詳情延遲 7.94 秒
[2024-11-03T01:05:28.600+0000] {main_scrap.py:151} INFO - 職位詳情延遲 8.40 秒
[2024-11-03T01:05:44.585+0000] {main_scrap.py:151} INFO - 職位詳情延遲 17.63 秒
[2024-11-03T01:06:16.499+0000] {main_scrap.py:151} INFO - 職位詳情延遲 16.12 秒
[2024-11-03T01:06:32.618+0000] {logging_mixin.py:190} WARNING - 爬取 機器學習工程師:  21%|##        | 7/34 [55:05<3:30:24, 467.56s/it]
[2024-11-03T01:06:32.618+0000] {main_scrap.py:112} INFO - 頁面 8 延遲 15.40 秒
[2024-11-03T01:07:04.184+0000] {main_scrap.py:151} INFO - 職位詳情延遲 15.99 秒
[2024-11-03T01:07:29.647+0000] {main_scrap.py:151} INFO - 職位詳情延遲 15.74 秒
[2024-11-03T01:07:52.311+0000] {main_scrap.py:151} INFO - 職位詳情延遲 8.35 秒
[2024-11-03T01:08:13.997+0000] {main_scrap.py:151} INFO - 職位詳情延遲 15.52 秒
[2024-11-03T01:08:43.607+0000] {main_scrap.py:151} INFO - 職位詳情延遲 17.87 秒
[2024-11-03T01:09:10.881+0000] {main_scrap.py:151} INFO - 職位詳情延遲 18.01 秒
[2024-11-03T01:09:43.468+0000] {main_scrap.py:151} INFO - 職位詳情延遲 15.29 秒
[2024-11-03T01:10:10.990+0000] {main_scrap.py:151} INFO - 職位詳情延遲 17.77 秒
[2024-11-03T01:10:40.935+0000] {main_scrap.py:151} INFO - 職位詳情延遲 6.24 秒
[2024-11-03T01:11:00.286+0000] {main_scrap.py:151} INFO - 職位詳情延遲 16.42 秒
[2024-11-03T01:11:24.998+0000] {main_scrap.py:151} INFO - 職位詳情延遲 5.89 秒
[2024-11-03T01:11:26.257+0000] {timeout.py:68} ERROR - Process timed out, PID: 357
[2024-11-03T01:11:26.258+0000] {logging_mixin.py:190} WARNING - 爬取 機器學習工程師:  21%|##        | 7/34 [59:59<3:51:23, 514.20s/it]
[2024-11-03T01:11:26.265+0000] {taskinstance.py:3310} ERROR - Task failed with exception
Traceback (most recent call last):
  File "/home/airflow/.local/lib/python3.12/site-packages/airflow/models/taskinstance.py", line 762, in _execute_task
    result = _execute_callable(context=context, **execute_callable_kwargs)
             ^^^^^^^^^^^^^^^^^^^^^^^^^^^^^^^^^^^^^^^^^^^^^^^^^^^^^^^^^^^^^
  File "/home/airflow/.local/lib/python3.12/site-packages/airflow/models/taskinstance.py", line 733, in _execute_callable
    return ExecutionCallableRunner(
           ^^^^^^^^^^^^^^^^^^^^^^^^
  File "/home/airflow/.local/lib/python3.12/site-packages/airflow/utils/operator_helpers.py", line 252, in run
    return self.func(*args, **kwargs)
           ^^^^^^^^^^^^^^^^^^^^^^^^^^
  File "/home/airflow/.local/lib/python3.12/site-packages/airflow/models/baseoperator.py", line 406, in wrapper
    return func(self, *args, **kwargs)
           ^^^^^^^^^^^^^^^^^^^^^^^^^^^
  File "/home/airflow/.local/lib/python3.12/site-packages/airflow/operators/python.py", line 238, in execute
    return_value = self.execute_callable()
                   ^^^^^^^^^^^^^^^^^^^^^^^
  File "/home/airflow/.local/lib/python3.12/site-packages/airflow/operators/python.py", line 256, in execute_callable
    return runner.run(*self.op_args, **self.op_kwargs)
           ^^^^^^^^^^^^^^^^^^^^^^^^^^^^^^^^^^^^^^^^^^^
  File "/home/airflow/.local/lib/python3.12/site-packages/airflow/utils/operator_helpers.py", line 252, in run
    return self.func(*args, **kwargs)
           ^^^^^^^^^^^^^^^^^^^^^^^^^^
  File "/opt/airflow/tasks/main_scrap.py", line 264, in web_crawler
    scraper.scrape_jobs(key_txt)
  File "/opt/airflow/tasks/main_scrap.py", line 152, in scrape_jobs
    time.sleep(sleep_time)
  File "/home/airflow/.local/lib/python3.12/site-packages/airflow/utils/timeout.py", line 69, in handle_timeout
    raise AirflowTaskTimeout(self.error_message)
airflow.exceptions.AirflowTaskTimeout: Timeout, PID: 357
[2024-11-03T01:11:26.274+0000] {taskinstance.py:1225} INFO - Marking task as UP_FOR_RETRY. dag_id=job_scraping_pipeline, task_id=scrape_chunk_3, run_id=manual__2024-11-02T21:01:36.690915+00:00, execution_date=20241102T210136, start_date=20241103T001126, end_date=20241103T011126
[2024-11-03T01:11:26.290+0000] {taskinstance.py:340} INFO - ::group::Post task execution logs
[2024-11-03T01:11:26.325+0000] {local_task_job_runner.py:266} INFO - Task exited with return code 2
[2024-11-03T01:11:26.347+0000] {taskinstance.py:3900} INFO - 0 downstream tasks scheduled from follow-on schedule check
[2024-11-03T01:11:26.348+0000] {local_task_job_runner.py:245} INFO - ::endgroup::
