[2024-11-03T06:11:57.694+0000] {local_task_job_runner.py:123} INFO - ::group::Pre task execution logs
[2024-11-03T06:11:57.705+0000] {taskinstance.py:2612} INFO - Dependencies all met for dep_context=non-requeueable deps ti=<TaskInstance: job_scraping_pipeline.scrape_chunk_3 manual__2024-11-02T21:01:36.690915+00:00 [queued]>
[2024-11-03T06:11:57.714+0000] {taskinstance.py:2612} INFO - Dependencies all met for dep_context=requeueable deps ti=<TaskInstance: job_scraping_pipeline.scrape_chunk_3 manual__2024-11-02T21:01:36.690915+00:00 [queued]>
[2024-11-03T06:11:57.715+0000] {taskinstance.py:2865} INFO - Starting attempt 2 of 4
[2024-11-03T06:11:57.737+0000] {taskinstance.py:2888} INFO - Executing <Task(PythonOperator): scrape_chunk_3> on 2024-11-02 21:01:36.690915+00:00
[2024-11-03T06:11:57.751+0000] {standard_task_runner.py:104} INFO - Running: ['airflow', 'tasks', 'run', 'job_scraping_pipeline', 'scrape_chunk_3', 'manual__2024-11-02T21:01:36.690915+00:00', '--job-id', '78', '--raw', '--subdir', 'DAGS_FOLDER/test.py', '--cfg-path', '/tmp/tmpjj2tqtzs']
[2024-11-03T06:11:57.754+0000] {standard_task_runner.py:105} INFO - Job 78: Subtask scrape_chunk_3
[2024-11-03T06:11:57.756+0000] {logging_mixin.py:190} WARNING - /home/airflow/.local/lib/python3.12/site-packages/airflow/task/task_runner/standard_task_runner.py:70 DeprecationWarning: This process (pid=442) is multi-threaded, use of fork() may lead to deadlocks in the child.
[2024-11-03T06:11:57.757+0000] {standard_task_runner.py:72} INFO - Started process 447 to run task
[2024-11-03T06:11:57.799+0000] {task_command.py:467} INFO - Running <TaskInstance: job_scraping_pipeline.scrape_chunk_3 manual__2024-11-02T21:01:36.690915+00:00 [running]> on host 6fb5d61061dc
[2024-11-03T06:11:57.882+0000] {taskinstance.py:3131} INFO - Exporting env vars: AIRFLOW_CTX_DAG_OWNER='airflow' AIRFLOW_CTX_DAG_ID='job_scraping_pipeline' AIRFLOW_CTX_TASK_ID='scrape_chunk_3' AIRFLOW_CTX_EXECUTION_DATE='2024-11-02T21:01:36.690915+00:00' AIRFLOW_CTX_TRY_NUMBER='2' AIRFLOW_CTX_DAG_RUN_ID='manual__2024-11-02T21:01:36.690915+00:00'
[2024-11-03T06:11:57.883+0000] {taskinstance.py:731} INFO - ::endgroup::
[2024-11-03T06:11:57.902+0000] {main_scrap.py:56} INFO - 初始化完成，輸出目錄: jobs_csv
[2024-11-03T06:11:57.903+0000] {main_scrap.py:94} INFO - 開始爬取關鍵字: 機器學習工程師
[2024-11-03T06:11:57.903+0000] {main_scrap.py:77} INFO - 請求URL: https://www.104.com.tw/jobs/search/?ro=0&kwop=7&keyword=%E6%A9%9F%E5%99%A8%E5%AD%B8%E7%BF%92%E5%B7%A5%E7%A8%8B%E5%B8%AB&order=15&asc=0&page=1&mode=s&jobsource=m_joblist_search&searchTempExclude=2
[2024-11-03T06:11:58.452+0000] {main_scrap.py:107} INFO - 開始爬取關鍵字: 機器學習工程師, 共有：34 頁
[2024-11-03T06:11:58.459+0000] {logging_mixin.py:190} WARNING - 爬取 機器學習工程師:   0%|          | 0/34 [00:00<?, ?it/s]
[2024-11-03T06:11:58.460+0000] {main_scrap.py:112} INFO - 頁面 1 延遲 5.33 秒
[2024-11-03T06:12:15.502+0000] {main_scrap.py:151} INFO - 職位詳情延遲 15.83 秒
[2024-11-03T06:12:45.167+0000] {main_scrap.py:151} INFO - 職位詳情延遲 10.27 秒
[2024-11-03T06:13:04.139+0000] {main_scrap.py:151} INFO - 職位詳情延遲 8.73 秒
[2024-11-03T06:13:21.078+0000] {main_scrap.py:151} INFO - 職位詳情延遲 16.92 秒
[2024-11-03T06:13:45.123+0000] {main_scrap.py:151} INFO - 職位詳情延遲 13.64 秒
[2024-11-03T06:14:04.436+0000] {main_scrap.py:151} INFO - 職位詳情延遲 15.95 秒
[2024-11-03T06:14:27.486+0000] {main_scrap.py:151} INFO - 職位詳情延遲 15.95 秒
[2024-11-03T06:14:50.911+0000] {main_scrap.py:151} INFO - 職位詳情延遲 12.45 秒
[2024-11-03T06:15:10.516+0000] {main_scrap.py:151} INFO - 職位詳情延遲 10.46 秒
[2024-11-03T06:15:27.563+0000] {main_scrap.py:151} INFO - 職位詳情延遲 13.83 秒
[2024-11-03T06:15:51.299+0000] {main_scrap.py:151} INFO - 職位詳情延遲 7.57 秒
[2024-11-03T06:16:05.521+0000] {main_scrap.py:151} INFO - 職位詳情延遲 18.03 秒
[2024-11-03T06:16:38.234+0000] {main_scrap.py:151} INFO - 職位詳情延遲 19.36 秒
[2024-11-03T06:17:03.148+0000] {main_scrap.py:151} INFO - 職位詳情延遲 11.93 秒
[2024-11-03T06:17:26.110+0000] {main_scrap.py:151} INFO - 職位詳情延遲 14.29 秒
[2024-11-03T06:17:52.254+0000] {main_scrap.py:151} INFO - 職位詳情延遲 18.95 秒
[2024-11-03T06:18:18.339+0000] {main_scrap.py:151} INFO - 職位詳情延遲 16.33 秒
[2024-11-03T06:18:47.799+0000] {main_scrap.py:151} INFO - 職位詳情延遲 15.31 秒
[2024-11-03T06:19:13.575+0000] {main_scrap.py:151} INFO - 職位詳情延遲 9.30 秒
[2024-11-03T06:19:36.974+0000] {main_scrap.py:151} INFO - 職位詳情延遲 8.62 秒
[2024-11-03T06:20:00.169+0000] {main_scrap.py:151} INFO - 職位詳情延遲 11.58 秒
[2024-11-03T06:20:11.746+0000] {logging_mixin.py:190} WARNING - 爬取 機器學習工程師:   3%|2         | 1/34 [08:13<4:31:18, 493.29s/it]
[2024-11-03T06:20:11.746+0000] {main_scrap.py:112} INFO - 頁面 2 延遲 6.12 秒
[2024-11-03T06:20:29.466+0000] {main_scrap.py:151} INFO - 職位詳情延遲 15.49 秒
[2024-11-03T06:20:55.888+0000] {main_scrap.py:151} INFO - 職位詳情延遲 5.36 秒
[2024-11-03T06:21:13.044+0000] {main_scrap.py:151} INFO - 職位詳情延遲 19.74 秒
[2024-11-03T06:21:39.579+0000] {main_scrap.py:151} INFO - 職位詳情延遲 14.91 秒
[2024-11-03T06:22:06.852+0000] {main_scrap.py:151} INFO - 職位詳情延遲 19.94 秒
[2024-11-03T06:22:35.200+0000] {main_scrap.py:151} INFO - 職位詳情延遲 10.60 秒
[2024-11-03T06:22:51.961+0000] {main_scrap.py:151} INFO - 職位詳情延遲 6.66 秒
[2024-11-03T06:23:11.111+0000] {main_scrap.py:151} INFO - 職位詳情延遲 17.74 秒
[2024-11-03T06:23:35.734+0000] {main_scrap.py:151} INFO - 職位詳情延遲 6.27 秒
[2024-11-03T06:23:50.344+0000] {main_scrap.py:151} INFO - 職位詳情延遲 17.59 秒
[2024-11-03T06:24:15.097+0000] {main_scrap.py:151} INFO - 職位詳情延遲 13.03 秒
[2024-11-03T06:24:38.220+0000] {main_scrap.py:151} INFO - 職位詳情延遲 9.95 秒
[2024-11-03T06:24:56.329+0000] {main_scrap.py:151} INFO - 職位詳情延遲 5.91 秒
[2024-11-03T06:25:16.651+0000] {main_scrap.py:151} INFO - 職位詳情延遲 14.15 秒
[2024-11-03T06:25:38.016+0000] {main_scrap.py:151} INFO - 職位詳情延遲 17.77 秒
[2024-11-03T06:26:03.102+0000] {main_scrap.py:151} INFO - 職位詳情延遲 17.84 秒
[2024-11-03T06:26:29.503+0000] {main_scrap.py:151} INFO - 職位詳情延遲 12.10 秒
[2024-11-03T06:26:48.622+0000] {main_scrap.py:151} INFO - 職位詳情延遲 14.34 秒
[2024-11-03T06:27:09.196+0000] {main_scrap.py:151} INFO - 職位詳情延遲 19.49 秒
[2024-11-03T06:27:36.586+0000] {main_scrap.py:151} INFO - 職位詳情延遲 18.62 秒
[2024-11-03T06:27:55.208+0000] {logging_mixin.py:190} WARNING - 爬取 機器學習工程師:   6%|5         | 2/34 [15:56<4:13:43, 475.74s/it]
[2024-11-03T06:27:55.209+0000] {main_scrap.py:112} INFO - 頁面 3 延遲 6.86 秒
[2024-11-03T06:28:15.383+0000] {main_scrap.py:151} INFO - 職位詳情延遲 11.81 秒
[2024-11-03T06:28:38.203+0000] {main_scrap.py:151} INFO - 職位詳情延遲 16.65 秒
[2024-11-03T06:29:00.590+0000] {main_scrap.py:151} INFO - 職位詳情延遲 10.35 秒
[2024-11-03T06:29:24.941+0000] {main_scrap.py:151} INFO - 職位詳情延遲 16.72 秒
[2024-11-03T06:29:50.058+0000] {main_scrap.py:151} INFO - 職位詳情延遲 12.07 秒
[2024-11-03T06:30:14.753+0000] {main_scrap.py:151} INFO - 職位詳情延遲 5.40 秒
[2024-11-03T06:30:33.667+0000] {main_scrap.py:151} INFO - 職位詳情延遲 8.29 秒
[2024-11-03T06:30:54.532+0000] {main_scrap.py:151} INFO - 職位詳情延遲 13.63 秒
[2024-11-03T06:31:16.947+0000] {main_scrap.py:151} INFO - 職位詳情延遲 10.10 秒
[2024-11-03T06:31:40.637+0000] {main_scrap.py:151} INFO - 職位詳情延遲 10.47 秒
[2024-11-03T06:31:57.084+0000] {main_scrap.py:151} INFO - 職位詳情延遲 12.17 秒
[2024-11-03T06:32:18.644+0000] {main_scrap.py:151} INFO - 職位詳情延遲 12.05 秒
[2024-11-03T06:32:43.237+0000] {main_scrap.py:151} INFO - 職位詳情延遲 18.54 秒
[2024-11-03T06:33:10.383+0000] {main_scrap.py:151} INFO - 職位詳情延遲 13.60 秒
[2024-11-03T06:33:32.293+0000] {main_scrap.py:151} INFO - 職位詳情延遲 9.14 秒
[2024-11-03T06:33:53.786+0000] {main_scrap.py:151} INFO - 職位詳情延遲 9.71 秒
[2024-11-03T06:34:12.862+0000] {main_scrap.py:151} INFO - 職位詳情延遲 13.14 秒
[2024-11-03T06:34:32.046+0000] {main_scrap.py:151} INFO - 職位詳情延遲 8.73 秒
[2024-11-03T06:34:54.060+0000] {main_scrap.py:151} INFO - 職位詳情延遲 16.77 秒
[2024-11-03T06:35:24.994+0000] {main_scrap.py:151} INFO - 職位詳情延遲 9.28 秒
[2024-11-03T06:35:34.281+0000] {logging_mixin.py:190} WARNING - 爬取 機器學習工程師:   9%|8         | 3/34 [23:35<4:01:52, 468.13s/it]
[2024-11-03T06:35:34.281+0000] {main_scrap.py:112} INFO - 頁面 4 延遲 9.55 秒
[2024-11-03T06:35:50.646+0000] {main_scrap.py:151} INFO - 職位詳情延遲 13.12 秒
[2024-11-03T06:36:11.157+0000] {main_scrap.py:151} INFO - 職位詳情延遲 14.53 秒
[2024-11-03T06:36:40.138+0000] {main_scrap.py:151} INFO - 職位詳情延遲 15.84 秒
[2024-11-03T06:37:06.955+0000] {main_scrap.py:151} INFO - 職位詳情延遲 9.46 秒
[2024-11-03T06:37:25.817+0000] {main_scrap.py:151} INFO - 職位詳情延遲 17.27 秒
[2024-11-03T06:37:53.546+0000] {main_scrap.py:151} INFO - 職位詳情延遲 13.98 秒
[2024-11-03T06:38:14.153+0000] {main_scrap.py:151} INFO - 職位詳情延遲 6.61 秒
[2024-11-03T06:38:33.973+0000] {main_scrap.py:151} INFO - 職位詳情延遲 5.42 秒
[2024-11-03T06:38:54.592+0000] {main_scrap.py:151} INFO - 職位詳情延遲 13.20 秒
[2024-11-03T06:39:15.027+0000] {main_scrap.py:151} INFO - 職位詳情延遲 19.73 秒
[2024-11-03T06:39:49.477+0000] {main_scrap.py:151} INFO - 職位詳情延遲 12.11 秒
[2024-11-03T06:40:09.902+0000] {main_scrap.py:151} INFO - 職位詳情延遲 15.18 秒
[2024-11-03T06:40:35.821+0000] {main_scrap.py:151} INFO - 職位詳情延遲 5.61 秒
[2024-11-03T06:40:47.876+0000] {main_scrap.py:151} INFO - 職位詳情延遲 5.72 秒
[2024-11-03T06:40:59.154+0000] {main_scrap.py:151} INFO - 職位詳情延遲 18.36 秒
[2024-11-03T06:41:30.865+0000] {main_scrap.py:151} INFO - 職位詳情延遲 5.37 秒
[2024-11-03T06:41:48.836+0000] {main_scrap.py:151} INFO - 職位詳情延遲 13.98 秒
[2024-11-03T06:42:12.483+0000] {main_scrap.py:151} INFO - 職位詳情延遲 5.34 秒
[2024-11-03T06:42:27.270+0000] {main_scrap.py:151} INFO - 職位詳情延遲 19.74 秒
[2024-11-03T06:42:56.674+0000] {main_scrap.py:151} INFO - 職位詳情延遲 17.77 秒
[2024-11-03T06:43:14.446+0000] {logging_mixin.py:190} WARNING - 爬取 機器學習工程師:  12%|#1        | 4/34 [31:15<3:52:29, 464.99s/it]
[2024-11-03T06:43:14.447+0000] {main_scrap.py:112} INFO - 頁面 5 延遲 11.09 秒
[2024-11-03T06:43:36.142+0000] {main_scrap.py:151} INFO - 職位詳情延遲 19.07 秒
[2024-11-03T06:44:09.876+0000] {main_scrap.py:151} INFO - 職位詳情延遲 15.28 秒
[2024-11-03T06:44:34.838+0000] {main_scrap.py:151} INFO - 職位詳情延遲 19.43 秒
[2024-11-03T06:45:04.412+0000] {main_scrap.py:151} INFO - 職位詳情延遲 11.39 秒
[2024-11-03T06:45:31.116+0000] {main_scrap.py:151} INFO - 職位詳情延遲 7.23 秒
[2024-11-03T06:45:51.083+0000] {main_scrap.py:151} INFO - 職位詳情延遲 9.09 秒
[2024-11-03T06:46:05.613+0000] {main_scrap.py:151} INFO - 職位詳情延遲 13.67 秒
[2024-11-03T06:46:34.249+0000] {main_scrap.py:151} INFO - 職位詳情延遲 7.36 秒
[2024-11-03T06:46:50.055+0000] {main_scrap.py:151} INFO - 職位詳情延遲 9.54 秒
[2024-11-03T06:47:05.523+0000] {main_scrap.py:151} INFO - 職位詳情延遲 8.19 秒
[2024-11-03T06:47:23.888+0000] {main_scrap.py:151} INFO - 職位詳情延遲 6.82 秒
[2024-11-03T06:47:43.906+0000] {main_scrap.py:151} INFO - 職位詳情延遲 5.33 秒
[2024-11-03T06:47:57.136+0000] {main_scrap.py:151} INFO - 職位詳情延遲 13.03 秒
[2024-11-03T06:48:20.282+0000] {main_scrap.py:151} INFO - 職位詳情延遲 6.34 秒
[2024-11-03T06:48:34.294+0000] {main_scrap.py:151} INFO - 職位詳情延遲 11.87 秒
[2024-11-03T06:48:53.881+0000] {main_scrap.py:151} INFO - 職位詳情延遲 6.73 秒
[2024-11-03T06:49:07.348+0000] {main_scrap.py:151} INFO - 職位詳情延遲 9.62 秒
[2024-11-03T06:49:32.001+0000] {main_scrap.py:151} INFO - 職位詳情延遲 7.36 秒
[2024-11-03T06:49:51.962+0000] {main_scrap.py:151} INFO - 職位詳情延遲 19.72 秒
[2024-11-03T06:50:20.939+0000] {main_scrap.py:151} INFO - 職位詳情延遲 13.34 秒
[2024-11-03T06:50:34.281+0000] {logging_mixin.py:190} WARNING - 爬取 機器學習工程師:  15%|#4        | 5/34 [38:35<3:40:21, 455.92s/it]
[2024-11-03T06:50:34.282+0000] {main_scrap.py:112} INFO - 頁面 6 延遲 9.94 秒
[2024-11-03T06:50:54.322+0000] {main_scrap.py:151} INFO - 職位詳情延遲 17.27 秒
[2024-11-03T06:51:21.952+0000] {main_scrap.py:151} INFO - 職位詳情延遲 5.48 秒
[2024-11-03T06:51:35.897+0000] {main_scrap.py:151} INFO - 職位詳情延遲 16.00 秒
[2024-11-03T06:52:05.522+0000] {main_scrap.py:151} INFO - 職位詳情延遲 9.70 秒
[2024-11-03T06:52:23.267+0000] {main_scrap.py:151} INFO - 職位詳情延遲 6.21 秒
[2024-11-03T06:52:39.897+0000] {main_scrap.py:151} INFO - 職位詳情延遲 5.06 秒
[2024-11-03T06:52:57.956+0000] {main_scrap.py:151} INFO - 職位詳情延遲 18.39 秒
[2024-11-03T06:53:31.601+0000] {main_scrap.py:151} INFO - 職位詳情延遲 19.31 秒
[2024-11-03T06:53:58.973+0000] {main_scrap.py:151} INFO - 職位詳情延遲 13.32 秒
[2024-11-03T06:54:20.392+0000] {main_scrap.py:151} INFO - 職位詳情延遲 17.31 秒
[2024-11-03T06:54:49.452+0000] {main_scrap.py:151} INFO - 職位詳情延遲 8.30 秒
[2024-11-03T06:55:05.952+0000] {main_scrap.py:151} INFO - 職位詳情延遲 7.19 秒
[2024-11-03T06:55:23.262+0000] {main_scrap.py:151} INFO - 職位詳情延遲 17.03 秒
[2024-11-03T06:55:45.982+0000] {main_scrap.py:151} INFO - 職位詳情延遲 6.99 秒
[2024-11-03T06:55:59.680+0000] {main_scrap.py:151} INFO - 職位詳情延遲 10.65 秒
[2024-11-03T06:56:19.921+0000] {main_scrap.py:151} INFO - 職位詳情延遲 12.03 秒
[2024-11-03T06:56:44.470+0000] {main_scrap.py:151} INFO - 職位詳情延遲 12.07 秒
[2024-11-03T06:57:05.880+0000] {main_scrap.py:151} INFO - 職位詳情延遲 14.42 秒
[2024-11-03T06:57:33.676+0000] {main_scrap.py:151} INFO - 職位詳情延遲 8.92 秒
[2024-11-03T06:57:48.840+0000] {main_scrap.py:151} INFO - 職位詳情延遲 18.86 秒
[2024-11-03T06:58:07.698+0000] {logging_mixin.py:190} WARNING - 爬取 機器學習工程師:  18%|#7        | 6/34 [46:09<3:32:21, 455.07s/it]
[2024-11-03T06:58:07.699+0000] {main_scrap.py:112} INFO - 頁面 7 延遲 17.41 秒
[2024-11-03T06:58:36.133+0000] {main_scrap.py:151} INFO - 職位詳情延遲 9.06 秒
[2024-11-03T06:58:56.969+0000] {main_scrap.py:151} INFO - 職位詳情延遲 14.82 秒
[2024-11-03T06:59:20.868+0000] {main_scrap.py:151} INFO - 職位詳情延遲 13.96 秒
[2024-11-03T06:59:40.995+0000] {main_scrap.py:151} INFO - 職位詳情延遲 14.35 秒
[2024-11-03T07:00:04.780+0000] {main_scrap.py:151} INFO - 職位詳情延遲 6.07 秒
[2024-11-03T07:00:20.893+0000] {main_scrap.py:151} INFO - 職位詳情延遲 16.95 秒
[2024-11-03T07:00:51.420+0000] {main_scrap.py:151} INFO - 職位詳情延遲 14.60 秒
[2024-11-03T07:01:13.822+0000] {main_scrap.py:151} INFO - 職位詳情延遲 9.75 秒
[2024-11-03T07:01:32.419+0000] {main_scrap.py:151} INFO - 職位詳情延遲 7.70 秒
[2024-11-03T07:01:54.292+0000] {main_scrap.py:151} INFO - 職位詳情延遲 13.81 秒
[2024-11-03T07:02:22.221+0000] {main_scrap.py:151} INFO - 職位詳情延遲 13.91 秒
[2024-11-03T07:02:46.522+0000] {main_scrap.py:151} INFO - 職位詳情延遲 16.20 秒
[2024-11-03T07:03:09.250+0000] {main_scrap.py:151} INFO - 職位詳情延遲 9.89 秒
[2024-11-03T07:03:33.298+0000] {main_scrap.py:151} INFO - 職位詳情延遲 8.88 秒
[2024-11-03T07:03:57.312+0000] {main_scrap.py:151} INFO - 職位詳情延遲 18.62 秒
[2024-11-03T07:04:31.198+0000] {main_scrap.py:151} INFO - 職位詳情延遲 19.24 秒
[2024-11-03T07:05:01.171+0000] {main_scrap.py:151} INFO - 職位詳情延遲 10.07 秒
[2024-11-03T07:05:21.419+0000] {main_scrap.py:151} INFO - 職位詳情延遲 8.79 秒
[2024-11-03T07:05:41.284+0000] {main_scrap.py:151} INFO - 職位詳情延遲 18.65 秒
[2024-11-03T07:06:09.035+0000] {main_scrap.py:151} INFO - 職位詳情延遲 14.25 秒
[2024-11-03T07:06:23.282+0000] {logging_mixin.py:190} WARNING - 爬取 機器學習工程師:  21%|##        | 7/34 [54:24<3:30:44, 468.31s/it]
[2024-11-03T07:06:23.283+0000] {main_scrap.py:112} INFO - 頁面 8 延遲 10.08 秒
[2024-11-03T07:06:44.575+0000] {main_scrap.py:151} INFO - 職位詳情延遲 6.03 秒
[2024-11-03T07:07:05.012+0000] {main_scrap.py:151} INFO - 職位詳情延遲 8.14 秒
[2024-11-03T07:07:19.062+0000] {main_scrap.py:151} INFO - 職位詳情延遲 15.69 秒
[2024-11-03T07:07:48.888+0000] {main_scrap.py:151} INFO - 職位詳情延遲 11.10 秒
[2024-11-03T07:08:06.853+0000] {main_scrap.py:151} INFO - 職位詳情延遲 6.41 秒
[2024-11-03T07:08:25.539+0000] {main_scrap.py:151} INFO - 職位詳情延遲 8.02 秒
[2024-11-03T07:08:44.416+0000] {main_scrap.py:151} INFO - 職位詳情延遲 15.45 秒
[2024-11-03T07:09:08.632+0000] {main_scrap.py:151} INFO - 職位詳情延遲 15.52 秒
[2024-11-03T07:09:39.221+0000] {main_scrap.py:151} INFO - 職位詳情延遲 17.44 秒
[2024-11-03T07:10:04.615+0000] {main_scrap.py:151} INFO - 職位詳情延遲 8.17 秒
[2024-11-03T07:10:19.909+0000] {main_scrap.py:151} INFO - 職位詳情延遲 6.18 秒
[2024-11-03T07:10:37.504+0000] {main_scrap.py:151} INFO - 職位詳情延遲 16.95 秒
[2024-11-03T07:11:08.993+0000] {main_scrap.py:151} INFO - 職位詳情延遲 5.90 秒
[2024-11-03T07:11:21.954+0000] {main_scrap.py:151} INFO - 職位詳情延遲 19.88 秒
[2024-11-03T07:11:53.506+0000] {main_scrap.py:151} INFO - 職位詳情延遲 5.83 秒
[2024-11-03T07:11:57.883+0000] {timeout.py:68} ERROR - Process timed out, PID: 447
[2024-11-03T07:11:57.884+0000] {logging_mixin.py:190} WARNING - 爬取 機器學習工程師:  21%|##        | 7/34 [59:59<3:51:23, 514.20s/it]
[2024-11-03T07:11:57.890+0000] {taskinstance.py:3310} ERROR - Task failed with exception
Traceback (most recent call last):
  File "/home/airflow/.local/lib/python3.12/site-packages/airflow/models/taskinstance.py", line 762, in _execute_task
    result = _execute_callable(context=context, **execute_callable_kwargs)
             ^^^^^^^^^^^^^^^^^^^^^^^^^^^^^^^^^^^^^^^^^^^^^^^^^^^^^^^^^^^^^
  File "/home/airflow/.local/lib/python3.12/site-packages/airflow/models/taskinstance.py", line 733, in _execute_callable
    return ExecutionCallableRunner(
           ^^^^^^^^^^^^^^^^^^^^^^^^
  File "/home/airflow/.local/lib/python3.12/site-packages/airflow/utils/operator_helpers.py", line 252, in run
    return self.func(*args, **kwargs)
           ^^^^^^^^^^^^^^^^^^^^^^^^^^
  File "/home/airflow/.local/lib/python3.12/site-packages/airflow/models/baseoperator.py", line 406, in wrapper
    return func(self, *args, **kwargs)
           ^^^^^^^^^^^^^^^^^^^^^^^^^^^
  File "/home/airflow/.local/lib/python3.12/site-packages/airflow/operators/python.py", line 238, in execute
    return_value = self.execute_callable()
                   ^^^^^^^^^^^^^^^^^^^^^^^
  File "/home/airflow/.local/lib/python3.12/site-packages/airflow/operators/python.py", line 256, in execute_callable
    return runner.run(*self.op_args, **self.op_kwargs)
           ^^^^^^^^^^^^^^^^^^^^^^^^^^^^^^^^^^^^^^^^^^^
  File "/home/airflow/.local/lib/python3.12/site-packages/airflow/utils/operator_helpers.py", line 252, in run
    return self.func(*args, **kwargs)
           ^^^^^^^^^^^^^^^^^^^^^^^^^^
  File "/opt/airflow/tasks/main_scrap.py", line 264, in web_crawler
    scraper.scrape_jobs(key_txt)
  File "/opt/airflow/tasks/main_scrap.py", line 152, in scrape_jobs
    time.sleep(sleep_time)
  File "/home/airflow/.local/lib/python3.12/site-packages/airflow/utils/timeout.py", line 69, in handle_timeout
    raise AirflowTaskTimeout(self.error_message)
airflow.exceptions.AirflowTaskTimeout: Timeout, PID: 447
[2024-11-03T07:11:57.898+0000] {taskinstance.py:1225} INFO - Marking task as UP_FOR_RETRY. dag_id=job_scraping_pipeline, task_id=scrape_chunk_3, run_id=manual__2024-11-02T21:01:36.690915+00:00, execution_date=20241102T210136, start_date=20241103T061157, end_date=20241103T071157
[2024-11-03T07:11:57.913+0000] {taskinstance.py:340} INFO - ::group::Post task execution logs
[2024-11-03T07:11:57.946+0000] {local_task_job_runner.py:266} INFO - Task exited with return code 2
[2024-11-03T07:11:57.968+0000] {taskinstance.py:3900} INFO - 0 downstream tasks scheduled from follow-on schedule check
[2024-11-03T07:11:57.969+0000] {local_task_job_runner.py:245} INFO - ::endgroup::
