[2024-11-02T20:57:53.933+0000] {local_task_job_runner.py:123} INFO - ::group::Pre task execution logs
[2024-11-02T20:57:53.946+0000] {taskinstance.py:2612} INFO - Dependencies all met for dep_context=non-requeueable deps ti=<TaskInstance: job_scraping_pipeline.scrape_chunk_2 manual__2024-11-02T20:26:16.200494+00:00 [None]>
[2024-11-02T20:57:53.953+0000] {taskinstance.py:2612} INFO - Dependencies all met for dep_context=requeueable deps ti=<TaskInstance: job_scraping_pipeline.scrape_chunk_2 manual__2024-11-02T20:26:16.200494+00:00 [None]>
[2024-11-02T20:57:53.953+0000] {taskinstance.py:2865} INFO - Starting attempt 1 of 5
[2024-11-02T20:57:53.971+0000] {taskinstance.py:2888} INFO - Executing <Task(PythonOperator): scrape_chunk_2> on 2024-11-02 20:26:16.200494+00:00
[2024-11-02T20:57:53.986+0000] {standard_task_runner.py:104} INFO - Running: ['airflow', 'tasks', 'run', 'job_scraping_pipeline', 'scrape_chunk_2', 'manual__2024-11-02T20:26:16.200494+00:00', '--job-id', '56', '--raw', '--subdir', 'DAGS_FOLDER/test.py', '--cfg-path', '/tmp/tmpnl0dodyg']
[2024-11-02T20:57:53.990+0000] {standard_task_runner.py:105} INFO - Job 56: Subtask scrape_chunk_2
[2024-11-02T20:57:53.993+0000] {logging_mixin.py:190} WARNING - /home/airflow/.local/lib/python3.12/site-packages/airflow/task/task_runner/standard_task_runner.py:70 DeprecationWarning: This process (pid=244) is multi-threaded, use of fork() may lead to deadlocks in the child.
[2024-11-02T20:57:53.994+0000] {standard_task_runner.py:72} INFO - Started process 249 to run task
[2024-11-02T20:57:54.038+0000] {task_command.py:467} INFO - Running <TaskInstance: job_scraping_pipeline.scrape_chunk_2 manual__2024-11-02T20:26:16.200494+00:00 [running]> on host 6fb5d61061dc
[2024-11-02T20:57:54.118+0000] {taskinstance.py:3131} INFO - Exporting env vars: AIRFLOW_CTX_DAG_OWNER='airflow' AIRFLOW_CTX_DAG_ID='job_scraping_pipeline' AIRFLOW_CTX_TASK_ID='scrape_chunk_2' AIRFLOW_CTX_EXECUTION_DATE='2024-11-02T20:26:16.200494+00:00' AIRFLOW_CTX_TRY_NUMBER='1' AIRFLOW_CTX_DAG_RUN_ID='manual__2024-11-02T20:26:16.200494+00:00'
[2024-11-02T20:57:54.119+0000] {taskinstance.py:731} INFO - ::endgroup::
[2024-11-02T20:57:54.139+0000] {main_scrap.py:56} INFO - 初始化完成，輸出目錄: jobs_csv
[2024-11-02T20:57:54.140+0000] {main_scrap.py:94} INFO - 開始爬取關鍵字: 資料科學家
[2024-11-02T20:57:54.140+0000] {main_scrap.py:77} INFO - 請求URL: https://www.104.com.tw/jobs/search/?ro=0&kwop=7&keyword=%E8%B3%87%E6%96%99%E7%A7%91%E5%AD%B8%E5%AE%B6&order=15&asc=0&page=1&mode=s&jobsource=m_joblist_search&searchTempExclude=2
[2024-11-02T20:57:54.704+0000] {main_scrap.py:107} INFO - 開始爬取關鍵字: 資料科學家, 共有：24 頁
[2024-11-02T20:57:54.711+0000] {logging_mixin.py:190} WARNING - 爬取 資料科學家:   0%|          | 0/24 [00:00<?, ?it/s]
[2024-11-02T20:57:54.712+0000] {main_scrap.py:112} INFO - 頁面 1 延遲 7.94 秒
[2024-11-02T20:58:18.438+0000] {main_scrap.py:151} INFO - 職位詳情延遲 16.19 秒
[2024-11-02T20:58:40.997+0000] {main_scrap.py:151} INFO - 職位詳情延遲 12.75 秒
[2024-11-02T20:59:01.848+0000] {main_scrap.py:151} INFO - 職位詳情延遲 7.57 秒
[2024-11-02T20:59:23.660+0000] {main_scrap.py:151} INFO - 職位詳情延遲 15.47 秒
[2024-11-02T20:59:53.867+0000] {main_scrap.py:151} INFO - 職位詳情延遲 6.38 秒
[2024-11-02T20:59:55.120+0000] {local_task_job_runner.py:346} WARNING - State of this instance has been externally set to failed. Terminating instance.
[2024-11-02T20:59:55.121+0000] {local_task_job_runner.py:245} INFO - ::endgroup::
[2024-11-02T20:59:55.123+0000] {process_utils.py:132} INFO - Sending 15 to group 249. PIDs of all processes in the group: [249]
[2024-11-02T20:59:55.123+0000] {process_utils.py:87} INFO - Sending the signal 15 to group 249
[2024-11-02T20:59:55.123+0000] {taskinstance.py:3092} ERROR - Received SIGTERM. Terminating subprocesses.
[2024-11-02T20:59:55.124+0000] {logging_mixin.py:190} WARNING - 爬取 資料科學家:   0%|          | 0/24 [02:00<?, ?it/s]
[2024-11-02T20:59:55.140+0000] {taskinstance.py:340} INFO - ::group::Post task execution logs
[2024-11-02T20:59:55.175+0000] {process_utils.py:80} INFO - Process psutil.Process(pid=249, status='terminated', exitcode=0, started='20:57:53') (249) terminated with exit code 0
