[2024-11-02T20:54:22.883+0000] {local_task_job_runner.py:123} INFO - ::group::Pre task execution logs
[2024-11-02T20:54:22.897+0000] {taskinstance.py:2612} INFO - Dependencies all met for dep_context=non-requeueable deps ti=<TaskInstance: job_scraping_pipeline.scrape_chunk_0 manual__2024-11-02T10:18:09.096740+00:00 [queued]>
[2024-11-02T20:54:22.906+0000] {taskinstance.py:2612} INFO - Dependencies all met for dep_context=requeueable deps ti=<TaskInstance: job_scraping_pipeline.scrape_chunk_0 manual__2024-11-02T10:18:09.096740+00:00 [queued]>
[2024-11-02T20:54:22.907+0000] {taskinstance.py:2865} INFO - Starting attempt 2 of 5
[2024-11-02T20:54:22.923+0000] {taskinstance.py:2888} INFO - Executing <Task(PythonOperator): scrape_chunk_0> on 2024-11-02 10:18:09.096740+00:00
[2024-11-02T20:54:22.936+0000] {standard_task_runner.py:104} INFO - Running: ['airflow', 'tasks', 'run', 'job_scraping_pipeline', 'scrape_chunk_0', 'manual__2024-11-02T10:18:09.096740+00:00', '--job-id', '52', '--raw', '--subdir', 'DAGS_FOLDER/test.py', '--cfg-path', '/tmp/tmp9p07k10z']
[2024-11-02T20:54:22.940+0000] {standard_task_runner.py:105} INFO - Job 52: Subtask scrape_chunk_0
[2024-11-02T20:54:22.941+0000] {logging_mixin.py:190} WARNING - /home/airflow/.local/lib/python3.12/site-packages/airflow/task/task_runner/standard_task_runner.py:70 DeprecationWarning: This process (pid=212) is multi-threaded, use of fork() may lead to deadlocks in the child.
[2024-11-02T20:54:22.942+0000] {standard_task_runner.py:72} INFO - Started process 217 to run task
[2024-11-02T20:54:22.985+0000] {task_command.py:467} INFO - Running <TaskInstance: job_scraping_pipeline.scrape_chunk_0 manual__2024-11-02T10:18:09.096740+00:00 [running]> on host 6fb5d61061dc
[2024-11-02T20:54:23.061+0000] {taskinstance.py:3131} INFO - Exporting env vars: AIRFLOW_CTX_DAG_OWNER='airflow' AIRFLOW_CTX_DAG_ID='job_scraping_pipeline' AIRFLOW_CTX_TASK_ID='scrape_chunk_0' AIRFLOW_CTX_EXECUTION_DATE='2024-11-02T10:18:09.096740+00:00' AIRFLOW_CTX_TRY_NUMBER='2' AIRFLOW_CTX_DAG_RUN_ID='manual__2024-11-02T10:18:09.096740+00:00'
[2024-11-02T20:54:23.064+0000] {taskinstance.py:731} INFO - ::endgroup::
[2024-11-02T20:54:23.082+0000] {main_scrap.py:56} INFO - 初始化完成，輸出目錄: jobs_csv
[2024-11-02T20:54:23.083+0000] {main_scrap.py:94} INFO - 開始爬取關鍵字: 軟體工程師
[2024-11-02T20:54:23.083+0000] {main_scrap.py:77} INFO - 請求URL: https://www.104.com.tw/jobs/search/?ro=0&kwop=7&keyword=%E8%BB%9F%E9%AB%94%E5%B7%A5%E7%A8%8B%E5%B8%AB&order=15&asc=0&page=1&mode=s&jobsource=m_joblist_search&searchTempExclude=2
[2024-11-02T20:54:23.654+0000] {main_scrap.py:107} INFO - 開始爬取關鍵字: 軟體工程師, 共有：150 頁
[2024-11-02T20:54:23.661+0000] {logging_mixin.py:190} WARNING - 爬取 軟體工程師:   0%|          | 0/150 [00:00<?, ?it/s]
[2024-11-02T20:54:23.661+0000] {main_scrap.py:112} INFO - 頁面 1 延遲 6.33 秒
[2024-11-02T20:54:41.507+0000] {main_scrap.py:151} INFO - 職位詳情延遲 10.56 秒
[2024-11-02T20:55:06.123+0000] {main_scrap.py:151} INFO - 職位詳情延遲 15.37 秒
[2024-11-02T20:55:28.284+0000] {main_scrap.py:151} INFO - 職位詳情延遲 11.77 秒
[2024-11-02T20:55:48.970+0000] {main_scrap.py:151} INFO - 職位詳情延遲 9.55 秒
[2024-11-02T20:56:10.780+0000] {main_scrap.py:151} INFO - 職位詳情延遲 10.78 秒
[2024-11-02T20:56:30.606+0000] {main_scrap.py:151} INFO - 職位詳情延遲 7.02 秒
[2024-11-02T20:56:43.101+0000] {main_scrap.py:151} INFO - 職位詳情延遲 12.06 秒
[2024-11-02T20:56:44.229+0000] {local_task_job_runner.py:346} WARNING - State of this instance has been externally set to restarting. Terminating instance.
[2024-11-02T20:56:44.231+0000] {local_task_job_runner.py:245} INFO - ::endgroup::
[2024-11-02T20:56:44.233+0000] {process_utils.py:132} INFO - Sending 15 to group 217. PIDs of all processes in the group: [217]
[2024-11-02T20:56:44.234+0000] {process_utils.py:87} INFO - Sending the signal 15 to group 217
[2024-11-02T20:56:44.234+0000] {taskinstance.py:3092} ERROR - Received SIGTERM. Terminating subprocesses.
[2024-11-02T20:56:44.235+0000] {logging_mixin.py:190} WARNING - 爬取 軟體工程師:   0%|          | 0/150 [02:20<?, ?it/s]
[2024-11-02T20:56:44.244+0000] {taskinstance.py:3310} ERROR - Task failed with exception
Traceback (most recent call last):
  File "/home/airflow/.local/lib/python3.12/site-packages/airflow/models/taskinstance.py", line 762, in _execute_task
    result = _execute_callable(context=context, **execute_callable_kwargs)
             ^^^^^^^^^^^^^^^^^^^^^^^^^^^^^^^^^^^^^^^^^^^^^^^^^^^^^^^^^^^^^
  File "/home/airflow/.local/lib/python3.12/site-packages/airflow/models/taskinstance.py", line 733, in _execute_callable
    return ExecutionCallableRunner(
           ^^^^^^^^^^^^^^^^^^^^^^^^
  File "/home/airflow/.local/lib/python3.12/site-packages/airflow/utils/operator_helpers.py", line 252, in run
    return self.func(*args, **kwargs)
           ^^^^^^^^^^^^^^^^^^^^^^^^^^
  File "/home/airflow/.local/lib/python3.12/site-packages/airflow/models/baseoperator.py", line 406, in wrapper
    return func(self, *args, **kwargs)
           ^^^^^^^^^^^^^^^^^^^^^^^^^^^
  File "/home/airflow/.local/lib/python3.12/site-packages/airflow/operators/python.py", line 238, in execute
    return_value = self.execute_callable()
                   ^^^^^^^^^^^^^^^^^^^^^^^
  File "/home/airflow/.local/lib/python3.12/site-packages/airflow/operators/python.py", line 256, in execute_callable
    return runner.run(*self.op_args, **self.op_kwargs)
           ^^^^^^^^^^^^^^^^^^^^^^^^^^^^^^^^^^^^^^^^^^^
  File "/home/airflow/.local/lib/python3.12/site-packages/airflow/utils/operator_helpers.py", line 252, in run
    return self.func(*args, **kwargs)
           ^^^^^^^^^^^^^^^^^^^^^^^^^^
  File "/opt/airflow/tasks/main_scrap.py", line 264, in web_crawler
    scraper.scrape_jobs(key_txt)
  File "/opt/airflow/tasks/main_scrap.py", line 152, in scrape_jobs
    time.sleep(sleep_time)
  File "/home/airflow/.local/lib/python3.12/site-packages/airflow/models/taskinstance.py", line 3094, in signal_handler
    raise AirflowTaskTerminated("Task received SIGTERM signal")
airflow.exceptions.AirflowTaskTerminated: Task received SIGTERM signal
[2024-11-02T20:56:44.250+0000] {taskinstance.py:1225} INFO - Marking task as UP_FOR_RETRY. dag_id=job_scraping_pipeline, task_id=scrape_chunk_0, run_id=manual__2024-11-02T10:18:09.096740+00:00, execution_date=20241102T101809, start_date=20241102T205422, end_date=20241102T205644
[2024-11-02T20:56:44.267+0000] {taskinstance.py:340} INFO - ::group::Post task execution logs
[2024-11-02T20:56:44.286+0000] {process_utils.py:80} INFO - Process psutil.Process(pid=217, status='terminated', exitcode=2, started='20:54:22') (217) terminated with exit code 2
