[2024-11-02T20:26:21.087+0000] {local_task_job_runner.py:123} INFO - ::group::Pre task execution logs
[2024-11-02T20:26:21.101+0000] {taskinstance.py:2612} INFO - Dependencies all met for dep_context=non-requeueable deps ti=<TaskInstance: job_scraping_pipeline.scrape_chunk_0 manual__2024-11-02T10:18:09.096740+00:00 [queued]>
[2024-11-02T20:26:21.110+0000] {taskinstance.py:2612} INFO - Dependencies all met for dep_context=requeueable deps ti=<TaskInstance: job_scraping_pipeline.scrape_chunk_0 manual__2024-11-02T10:18:09.096740+00:00 [queued]>
[2024-11-02T20:26:21.111+0000] {taskinstance.py:2865} INFO - Starting attempt 1 of 4
[2024-11-02T20:26:21.126+0000] {taskinstance.py:2888} INFO - Executing <Task(PythonOperator): scrape_chunk_0> on 2024-11-02 10:18:09.096740+00:00
[2024-11-02T20:26:21.139+0000] {standard_task_runner.py:104} INFO - Running: ['airflow', 'tasks', 'run', 'job_scraping_pipeline', 'scrape_chunk_0', 'manual__2024-11-02T10:18:09.096740+00:00', '--job-id', '50', '--raw', '--subdir', 'DAGS_FOLDER/test.py', '--cfg-path', '/tmp/tmp6du5jg3b']
[2024-11-02T20:26:21.142+0000] {standard_task_runner.py:105} INFO - Job 50: Subtask scrape_chunk_0
[2024-11-02T20:26:21.143+0000] {logging_mixin.py:190} WARNING - /home/airflow/.local/lib/python3.12/site-packages/airflow/task/task_runner/standard_task_runner.py:70 DeprecationWarning: This process (pid=193) is multi-threaded, use of fork() may lead to deadlocks in the child.
[2024-11-02T20:26:21.144+0000] {standard_task_runner.py:72} INFO - Started process 198 to run task
[2024-11-02T20:26:21.185+0000] {task_command.py:467} INFO - Running <TaskInstance: job_scraping_pipeline.scrape_chunk_0 manual__2024-11-02T10:18:09.096740+00:00 [running]> on host 6fb5d61061dc
[2024-11-02T20:26:21.261+0000] {taskinstance.py:3131} INFO - Exporting env vars: AIRFLOW_CTX_DAG_OWNER='airflow' AIRFLOW_CTX_DAG_ID='job_scraping_pipeline' AIRFLOW_CTX_TASK_ID='scrape_chunk_0' AIRFLOW_CTX_EXECUTION_DATE='2024-11-02T10:18:09.096740+00:00' AIRFLOW_CTX_TRY_NUMBER='1' AIRFLOW_CTX_DAG_RUN_ID='manual__2024-11-02T10:18:09.096740+00:00'
[2024-11-02T20:26:21.263+0000] {taskinstance.py:731} INFO - ::endgroup::
[2024-11-02T20:26:21.285+0000] {main_scrap.py:56} INFO - 初始化完成，輸出目錄: jobs_csv
[2024-11-02T20:26:21.285+0000] {main_scrap.py:94} INFO - 開始爬取關鍵字: 軟體工程師
[2024-11-02T20:26:21.286+0000] {main_scrap.py:77} INFO - 請求URL: https://www.104.com.tw/jobs/search/?ro=0&kwop=7&keyword=%E8%BB%9F%E9%AB%94%E5%B7%A5%E7%A8%8B%E5%B8%AB&order=15&asc=0&page=1&mode=s&jobsource=m_joblist_search&searchTempExclude=2
[2024-11-02T20:26:21.917+0000] {main_scrap.py:107} INFO - 開始爬取關鍵字: 軟體工程師, 共有：150 頁
[2024-11-02T20:26:21.925+0000] {logging_mixin.py:190} WARNING - 爬取 軟體工程師:   0%|          | 0/150 [00:00<?, ?it/s]
[2024-11-02T20:26:21.925+0000] {main_scrap.py:112} INFO - 頁面 1 延遲 12.45 秒
[2024-11-02T20:26:46.950+0000] {main_scrap.py:151} INFO - 職位詳情延遲 10.58 秒
[2024-11-02T20:27:09.868+0000] {main_scrap.py:151} INFO - 職位詳情延遲 19.09 秒
[2024-11-02T20:27:41.834+0000] {main_scrap.py:151} INFO - 職位詳情延遲 10.97 秒
[2024-11-02T20:28:02.215+0000] {main_scrap.py:151} INFO - 職位詳情延遲 13.31 秒
[2024-11-02T20:28:24.177+0000] {main_scrap.py:151} INFO - 職位詳情延遲 6.08 秒
[2024-11-02T20:28:39.591+0000] {main_scrap.py:151} INFO - 職位詳情延遲 12.04 秒
[2024-11-02T20:28:57.638+0000] {main_scrap.py:151} INFO - 職位詳情延遲 12.82 秒
[2024-11-02T20:29:22.446+0000] {main_scrap.py:151} INFO - 職位詳情延遲 11.96 秒
[2024-11-02T20:29:46.164+0000] {main_scrap.py:151} INFO - 職位詳情延遲 14.69 秒
[2024-11-02T20:30:13.157+0000] {main_scrap.py:151} INFO - 職位詳情延遲 19.82 秒
[2024-11-02T20:30:40.172+0000] {main_scrap.py:151} INFO - 職位詳情延遲 6.28 秒
[2024-11-02T20:30:57.136+0000] {main_scrap.py:151} INFO - 職位詳情延遲 7.92 秒
[2024-11-02T20:31:14.704+0000] {main_scrap.py:151} INFO - 職位詳情延遲 10.85 秒
[2024-11-02T20:31:33.114+0000] {main_scrap.py:151} INFO - 職位詳情延遲 19.47 秒
[2024-11-02T20:32:05.084+0000] {main_scrap.py:151} INFO - 職位詳情延遲 15.77 秒
[2024-11-02T20:32:31.112+0000] {main_scrap.py:151} INFO - 職位詳情延遲 10.28 秒
[2024-11-02T20:32:49.312+0000] {main_scrap.py:151} INFO - 職位詳情延遲 14.70 秒
[2024-11-02T20:33:15.879+0000] {main_scrap.py:151} INFO - 職位詳情延遲 7.36 秒
[2024-11-02T20:33:31.104+0000] {main_scrap.py:151} INFO - 職位詳情延遲 15.86 秒
[2024-11-02T20:33:54.981+0000] {main_scrap.py:151} INFO - 職位詳情延遲 6.65 秒
[2024-11-02T20:34:07.223+0000] {main_scrap.py:151} INFO - 職位詳情延遲 10.09 秒
[2024-11-02T20:34:31.748+0000] {main_scrap.py:151} INFO - 職位詳情延遲 10.43 秒
[2024-11-02T20:34:42.177+0000] {logging_mixin.py:190} WARNING - 爬取 軟體工程師:   1%|          | 1/150 [08:20<20:42:17, 500.25s/it]
[2024-11-02T20:34:42.177+0000] {main_scrap.py:112} INFO - 頁面 2 延遲 7.85 秒
[2024-11-02T20:35:04.736+0000] {main_scrap.py:151} INFO - 職位詳情延遲 8.53 秒
[2024-11-02T20:35:19.491+0000] {main_scrap.py:151} INFO - 職位詳情延遲 14.30 秒
[2024-11-02T20:35:48.782+0000] {main_scrap.py:151} INFO - 職位詳情延遲 10.80 秒
[2024-11-02T20:36:14.616+0000] {main_scrap.py:151} INFO - 職位詳情延遲 16.17 秒
[2024-11-02T20:36:39.614+0000] {main_scrap.py:151} INFO - 職位詳情延遲 9.11 秒
[2024-11-02T20:37:02.697+0000] {main_scrap.py:151} INFO - 職位詳情延遲 15.63 秒
[2024-11-02T20:37:32.509+0000] {main_scrap.py:151} INFO - 職位詳情延遲 13.46 秒
[2024-11-02T20:37:59.788+0000] {main_scrap.py:151} INFO - 職位詳情延遲 16.78 秒
[2024-11-02T20:38:23.972+0000] {main_scrap.py:151} INFO - 職位詳情延遲 14.62 秒
[2024-11-02T20:38:46.819+0000] {main_scrap.py:151} INFO - 職位詳情延遲 15.25 秒
[2024-11-02T20:39:07.662+0000] {main_scrap.py:151} INFO - 職位詳情延遲 5.65 秒
[2024-11-02T20:39:24.239+0000] {main_scrap.py:151} INFO - 職位詳情延遲 14.96 秒
[2024-11-02T20:39:46.529+0000] {main_scrap.py:151} INFO - 職位詳情延遲 8.68 秒
[2024-11-02T20:40:06.011+0000] {main_scrap.py:151} INFO - 職位詳情延遲 13.64 秒
[2024-11-02T20:40:33.544+0000] {main_scrap.py:151} INFO - 職位詳情延遲 17.94 秒
[2024-11-02T20:41:03.971+0000] {main_scrap.py:151} INFO - 職位詳情延遲 7.12 秒
[2024-11-02T20:41:26.043+0000] {main_scrap.py:151} INFO - 職位詳情延遲 19.80 秒
[2024-11-02T20:42:00.172+0000] {main_scrap.py:151} INFO - 職位詳情延遲 5.11 秒
[2024-11-02T20:42:15.679+0000] {main_scrap.py:151} INFO - 職位詳情延遲 6.88 秒
[2024-11-02T20:42:30.866+0000] {main_scrap.py:151} INFO - 職位詳情延遲 5.40 秒
[2024-11-02T20:42:45.890+0000] {main_scrap.py:151} INFO - 職位詳情延遲 16.43 秒
[2024-11-02T20:43:14.243+0000] {main_scrap.py:151} INFO - 職位詳情延遲 10.89 秒
[2024-11-02T20:43:25.136+0000] {logging_mixin.py:190} WARNING - 爬取 軟體工程師:   1%|1         | 2/150 [17:03<21:06:54, 513.61s/it]
[2024-11-02T20:43:25.136+0000] {main_scrap.py:112} INFO - 頁面 3 延遲 18.63 秒
[2024-11-02T20:43:55.528+0000] {main_scrap.py:151} INFO - 職位詳情延遲 14.67 秒
[2024-11-02T20:44:18.809+0000] {main_scrap.py:151} INFO - 職位詳情延遲 6.74 秒
[2024-11-02T20:44:34.938+0000] {main_scrap.py:151} INFO - 職位詳情延遲 17.52 秒
[2024-11-02T20:45:05.625+0000] {main_scrap.py:151} INFO - 職位詳情延遲 15.77 秒
[2024-11-02T20:45:28.618+0000] {main_scrap.py:151} INFO - 職位詳情延遲 7.13 秒
[2024-11-02T20:45:50.238+0000] {main_scrap.py:151} INFO - 職位詳情延遲 16.93 秒
[2024-11-02T20:46:20.734+0000] {main_scrap.py:151} INFO - 職位詳情延遲 8.65 秒
[2024-11-02T20:46:38.716+0000] {main_scrap.py:151} INFO - 職位詳情延遲 17.97 秒
[2024-11-02T20:47:07.959+0000] {main_scrap.py:151} INFO - 職位詳情延遲 11.24 秒
[2024-11-02T20:47:25.025+0000] {main_scrap.py:151} INFO - 職位詳情延遲 5.73 秒
[2024-11-02T20:47:40.349+0000] {main_scrap.py:151} INFO - 職位詳情延遲 16.22 秒
[2024-11-02T20:48:06.115+0000] {main_scrap.py:151} INFO - 職位詳情延遲 19.52 秒
[2024-11-02T20:48:28.143+0000] {local_task_job_runner.py:346} WARNING - State of this instance has been externally set to None. Terminating instance.
[2024-11-02T20:48:28.144+0000] {local_task_job_runner.py:245} INFO - ::endgroup::
[2024-11-02T20:48:28.146+0000] {process_utils.py:132} INFO - Sending 15 to group 198. PIDs of all processes in the group: [198]
[2024-11-02T20:48:28.146+0000] {process_utils.py:87} INFO - Sending the signal 15 to group 198
[2024-11-02T20:48:28.147+0000] {taskinstance.py:3092} ERROR - Received SIGTERM. Terminating subprocesses.
[2024-11-02T20:48:28.147+0000] {logging_mixin.py:190} WARNING - 爬取 軟體工程師:   1%|1         | 2/150 [22:06<27:15:40, 663.11s/it]
[2024-11-02T20:48:28.154+0000] {taskinstance.py:3310} ERROR - Task failed with exception
Traceback (most recent call last):
  File "/home/airflow/.local/lib/python3.12/site-packages/airflow/models/taskinstance.py", line 762, in _execute_task
    result = _execute_callable(context=context, **execute_callable_kwargs)
             ^^^^^^^^^^^^^^^^^^^^^^^^^^^^^^^^^^^^^^^^^^^^^^^^^^^^^^^^^^^^^
  File "/home/airflow/.local/lib/python3.12/site-packages/airflow/models/taskinstance.py", line 733, in _execute_callable
    return ExecutionCallableRunner(
           ^^^^^^^^^^^^^^^^^^^^^^^^
  File "/home/airflow/.local/lib/python3.12/site-packages/airflow/utils/operator_helpers.py", line 252, in run
    return self.func(*args, **kwargs)
           ^^^^^^^^^^^^^^^^^^^^^^^^^^
  File "/home/airflow/.local/lib/python3.12/site-packages/airflow/models/baseoperator.py", line 406, in wrapper
    return func(self, *args, **kwargs)
           ^^^^^^^^^^^^^^^^^^^^^^^^^^^
  File "/home/airflow/.local/lib/python3.12/site-packages/airflow/operators/python.py", line 238, in execute
    return_value = self.execute_callable()
                   ^^^^^^^^^^^^^^^^^^^^^^^
  File "/home/airflow/.local/lib/python3.12/site-packages/airflow/operators/python.py", line 256, in execute_callable
    return runner.run(*self.op_args, **self.op_kwargs)
           ^^^^^^^^^^^^^^^^^^^^^^^^^^^^^^^^^^^^^^^^^^^
  File "/home/airflow/.local/lib/python3.12/site-packages/airflow/utils/operator_helpers.py", line 252, in run
    return self.func(*args, **kwargs)
           ^^^^^^^^^^^^^^^^^^^^^^^^^^
  File "/opt/airflow/tasks/main_scrap.py", line 264, in web_crawler
    scraper.scrape_jobs(key_txt)
  File "/opt/airflow/tasks/main_scrap.py", line 147, in scrape_jobs
    introduction, tools, skills, job_categories, major_requirement, other_requirements = self.extract_job_details(detail_soup)
                                                                                         ^^^^^^^^^^^^^^^^^^^^^^^^^^^^^^^^^^^^^
  File "/opt/airflow/tasks/main_scrap.py", line 200, in extract_job_details
    time.sleep(random.uniform(5, 15))
  File "/home/airflow/.local/lib/python3.12/site-packages/airflow/models/taskinstance.py", line 3094, in signal_handler
    raise AirflowTaskTerminated("Task received SIGTERM signal")
airflow.exceptions.AirflowTaskTerminated: Task received SIGTERM signal
[2024-11-02T20:48:28.159+0000] {taskinstance.py:1225} INFO - Marking task as UP_FOR_RETRY. dag_id=job_scraping_pipeline, task_id=scrape_chunk_0, run_id=manual__2024-11-02T10:18:09.096740+00:00, execution_date=20241102T101809, start_date=20241102T202621, end_date=20241102T204828
[2024-11-02T20:48:28.171+0000] {taskinstance.py:340} INFO - ::group::Post task execution logs
[2024-11-02T20:48:28.199+0000] {process_utils.py:80} INFO - Process psutil.Process(pid=198, status='terminated', exitcode=2, started='20:26:20') (198) terminated with exit code 2
