[2024-11-03T01:11:30.990+0000] {local_task_job_runner.py:123} INFO - ::group::Pre task execution logs
[2024-11-03T01:11:31.002+0000] {taskinstance.py:2612} INFO - Dependencies all met for dep_context=non-requeueable deps ti=<TaskInstance: job_scraping_pipeline.scrape_chunk_4 manual__2024-11-02T21:01:36.690915+00:00 [queued]>
[2024-11-03T01:11:31.011+0000] {taskinstance.py:2612} INFO - Dependencies all met for dep_context=requeueable deps ti=<TaskInstance: job_scraping_pipeline.scrape_chunk_4 manual__2024-11-02T21:01:36.690915+00:00 [queued]>
[2024-11-03T01:11:31.011+0000] {taskinstance.py:2865} INFO - Starting attempt 1 of 4
[2024-11-03T01:11:31.028+0000] {taskinstance.py:2888} INFO - Executing <Task(PythonOperator): scrape_chunk_4> on 2024-11-02 21:01:36.690915+00:00
[2024-11-03T01:11:31.041+0000] {standard_task_runner.py:104} INFO - Running: ['airflow', 'tasks', 'run', 'job_scraping_pipeline', 'scrape_chunk_4', 'manual__2024-11-02T21:01:36.690915+00:00', '--job-id', '73', '--raw', '--subdir', 'DAGS_FOLDER/test.py', '--cfg-path', '/tmp/tmpjcafezmz']
[2024-11-03T01:11:31.044+0000] {standard_task_runner.py:105} INFO - Job 73: Subtask scrape_chunk_4
[2024-11-03T01:11:31.046+0000] {logging_mixin.py:190} WARNING - /home/airflow/.local/lib/python3.12/site-packages/airflow/task/task_runner/standard_task_runner.py:70 DeprecationWarning: This process (pid=360) is multi-threaded, use of fork() may lead to deadlocks in the child.
[2024-11-03T01:11:31.047+0000] {standard_task_runner.py:72} INFO - Started process 365 to run task
[2024-11-03T01:11:31.088+0000] {task_command.py:467} INFO - Running <TaskInstance: job_scraping_pipeline.scrape_chunk_4 manual__2024-11-02T21:01:36.690915+00:00 [running]> on host 6fb5d61061dc
[2024-11-03T01:11:31.175+0000] {taskinstance.py:3131} INFO - Exporting env vars: AIRFLOW_CTX_DAG_OWNER='airflow' AIRFLOW_CTX_DAG_ID='job_scraping_pipeline' AIRFLOW_CTX_TASK_ID='scrape_chunk_4' AIRFLOW_CTX_EXECUTION_DATE='2024-11-02T21:01:36.690915+00:00' AIRFLOW_CTX_TRY_NUMBER='1' AIRFLOW_CTX_DAG_RUN_ID='manual__2024-11-02T21:01:36.690915+00:00'
[2024-11-03T01:11:31.177+0000] {taskinstance.py:731} INFO - ::endgroup::
[2024-11-03T01:11:31.195+0000] {main_scrap.py:56} INFO - 初始化完成，輸出目錄: jobs_csv
[2024-11-03T01:11:31.196+0000] {main_scrap.py:94} INFO - 開始爬取關鍵字: 雲端資安
[2024-11-03T01:11:31.197+0000] {main_scrap.py:77} INFO - 請求URL: https://www.104.com.tw/jobs/search/?ro=0&kwop=7&keyword=%E9%9B%B2%E7%AB%AF%E8%B3%87%E5%AE%89&order=15&asc=0&page=1&mode=s&jobsource=m_joblist_search&searchTempExclude=2
[2024-11-03T01:11:31.743+0000] {main_scrap.py:107} INFO - 開始爬取關鍵字: 雲端資安, 共有：26 頁
[2024-11-03T01:11:31.750+0000] {logging_mixin.py:190} WARNING - 爬取 雲端資安:   0%|          | 0/26 [00:00<?, ?it/s]
[2024-11-03T01:11:31.751+0000] {main_scrap.py:112} INFO - 頁面 1 延遲 14.83 秒
[2024-11-03T01:11:54.454+0000] {main_scrap.py:151} INFO - 職位詳情延遲 17.52 秒
[2024-11-03T01:12:21.853+0000] {main_scrap.py:151} INFO - 職位詳情延遲 7.44 秒
[2024-11-03T01:12:43.548+0000] {main_scrap.py:151} INFO - 職位詳情延遲 6.43 秒
[2024-11-03T01:12:57.384+0000] {main_scrap.py:151} INFO - 職位詳情延遲 16.62 秒
[2024-11-03T01:13:21.898+0000] {main_scrap.py:151} INFO - 職位詳情延遲 18.44 秒
[2024-11-03T01:13:54.763+0000] {main_scrap.py:151} INFO - 職位詳情延遲 18.62 秒
[2024-11-03T01:14:19.470+0000] {main_scrap.py:151} INFO - 職位詳情延遲 16.44 秒
[2024-11-03T01:14:45.589+0000] {main_scrap.py:151} INFO - 職位詳情延遲 11.40 秒
[2024-11-03T01:15:02.540+0000] {main_scrap.py:151} INFO - 職位詳情延遲 9.76 秒
[2024-11-03T01:15:17.820+0000] {main_scrap.py:151} INFO - 職位詳情延遲 17.57 秒
[2024-11-03T01:15:46.040+0000] {main_scrap.py:151} INFO - 職位詳情延遲 19.56 秒
[2024-11-03T01:16:16.125+0000] {main_scrap.py:151} INFO - 職位詳情延遲 5.98 秒
[2024-11-03T01:16:30.549+0000] {main_scrap.py:151} INFO - 職位詳情延遲 6.20 秒
[2024-11-03T01:16:43.953+0000] {main_scrap.py:151} INFO - 職位詳情延遲 8.78 秒
[2024-11-03T01:16:58.398+0000] {main_scrap.py:151} INFO - 職位詳情延遲 12.91 秒
[2024-11-03T01:17:24.612+0000] {main_scrap.py:151} INFO - 職位詳情延遲 5.61 秒
[2024-11-03T01:17:36.606+0000] {main_scrap.py:151} INFO - 職位詳情延遲 9.76 秒
[2024-11-03T01:17:57.587+0000] {main_scrap.py:151} INFO - 職位詳情延遲 7.70 秒
[2024-11-03T01:18:15.602+0000] {main_scrap.py:151} INFO - 職位詳情延遲 9.22 秒
[2024-11-03T01:18:30.398+0000] {main_scrap.py:151} INFO - 職位詳情延遲 13.78 秒
[2024-11-03T01:18:52.971+0000] {main_scrap.py:151} INFO - 職位詳情延遲 15.26 秒
[2024-11-03T01:19:19.595+0000] {main_scrap.py:151} INFO - 職位詳情延遲 16.30 秒
[2024-11-03T01:19:35.892+0000] {logging_mixin.py:190} WARNING - 爬取 雲端資安:   4%|3         | 1/26 [08:04<3:21:43, 484.14s/it]
[2024-11-03T01:19:35.892+0000] {main_scrap.py:112} INFO - 頁面 2 延遲 19.13 秒
[2024-11-03T01:20:12.209+0000] {main_scrap.py:151} INFO - 職位詳情延遲 15.57 秒
[2024-11-03T01:20:33.686+0000] {main_scrap.py:151} INFO - 職位詳情延遲 7.66 秒
[2024-11-03T01:20:51.075+0000] {main_scrap.py:151} INFO - 職位詳情延遲 18.30 秒
[2024-11-03T01:21:24.740+0000] {main_scrap.py:151} INFO - 職位詳情延遲 10.00 秒
[2024-11-03T01:21:45.597+0000] {main_scrap.py:151} INFO - 職位詳情延遲 10.74 秒
[2024-11-03T01:22:02.247+0000] {main_scrap.py:151} INFO - 職位詳情延遲 12.36 秒
[2024-11-03T01:22:24.112+0000] {main_scrap.py:151} INFO - 職位詳情延遲 13.21 秒
[2024-11-03T01:22:50.593+0000] {main_scrap.py:151} INFO - 職位詳情延遲 5.84 秒
[2024-11-03T01:23:09.259+0000] {main_scrap.py:151} INFO - 職位詳情延遲 10.83 秒
[2024-11-03T01:23:34.767+0000] {main_scrap.py:151} INFO - 職位詳情延遲 11.62 秒
[2024-11-03T01:23:52.946+0000] {main_scrap.py:151} INFO - 職位詳情延遲 19.42 秒
[2024-11-03T01:24:25.555+0000] {main_scrap.py:151} INFO - 職位詳情延遲 11.75 秒
[2024-11-03T01:24:50.600+0000] {main_scrap.py:151} INFO - 職位詳情延遲 12.74 秒
[2024-11-03T01:25:15.788+0000] {main_scrap.py:151} INFO - 職位詳情延遲 14.90 秒
[2024-11-03T01:25:45.140+0000] {main_scrap.py:151} INFO - 職位詳情延遲 11.82 秒
[2024-11-03T01:26:02.719+0000] {main_scrap.py:151} INFO - 職位詳情延遲 19.84 秒
[2024-11-03T01:26:29.906+0000] {main_scrap.py:151} INFO - 職位詳情延遲 5.42 秒
[2024-11-03T01:26:50.638+0000] {main_scrap.py:151} INFO - 職位詳情延遲 19.48 秒
[2024-11-03T01:27:18.198+0000] {main_scrap.py:151} INFO - 職位詳情延遲 9.76 秒
[2024-11-03T01:27:38.813+0000] {main_scrap.py:151} INFO - 職位詳情延遲 6.73 秒
[2024-11-03T01:27:45.543+0000] {logging_mixin.py:190} WARNING - 爬取 雲端資安:   8%|7         | 2/26 [16:13<3:14:57, 487.38s/it]
[2024-11-03T01:27:45.543+0000] {main_scrap.py:112} INFO - 頁面 3 延遲 15.88 秒
[2024-11-03T01:28:16.835+0000] {main_scrap.py:151} INFO - 職位詳情延遲 11.32 秒
[2024-11-03T01:28:42.606+0000] {main_scrap.py:151} INFO - 職位詳情延遲 10.92 秒
[2024-11-03T01:29:02.450+0000] {main_scrap.py:151} INFO - 職位詳情延遲 14.74 秒
[2024-11-03T01:29:28.336+0000] {main_scrap.py:151} INFO - 職位詳情延遲 18.12 秒
[2024-11-03T01:30:01.889+0000] {main_scrap.py:151} INFO - 職位詳情延遲 13.63 秒
[2024-11-03T01:30:21.499+0000] {main_scrap.py:151} INFO - 職位詳情延遲 14.90 秒
[2024-11-03T01:30:43.555+0000] {main_scrap.py:151} INFO - 職位詳情延遲 15.49 秒
[2024-11-03T01:31:12.934+0000] {main_scrap.py:151} INFO - 職位詳情延遲 18.93 秒
[2024-11-03T01:31:40.998+0000] {main_scrap.py:151} INFO - 職位詳情延遲 14.78 秒
[2024-11-03T01:32:04.728+0000] {main_scrap.py:151} INFO - 職位詳情延遲 14.85 秒
[2024-11-03T01:32:33.477+0000] {main_scrap.py:151} INFO - 職位詳情延遲 17.10 秒
[2024-11-03T01:33:01.068+0000] {main_scrap.py:151} INFO - 職位詳情延遲 6.81 秒
[2024-11-03T01:33:17.596+0000] {main_scrap.py:151} INFO - 職位詳情延遲 14.26 秒
[2024-11-03T01:33:46.647+0000] {main_scrap.py:151} INFO - 職位詳情延遲 15.07 秒
[2024-11-03T01:34:08.328+0000] {main_scrap.py:151} INFO - 職位詳情延遲 11.10 秒
[2024-11-03T01:34:29.914+0000] {main_scrap.py:151} INFO - 職位詳情延遲 19.03 秒
[2024-11-03T01:34:54.508+0000] {main_scrap.py:151} INFO - 職位詳情延遲 11.03 秒
[2024-11-03T01:35:15.858+0000] {main_scrap.py:151} INFO - 職位詳情延遲 15.82 秒
[2024-11-03T01:35:46.620+0000] {main_scrap.py:151} INFO - 職位詳情延遲 11.31 秒
[2024-11-03T01:36:10.628+0000] {main_scrap.py:151} INFO - 職位詳情延遲 10.27 秒
[2024-11-03T01:36:20.897+0000] {logging_mixin.py:190} WARNING - 爬取 雲端資安:  12%|#1        | 3/26 [24:49<3:11:43, 500.15s/it]
[2024-11-03T01:36:20.898+0000] {main_scrap.py:112} INFO - 頁面 4 延遲 8.33 秒
[2024-11-03T01:36:43.875+0000] {main_scrap.py:151} INFO - 職位詳情延遲 15.18 秒
[2024-11-03T01:37:08.989+0000] {main_scrap.py:151} INFO - 職位詳情延遲 8.43 秒
[2024-11-03T01:37:25.602+0000] {main_scrap.py:151} INFO - 職位詳情延遲 11.32 秒
[2024-11-03T01:37:45.717+0000] {main_scrap.py:151} INFO - 職位詳情延遲 8.86 秒
[2024-11-03T01:38:03.575+0000] {main_scrap.py:151} INFO - 職位詳情延遲 8.85 秒
[2024-11-03T01:38:24.169+0000] {main_scrap.py:151} INFO - 職位詳情延遲 5.48 秒
[2024-11-03T01:38:43.255+0000] {main_scrap.py:151} INFO - 職位詳情延遲 6.56 秒
[2024-11-03T01:38:57.657+0000] {main_scrap.py:151} INFO - 職位詳情延遲 8.86 秒
[2024-11-03T01:39:14.912+0000] {main_scrap.py:151} INFO - 職位詳情延遲 19.99 秒
[2024-11-03T01:39:44.900+0000] {main_scrap.py:151} INFO - 職位詳情延遲 11.35 秒
[2024-11-03T01:40:11.208+0000] {main_scrap.py:151} INFO - 職位詳情延遲 19.84 秒
[2024-11-03T01:40:40.570+0000] {main_scrap.py:151} INFO - 職位詳情延遲 17.93 秒
[2024-11-03T01:41:13.888+0000] {main_scrap.py:151} INFO - 職位詳情延遲 9.06 秒
[2024-11-03T01:41:31.710+0000] {main_scrap.py:151} INFO - 職位詳情延遲 9.36 秒
[2024-11-03T01:41:53.825+0000] {main_scrap.py:151} INFO - 職位詳情延遲 9.77 秒
[2024-11-03T01:42:16.123+0000] {main_scrap.py:151} INFO - 職位詳情延遲 12.08 秒
[2024-11-03T01:42:38.032+0000] {main_scrap.py:151} INFO - 職位詳情延遲 5.29 秒
[2024-11-03T01:42:55.255+0000] {main_scrap.py:151} INFO - 職位詳情延遲 7.84 秒
[2024-11-03T01:43:11.572+0000] {main_scrap.py:151} INFO - 職位詳情延遲 5.12 秒
[2024-11-03T01:43:30.968+0000] {main_scrap.py:151} INFO - 職位詳情延遲 18.23 秒
[2024-11-03T01:43:49.200+0000] {logging_mixin.py:190} WARNING - 爬取 雲端資安:  15%|#5        | 4/26 [32:17<2:55:53, 479.68s/it]
[2024-11-03T01:43:49.200+0000] {main_scrap.py:112} INFO - 頁面 5 延遲 10.15 秒
[2024-11-03T01:44:14.447+0000] {main_scrap.py:151} INFO - 職位詳情延遲 12.51 秒
[2024-11-03T01:44:41.848+0000] {main_scrap.py:151} INFO - 職位詳情延遲 19.77 秒
[2024-11-03T01:45:10.023+0000] {main_scrap.py:151} INFO - 職位詳情延遲 12.30 秒
[2024-11-03T01:45:28.011+0000] {main_scrap.py:151} INFO - 職位詳情延遲 13.91 秒
[2024-11-03T01:45:56.576+0000] {main_scrap.py:151} INFO - 職位詳情延遲 15.63 秒
[2024-11-03T01:46:24.062+0000] {main_scrap.py:151} INFO - 職位詳情延遲 18.94 秒
[2024-11-03T01:46:52.557+0000] {main_scrap.py:151} INFO - 職位詳情延遲 8.81 秒
[2024-11-03T01:47:16.492+0000] {main_scrap.py:151} INFO - 職位詳情延遲 16.64 秒
[2024-11-03T01:47:41.821+0000] {main_scrap.py:151} INFO - 職位詳情延遲 5.05 秒
[2024-11-03T01:47:58.191+0000] {main_scrap.py:151} INFO - 職位詳情延遲 14.59 秒
[2024-11-03T01:48:22.936+0000] {main_scrap.py:151} INFO - 職位詳情延遲 18.36 秒
[2024-11-03T01:48:47.227+0000] {main_scrap.py:151} INFO - 職位詳情延遲 10.40 秒
[2024-11-03T01:49:04.359+0000] {main_scrap.py:151} INFO - 職位詳情延遲 19.80 秒
[2024-11-03T01:49:31.655+0000] {main_scrap.py:151} INFO - 職位詳情延遲 19.52 秒
[2024-11-03T01:50:00.775+0000] {main_scrap.py:151} INFO - 職位詳情延遲 14.01 秒
[2024-11-03T01:50:25.134+0000] {main_scrap.py:151} INFO - 職位詳情延遲 12.72 秒
[2024-11-03T01:50:45.250+0000] {main_scrap.py:151} INFO - 職位詳情延遲 16.17 秒
[2024-11-03T01:51:08.781+0000] {main_scrap.py:151} INFO - 職位詳情延遲 12.25 秒
[2024-11-03T01:51:28.234+0000] {main_scrap.py:151} INFO - 職位詳情延遲 19.08 秒
[2024-11-03T01:52:00.611+0000] {main_scrap.py:151} INFO - 職位詳情延遲 16.47 秒
[2024-11-03T01:52:17.079+0000] {logging_mixin.py:190} WARNING - 爬取 雲端資安:  19%|#9        | 5/26 [40:45<2:51:26, 489.85s/it]
[2024-11-03T01:52:17.079+0000] {main_scrap.py:112} INFO - 頁面 6 延遲 5.08 秒
[2024-11-03T01:52:33.153+0000] {main_scrap.py:151} INFO - 職位詳情延遲 14.18 秒
[2024-11-03T01:53:02.401+0000] {main_scrap.py:151} INFO - 職位詳情延遲 12.87 秒
[2024-11-03T01:53:32.173+0000] {main_scrap.py:151} INFO - 職位詳情延遲 17.78 秒
[2024-11-03T01:53:56.283+0000] {main_scrap.py:151} INFO - 職位詳情延遲 12.52 秒
[2024-11-03T01:54:23.506+0000] {main_scrap.py:151} INFO - 職位詳情延遲 6.44 秒
[2024-11-03T01:54:40.004+0000] {main_scrap.py:151} INFO - 職位詳情延遲 17.90 秒
[2024-11-03T01:55:12.881+0000] {main_scrap.py:151} INFO - 職位詳情延遲 6.80 秒
[2024-11-03T01:55:32.022+0000] {main_scrap.py:151} INFO - 職位詳情延遲 18.68 秒
[2024-11-03T01:55:57.229+0000] {main_scrap.py:151} INFO - 職位詳情延遲 16.85 秒
[2024-11-03T01:56:26.059+0000] {main_scrap.py:151} INFO - 職位詳情延遲 8.39 秒
[2024-11-03T01:56:43.911+0000] {main_scrap.py:151} INFO - 職位詳情延遲 14.97 秒
[2024-11-03T01:57:12.442+0000] {main_scrap.py:151} INFO - 職位詳情延遲 8.30 秒
[2024-11-03T01:57:27.524+0000] {main_scrap.py:151} INFO - 職位詳情延遲 5.02 秒
[2024-11-03T01:57:45.319+0000] {main_scrap.py:151} INFO - 職位詳情延遲 7.20 秒
[2024-11-03T01:58:00.416+0000] {main_scrap.py:151} INFO - 職位詳情延遲 11.98 秒
[2024-11-03T01:58:23.201+0000] {main_scrap.py:151} INFO - 職位詳情延遲 15.65 秒
[2024-11-03T01:58:53.736+0000] {main_scrap.py:151} INFO - 職位詳情延遲 6.30 秒
[2024-11-03T01:59:15.159+0000] {main_scrap.py:151} INFO - 職位詳情延遲 7.17 秒
[2024-11-03T01:59:36.642+0000] {main_scrap.py:151} INFO - 職位詳情延遲 12.02 秒
[2024-11-03T01:59:54.470+0000] {main_scrap.py:151} INFO - 職位詳情延遲 10.00 秒
[2024-11-03T02:00:04.467+0000] {logging_mixin.py:190} WARNING - 爬取 雲端資安:  23%|##3       | 6/26 [48:32<2:40:44, 482.21s/it]
[2024-11-03T02:00:04.467+0000] {main_scrap.py:112} INFO - 頁面 7 延遲 10.32 秒
[2024-11-03T02:00:27.892+0000] {main_scrap.py:151} INFO - 職位詳情延遲 19.05 秒
[2024-11-03T02:00:53.381+0000] {main_scrap.py:151} INFO - 職位詳情延遲 17.71 秒
[2024-11-03T02:01:23.850+0000] {main_scrap.py:151} INFO - 職位詳情延遲 19.81 秒
[2024-11-03T02:01:54.275+0000] {main_scrap.py:151} INFO - 職位詳情延遲 19.03 秒
[2024-11-03T02:02:25.078+0000] {main_scrap.py:151} INFO - 職位詳情延遲 12.63 秒
[2024-11-03T02:02:43.456+0000] {main_scrap.py:151} INFO - 職位詳情延遲 11.71 秒
[2024-11-03T02:03:00.761+0000] {main_scrap.py:151} INFO - 職位詳情延遲 10.76 秒
[2024-11-03T02:03:26.015+0000] {main_scrap.py:151} INFO - 職位詳情延遲 9.19 秒
[2024-11-03T02:03:49.153+0000] {main_scrap.py:151} INFO - 職位詳情延遲 13.23 秒
[2024-11-03T02:04:16.117+0000] {main_scrap.py:151} INFO - 職位詳情延遲 16.21 秒
[2024-11-03T02:04:44.524+0000] {main_scrap.py:151} INFO - 職位詳情延遲 12.14 秒
[2024-11-03T02:05:03.084+0000] {main_scrap.py:151} INFO - 職位詳情延遲 18.08 秒
[2024-11-03T02:05:33.949+0000] {main_scrap.py:151} INFO - 職位詳情延遲 17.44 秒
[2024-11-03T02:06:06.238+0000] {main_scrap.py:151} INFO - 職位詳情延遲 11.01 秒
[2024-11-03T02:06:31.747+0000] {main_scrap.py:151} INFO - 職位詳情延遲 7.36 秒
[2024-11-03T02:06:54.706+0000] {main_scrap.py:151} INFO - 職位詳情延遲 18.70 秒
[2024-11-03T02:07:28.039+0000] {main_scrap.py:151} INFO - 職位詳情延遲 9.18 秒
[2024-11-03T02:07:50.955+0000] {main_scrap.py:151} INFO - 職位詳情延遲 14.95 秒
[2024-11-03T02:08:16.887+0000] {main_scrap.py:151} INFO - 職位詳情延遲 19.87 秒
[2024-11-03T02:08:49.678+0000] {main_scrap.py:151} INFO - 職位詳情延遲 11.49 秒
[2024-11-03T02:09:01.170+0000] {logging_mixin.py:190} WARNING - 爬取 雲端資安:  27%|##6       | 7/26 [57:29<2:38:20, 500.03s/it]
[2024-11-03T02:09:01.170+0000] {main_scrap.py:112} INFO - 頁面 8 延遲 16.92 秒
[2024-11-03T02:09:35.117+0000] {main_scrap.py:151} INFO - 職位詳情延遲 5.30 秒
[2024-11-03T02:09:48.596+0000] {main_scrap.py:151} INFO - 職位詳情延遲 11.72 秒
[2024-11-03T02:10:13.683+0000] {main_scrap.py:151} INFO - 職位詳情延遲 17.82 秒
[2024-11-03T02:10:37.409+0000] {main_scrap.py:151} INFO - 職位詳情延遲 5.88 秒
[2024-11-03T02:10:57.485+0000] {main_scrap.py:151} INFO - 職位詳情延遲 15.13 秒
[2024-11-03T02:11:22.218+0000] {main_scrap.py:151} INFO - 職位詳情延遲 15.55 秒
[2024-11-03T02:11:31.177+0000] {timeout.py:68} ERROR - Process timed out, PID: 365
[2024-11-03T02:11:31.178+0000] {logging_mixin.py:190} WARNING - 爬取 雲端資安:  27%|##6       | 7/26 [59:59<2:42:49, 514.20s/it]
[2024-11-03T02:11:31.184+0000] {taskinstance.py:3310} ERROR - Task failed with exception
Traceback (most recent call last):
  File "/home/airflow/.local/lib/python3.12/site-packages/airflow/models/taskinstance.py", line 762, in _execute_task
    result = _execute_callable(context=context, **execute_callable_kwargs)
             ^^^^^^^^^^^^^^^^^^^^^^^^^^^^^^^^^^^^^^^^^^^^^^^^^^^^^^^^^^^^^
  File "/home/airflow/.local/lib/python3.12/site-packages/airflow/models/taskinstance.py", line 733, in _execute_callable
    return ExecutionCallableRunner(
           ^^^^^^^^^^^^^^^^^^^^^^^^
  File "/home/airflow/.local/lib/python3.12/site-packages/airflow/utils/operator_helpers.py", line 252, in run
    return self.func(*args, **kwargs)
           ^^^^^^^^^^^^^^^^^^^^^^^^^^
  File "/home/airflow/.local/lib/python3.12/site-packages/airflow/models/baseoperator.py", line 406, in wrapper
    return func(self, *args, **kwargs)
           ^^^^^^^^^^^^^^^^^^^^^^^^^^^
  File "/home/airflow/.local/lib/python3.12/site-packages/airflow/operators/python.py", line 238, in execute
    return_value = self.execute_callable()
                   ^^^^^^^^^^^^^^^^^^^^^^^
  File "/home/airflow/.local/lib/python3.12/site-packages/airflow/operators/python.py", line 256, in execute_callable
    return runner.run(*self.op_args, **self.op_kwargs)
           ^^^^^^^^^^^^^^^^^^^^^^^^^^^^^^^^^^^^^^^^^^^
  File "/home/airflow/.local/lib/python3.12/site-packages/airflow/utils/operator_helpers.py", line 252, in run
    return self.func(*args, **kwargs)
           ^^^^^^^^^^^^^^^^^^^^^^^^^^
  File "/opt/airflow/tasks/main_scrap.py", line 264, in web_crawler
    scraper.scrape_jobs(key_txt)
  File "/opt/airflow/tasks/main_scrap.py", line 152, in scrape_jobs
    time.sleep(sleep_time)
  File "/home/airflow/.local/lib/python3.12/site-packages/airflow/utils/timeout.py", line 69, in handle_timeout
    raise AirflowTaskTimeout(self.error_message)
airflow.exceptions.AirflowTaskTimeout: Timeout, PID: 365
[2024-11-03T02:11:31.192+0000] {taskinstance.py:1225} INFO - Marking task as UP_FOR_RETRY. dag_id=job_scraping_pipeline, task_id=scrape_chunk_4, run_id=manual__2024-11-02T21:01:36.690915+00:00, execution_date=20241102T210136, start_date=20241103T011131, end_date=20241103T021131
[2024-11-03T02:11:31.207+0000] {taskinstance.py:340} INFO - ::group::Post task execution logs
[2024-11-03T02:11:31.262+0000] {local_task_job_runner.py:266} INFO - Task exited with return code 2
[2024-11-03T02:11:31.284+0000] {taskinstance.py:3900} INFO - 0 downstream tasks scheduled from follow-on schedule check
[2024-11-03T02:11:31.285+0000] {local_task_job_runner.py:245} INFO - ::endgroup::
