[2024-11-03T08:12:10.565+0000] {local_task_job_runner.py:123} INFO - ::group::Pre task execution logs
[2024-11-03T08:12:10.578+0000] {taskinstance.py:2612} INFO - Dependencies all met for dep_context=non-requeueable deps ti=<TaskInstance: job_scraping_pipeline.scrape_chunk_0 manual__2024-11-02T21:01:36.690915+00:00 [queued]>
[2024-11-03T08:12:10.589+0000] {taskinstance.py:2612} INFO - Dependencies all met for dep_context=requeueable deps ti=<TaskInstance: job_scraping_pipeline.scrape_chunk_0 manual__2024-11-02T21:01:36.690915+00:00 [queued]>
[2024-11-03T08:12:10.589+0000] {taskinstance.py:2865} INFO - Starting attempt 3 of 4
[2024-11-03T08:12:10.608+0000] {taskinstance.py:2888} INFO - Executing <Task(PythonOperator): scrape_chunk_0> on 2024-11-02 21:01:36.690915+00:00
[2024-11-03T08:12:10.623+0000] {standard_task_runner.py:104} INFO - Running: ['airflow', 'tasks', 'run', 'job_scraping_pipeline', 'scrape_chunk_0', 'manual__2024-11-02T21:01:36.690915+00:00', '--job-id', '80', '--raw', '--subdir', 'DAGS_FOLDER/test.py', '--cfg-path', '/tmp/tmpavfakg9s']
[2024-11-03T08:12:10.626+0000] {standard_task_runner.py:105} INFO - Job 80: Subtask scrape_chunk_0
[2024-11-03T08:12:10.628+0000] {logging_mixin.py:190} WARNING - /home/airflow/.local/lib/python3.12/site-packages/airflow/task/task_runner/standard_task_runner.py:70 DeprecationWarning: This process (pid=462) is multi-threaded, use of fork() may lead to deadlocks in the child.
[2024-11-03T08:12:10.628+0000] {standard_task_runner.py:72} INFO - Started process 467 to run task
[2024-11-03T08:12:10.674+0000] {task_command.py:467} INFO - Running <TaskInstance: job_scraping_pipeline.scrape_chunk_0 manual__2024-11-02T21:01:36.690915+00:00 [running]> on host 6fb5d61061dc
[2024-11-03T08:12:10.768+0000] {taskinstance.py:3131} INFO - Exporting env vars: AIRFLOW_CTX_DAG_OWNER='airflow' AIRFLOW_CTX_DAG_ID='job_scraping_pipeline' AIRFLOW_CTX_TASK_ID='scrape_chunk_0' AIRFLOW_CTX_EXECUTION_DATE='2024-11-02T21:01:36.690915+00:00' AIRFLOW_CTX_TRY_NUMBER='3' AIRFLOW_CTX_DAG_RUN_ID='manual__2024-11-02T21:01:36.690915+00:00'
[2024-11-03T08:12:10.770+0000] {taskinstance.py:731} INFO - ::endgroup::
[2024-11-03T08:12:10.791+0000] {main_scrap.py:56} INFO - 初始化完成，輸出目錄: jobs_csv
[2024-11-03T08:12:10.792+0000] {main_scrap.py:94} INFO - 開始爬取關鍵字: 軟體工程師
[2024-11-03T08:12:10.792+0000] {main_scrap.py:77} INFO - 請求URL: https://www.104.com.tw/jobs/search/?ro=0&kwop=7&keyword=%E8%BB%9F%E9%AB%94%E5%B7%A5%E7%A8%8B%E5%B8%AB&order=15&asc=0&page=1&mode=s&jobsource=m_joblist_search&searchTempExclude=2
[2024-11-03T08:12:11.523+0000] {main_scrap.py:107} INFO - 開始爬取關鍵字: 軟體工程師, 共有：150 頁
[2024-11-03T08:12:11.532+0000] {logging_mixin.py:190} WARNING - 爬取 軟體工程師:   0%|          | 0/150 [00:00<?, ?it/s]
[2024-11-03T08:12:11.533+0000] {main_scrap.py:112} INFO - 頁面 1 延遲 13.71 秒
[2024-11-03T08:12:34.847+0000] {main_scrap.py:151} INFO - 職位詳情延遲 19.74 秒
[2024-11-03T08:13:08.872+0000] {main_scrap.py:151} INFO - 職位詳情延遲 16.39 秒
[2024-11-03T08:13:39.757+0000] {main_scrap.py:151} INFO - 職位詳情延遲 19.93 秒
[2024-11-03T08:14:06.025+0000] {main_scrap.py:151} INFO - 職位詳情延遲 11.39 秒
[2024-11-03T08:14:28.408+0000] {main_scrap.py:151} INFO - 職位詳情延遲 11.68 秒
[2024-11-03T08:14:52.170+0000] {main_scrap.py:151} INFO - 職位詳情延遲 9.12 秒
[2024-11-03T08:15:08.829+0000] {main_scrap.py:151} INFO - 職位詳情延遲 14.73 秒
[2024-11-03T08:15:32.012+0000] {main_scrap.py:151} INFO - 職位詳情延遲 8.03 秒
[2024-11-03T08:15:49.539+0000] {main_scrap.py:151} INFO - 職位詳情延遲 17.70 秒
[2024-11-03T08:16:19.031+0000] {main_scrap.py:151} INFO - 職位詳情延遲 14.50 秒
[2024-11-03T08:16:48.535+0000] {main_scrap.py:151} INFO - 職位詳情延遲 5.31 秒
[2024-11-03T08:17:05.683+0000] {main_scrap.py:151} INFO - 職位詳情延遲 5.32 秒
[2024-11-03T08:17:17.059+0000] {main_scrap.py:151} INFO - 職位詳情延遲 11.13 秒
[2024-11-03T08:17:41.357+0000] {main_scrap.py:151} INFO - 職位詳情延遲 19.40 秒
[2024-11-03T08:18:06.345+0000] {main_scrap.py:151} INFO - 職位詳情延遲 14.61 秒
[2024-11-03T08:18:30.726+0000] {main_scrap.py:151} INFO - 職位詳情延遲 7.23 秒
[2024-11-03T08:18:44.151+0000] {main_scrap.py:151} INFO - 職位詳情延遲 13.70 秒
[2024-11-03T08:19:03.571+0000] {main_scrap.py:151} INFO - 職位詳情延遲 14.22 秒
[2024-11-03T08:19:23.315+0000] {main_scrap.py:151} INFO - 職位詳情延遲 15.27 秒
[2024-11-03T08:19:51.226+0000] {main_scrap.py:151} INFO - 職位詳情延遲 17.69 秒
[2024-11-03T08:20:00.188+0000] {local_task_job_runner.py:346} WARNING - State of this instance has been externally set to failed. Terminating instance.
[2024-11-03T08:20:00.190+0000] {local_task_job_runner.py:245} INFO - ::endgroup::
[2024-11-03T08:20:00.191+0000] {process_utils.py:132} INFO - Sending 15 to group 467. PIDs of all processes in the group: [467]
[2024-11-03T08:20:00.192+0000] {process_utils.py:87} INFO - Sending the signal 15 to group 467
[2024-11-03T08:20:00.192+0000] {taskinstance.py:3092} ERROR - Received SIGTERM. Terminating subprocesses.
[2024-11-03T08:20:00.193+0000] {logging_mixin.py:190} WARNING - 爬取 軟體工程師:   0%|          | 0/150 [07:48<?, ?it/s]
[2024-11-03T08:20:00.211+0000] {taskinstance.py:340} INFO - ::group::Post task execution logs
[2024-11-03T08:20:00.244+0000] {process_utils.py:80} INFO - Process psutil.Process(pid=467, status='terminated', exitcode=0, started='08:12:10') (467) terminated with exit code 0
