[2024-11-03T05:11:52.733+0000] {local_task_job_runner.py:123} INFO - ::group::Pre task execution logs
[2024-11-03T05:11:52.745+0000] {taskinstance.py:2612} INFO - Dependencies all met for dep_context=non-requeueable deps ti=<TaskInstance: job_scraping_pipeline.scrape_chunk_2 manual__2024-11-02T21:01:36.690915+00:00 [queued]>
[2024-11-03T05:11:52.754+0000] {taskinstance.py:2612} INFO - Dependencies all met for dep_context=requeueable deps ti=<TaskInstance: job_scraping_pipeline.scrape_chunk_2 manual__2024-11-02T21:01:36.690915+00:00 [queued]>
[2024-11-03T05:11:52.754+0000] {taskinstance.py:2865} INFO - Starting attempt 2 of 4
[2024-11-03T05:11:52.771+0000] {taskinstance.py:2888} INFO - Executing <Task(PythonOperator): scrape_chunk_2> on 2024-11-02 21:01:36.690915+00:00
[2024-11-03T05:11:52.784+0000] {standard_task_runner.py:104} INFO - Running: ['airflow', 'tasks', 'run', 'job_scraping_pipeline', 'scrape_chunk_2', 'manual__2024-11-02T21:01:36.690915+00:00', '--job-id', '77', '--raw', '--subdir', 'DAGS_FOLDER/test.py', '--cfg-path', '/tmp/tmpgu7fpho0']
[2024-11-03T05:11:52.788+0000] {standard_task_runner.py:105} INFO - Job 77: Subtask scrape_chunk_2
[2024-11-03T05:11:52.789+0000] {logging_mixin.py:190} WARNING - /home/airflow/.local/lib/python3.12/site-packages/airflow/task/task_runner/standard_task_runner.py:70 DeprecationWarning: This process (pid=434) is multi-threaded, use of fork() may lead to deadlocks in the child.
[2024-11-03T05:11:52.790+0000] {standard_task_runner.py:72} INFO - Started process 439 to run task
[2024-11-03T05:11:52.831+0000] {task_command.py:467} INFO - Running <TaskInstance: job_scraping_pipeline.scrape_chunk_2 manual__2024-11-02T21:01:36.690915+00:00 [running]> on host 6fb5d61061dc
[2024-11-03T05:11:52.918+0000] {taskinstance.py:3131} INFO - Exporting env vars: AIRFLOW_CTX_DAG_OWNER='airflow' AIRFLOW_CTX_DAG_ID='job_scraping_pipeline' AIRFLOW_CTX_TASK_ID='scrape_chunk_2' AIRFLOW_CTX_EXECUTION_DATE='2024-11-02T21:01:36.690915+00:00' AIRFLOW_CTX_TRY_NUMBER='2' AIRFLOW_CTX_DAG_RUN_ID='manual__2024-11-02T21:01:36.690915+00:00'
[2024-11-03T05:11:52.919+0000] {taskinstance.py:731} INFO - ::endgroup::
[2024-11-03T05:11:52.938+0000] {main_scrap.py:56} INFO - 初始化完成，輸出目錄: jobs_csv
[2024-11-03T05:11:52.939+0000] {main_scrap.py:94} INFO - 開始爬取關鍵字: 資料科學家
[2024-11-03T05:11:52.940+0000] {main_scrap.py:77} INFO - 請求URL: https://www.104.com.tw/jobs/search/?ro=0&kwop=7&keyword=%E8%B3%87%E6%96%99%E7%A7%91%E5%AD%B8%E5%AE%B6&order=15&asc=0&page=1&mode=s&jobsource=m_joblist_search&searchTempExclude=2
[2024-11-03T05:11:53.486+0000] {main_scrap.py:107} INFO - 開始爬取關鍵字: 資料科學家, 共有：24 頁
[2024-11-03T05:11:53.494+0000] {logging_mixin.py:190} WARNING - 爬取 資料科學家:   0%|          | 0/24 [00:00<?, ?it/s]
[2024-11-03T05:11:53.494+0000] {main_scrap.py:112} INFO - 頁面 1 延遲 8.96 秒
[2024-11-03T05:12:12.745+0000] {main_scrap.py:151} INFO - 職位詳情延遲 15.03 秒
[2024-11-03T05:12:34.618+0000] {main_scrap.py:151} INFO - 職位詳情延遲 8.65 秒
[2024-11-03T05:12:56.378+0000] {main_scrap.py:151} INFO - 職位詳情延遲 16.25 秒
[2024-11-03T05:13:18.079+0000] {main_scrap.py:151} INFO - 職位詳情延遲 12.76 秒
[2024-11-03T05:13:42.449+0000] {main_scrap.py:151} INFO - 職位詳情延遲 15.55 秒
[2024-11-03T05:14:04.116+0000] {main_scrap.py:151} INFO - 職位詳情延遲 8.41 秒
[2024-11-03T05:14:24.433+0000] {main_scrap.py:151} INFO - 職位詳情延遲 17.89 秒
[2024-11-03T05:14:49.811+0000] {main_scrap.py:151} INFO - 職位詳情延遲 18.61 秒
[2024-11-03T05:15:14.421+0000] {main_scrap.py:151} INFO - 職位詳情延遲 17.70 秒
[2024-11-03T05:15:40.478+0000] {main_scrap.py:151} INFO - 職位詳情延遲 10.24 秒
[2024-11-03T05:16:03.015+0000] {main_scrap.py:151} INFO - 職位詳情延遲 14.49 秒
[2024-11-03T05:16:23.444+0000] {main_scrap.py:151} INFO - 職位詳情延遲 14.68 秒
[2024-11-03T05:16:47.322+0000] {main_scrap.py:151} INFO - 職位詳情延遲 12.49 秒
[2024-11-03T05:17:07.607+0000] {main_scrap.py:151} INFO - 職位詳情延遲 13.08 秒
[2024-11-03T05:17:29.847+0000] {main_scrap.py:151} INFO - 職位詳情延遲 17.07 秒
[2024-11-03T05:17:54.514+0000] {main_scrap.py:151} INFO - 職位詳情延遲 8.98 秒
[2024-11-03T05:18:13.786+0000] {main_scrap.py:151} INFO - 職位詳情延遲 5.86 秒
[2024-11-03T05:18:27.236+0000] {main_scrap.py:151} INFO - 職位詳情延遲 17.24 秒
[2024-11-03T05:18:52.511+0000] {main_scrap.py:151} INFO - 職位詳情延遲 18.66 秒
[2024-11-03T05:19:22.225+0000] {main_scrap.py:151} INFO - 職位詳情延遲 6.60 秒
[2024-11-03T05:19:43.881+0000] {main_scrap.py:151} INFO - 職位詳情延遲 6.62 秒
[2024-11-03T05:19:50.506+0000] {logging_mixin.py:190} WARNING - 爬取 資料科學家:   4%|4         | 1/24 [07:57<3:02:51, 477.01s/it]
[2024-11-03T05:19:50.507+0000] {main_scrap.py:112} INFO - 頁面 2 延遲 14.25 秒
[2024-11-03T05:20:18.491+0000] {main_scrap.py:151} INFO - 職位詳情延遲 9.29 秒
[2024-11-03T05:20:41.491+0000] {main_scrap.py:151} INFO - 職位詳情延遲 16.79 秒
[2024-11-03T05:21:12.749+0000] {main_scrap.py:151} INFO - 職位詳情延遲 14.08 秒
[2024-11-03T05:21:34.389+0000] {main_scrap.py:151} INFO - 職位詳情延遲 7.96 秒
[2024-11-03T05:21:54.976+0000] {main_scrap.py:151} INFO - 職位詳情延遲 5.77 秒
[2024-11-03T05:22:07.601+0000] {main_scrap.py:151} INFO - 職位詳情延遲 12.67 秒
[2024-11-03T05:22:29.475+0000] {main_scrap.py:151} INFO - 職位詳情延遲 17.02 秒
[2024-11-03T05:22:57.054+0000] {main_scrap.py:151} INFO - 職位詳情延遲 7.70 秒
[2024-11-03T05:23:10.669+0000] {main_scrap.py:151} INFO - 職位詳情延遲 19.56 秒
[2024-11-03T05:23:42.317+0000] {main_scrap.py:151} INFO - 職位詳情延遲 13.20 秒
[2024-11-03T05:24:09.026+0000] {main_scrap.py:151} INFO - 職位詳情延遲 14.37 秒
[2024-11-03T05:24:38.113+0000] {main_scrap.py:151} INFO - 職位詳情延遲 12.42 秒
[2024-11-03T05:24:58.364+0000] {main_scrap.py:151} INFO - 職位詳情延遲 17.50 秒
[2024-11-03T05:25:21.916+0000] {main_scrap.py:151} INFO - 職位詳情延遲 10.78 秒
[2024-11-03T05:25:38.460+0000] {main_scrap.py:151} INFO - 職位詳情延遲 13.61 秒
[2024-11-03T05:26:03.036+0000] {main_scrap.py:151} INFO - 職位詳情延遲 12.90 秒
[2024-11-03T05:26:30.920+0000] {main_scrap.py:151} INFO - 職位詳情延遲 12.39 秒
[2024-11-03T05:26:52.151+0000] {main_scrap.py:151} INFO - 職位詳情延遲 12.56 秒
[2024-11-03T05:27:18.282+0000] {main_scrap.py:151} INFO - 職位詳情延遲 13.67 秒
[2024-11-03T05:27:42.378+0000] {main_scrap.py:151} INFO - 職位詳情延遲 6.86 秒
[2024-11-03T05:27:49.239+0000] {logging_mixin.py:190} WARNING - 爬取 資料科學家:   8%|8         | 2/24 [15:55<2:55:16, 478.02s/it]
[2024-11-03T05:27:49.239+0000] {main_scrap.py:112} INFO - 頁面 3 延遲 18.18 秒
[2024-11-03T05:28:16.513+0000] {main_scrap.py:151} INFO - 職位詳情延遲 12.38 秒
[2024-11-03T05:28:35.809+0000] {main_scrap.py:151} INFO - 職位詳情延遲 12.94 秒
[2024-11-03T05:29:02.094+0000] {main_scrap.py:151} INFO - 職位詳情延遲 14.83 秒
[2024-11-03T05:29:23.994+0000] {main_scrap.py:151} INFO - 職位詳情延遲 15.04 秒
[2024-11-03T05:29:47.216+0000] {main_scrap.py:151} INFO - 職位詳情延遲 10.25 秒
[2024-11-03T05:30:11.293+0000] {main_scrap.py:151} INFO - 職位詳情延遲 12.46 秒
[2024-11-03T05:30:36.063+0000] {main_scrap.py:151} INFO - 職位詳情延遲 10.95 秒
[2024-11-03T05:31:00.445+0000] {main_scrap.py:151} INFO - 職位詳情延遲 7.43 秒
[2024-11-03T05:31:15.529+0000] {main_scrap.py:151} INFO - 職位詳情延遲 19.60 秒
[2024-11-03T05:31:45.738+0000] {main_scrap.py:151} INFO - 職位詳情延遲 7.49 秒
[2024-11-03T05:32:06.251+0000] {main_scrap.py:151} INFO - 職位詳情延遲 14.79 秒
[2024-11-03T05:32:31.747+0000] {main_scrap.py:151} INFO - 職位詳情延遲 5.23 秒
[2024-11-03T05:32:49.241+0000] {main_scrap.py:151} INFO - 職位詳情延遲 7.44 秒
[2024-11-03T05:33:02.156+0000] {main_scrap.py:151} INFO - 職位詳情延遲 7.53 秒
[2024-11-03T05:33:22.132+0000] {main_scrap.py:151} INFO - 職位詳情延遲 16.37 秒
[2024-11-03T05:33:49.128+0000] {main_scrap.py:151} INFO - 職位詳情延遲 15.44 秒
[2024-11-03T05:34:12.239+0000] {main_scrap.py:151} INFO - 職位詳情延遲 5.73 秒
[2024-11-03T05:34:25.637+0000] {main_scrap.py:151} INFO - 職位詳情延遲 12.14 秒
[2024-11-03T05:34:43.232+0000] {main_scrap.py:151} INFO - 職位詳情延遲 14.17 秒
[2024-11-03T05:35:11.451+0000] {main_scrap.py:151} INFO - 職位詳情延遲 17.02 秒
[2024-11-03T05:35:28.475+0000] {logging_mixin.py:190} WARNING - 爬取 資料科學家:  12%|#2        | 3/24 [23:34<2:44:18, 469.45s/it]
[2024-11-03T05:35:28.475+0000] {main_scrap.py:112} INFO - 頁面 4 延遲 5.80 秒
[2024-11-03T05:35:43.923+0000] {main_scrap.py:151} INFO - 職位詳情延遲 17.75 秒
[2024-11-03T05:36:11.149+0000] {main_scrap.py:151} INFO - 職位詳情延遲 16.75 秒
[2024-11-03T05:36:39.901+0000] {main_scrap.py:151} INFO - 職位詳情延遲 14.74 秒
[2024-11-03T05:37:03.709+0000] {main_scrap.py:151} INFO - 職位詳情延遲 11.79 秒
[2024-11-03T05:37:21.839+0000] {main_scrap.py:151} INFO - 職位詳情延遲 5.82 秒
[2024-11-03T05:37:35.106+0000] {main_scrap.py:151} INFO - 職位詳情延遲 15.25 秒
[2024-11-03T05:38:02.945+0000] {main_scrap.py:151} INFO - 職位詳情延遲 5.55 秒
[2024-11-03T05:38:18.355+0000] {main_scrap.py:151} INFO - 職位詳情延遲 15.01 秒
[2024-11-03T05:38:45.231+0000] {main_scrap.py:151} INFO - 職位詳情延遲 14.60 秒
[2024-11-03T05:39:12.581+0000] {main_scrap.py:151} INFO - 職位詳情延遲 8.34 秒
[2024-11-03T05:39:35.500+0000] {main_scrap.py:151} INFO - 職位詳情延遲 12.73 秒
[2024-11-03T05:40:00.061+0000] {main_scrap.py:151} INFO - 職位詳情延遲 9.15 秒
[2024-11-03T05:40:16.802+0000] {main_scrap.py:151} INFO - 職位詳情延遲 6.31 秒
[2024-11-03T05:40:31.069+0000] {main_scrap.py:151} INFO - 職位詳情延遲 8.87 秒
[2024-11-03T05:40:46.324+0000] {main_scrap.py:151} INFO - 職位詳情延遲 16.74 秒
[2024-11-03T05:41:15.424+0000] {main_scrap.py:151} INFO - 職位詳情延遲 13.56 秒
[2024-11-03T05:41:40.293+0000] {main_scrap.py:151} INFO - 職位詳情延遲 12.25 秒
[2024-11-03T05:42:05.125+0000] {main_scrap.py:151} INFO - 職位詳情延遲 6.34 秒
[2024-11-03T05:42:22.351+0000] {main_scrap.py:151} INFO - 職位詳情延遲 6.84 秒
[2024-11-03T05:42:35.849+0000] {main_scrap.py:151} INFO - 職位詳情延遲 10.82 秒
[2024-11-03T05:42:46.666+0000] {logging_mixin.py:190} WARNING - 爬取 資料科學家:  17%|#6        | 4/24 [30:53<2:32:22, 457.11s/it]
[2024-11-03T05:42:46.667+0000] {main_scrap.py:112} INFO - 頁面 5 延遲 19.22 秒
[2024-11-03T05:43:13.673+0000] {main_scrap.py:151} INFO - 職位詳情延遲 14.40 秒
[2024-11-03T05:43:43.305+0000] {main_scrap.py:151} INFO - 職位詳情延遲 18.65 秒
[2024-11-03T05:44:09.828+0000] {main_scrap.py:151} INFO - 職位詳情延遲 19.78 秒
[2024-11-03T05:44:43.417+0000] {main_scrap.py:151} INFO - 職位詳情延遲 14.96 秒
[2024-11-03T05:45:09.758+0000] {main_scrap.py:151} INFO - 職位詳情延遲 19.69 秒
[2024-11-03T05:45:37.384+0000] {main_scrap.py:151} INFO - 職位詳情延遲 13.26 秒
[2024-11-03T05:46:03.119+0000] {main_scrap.py:151} INFO - 職位詳情延遲 11.83 秒
[2024-11-03T05:46:27.403+0000] {main_scrap.py:151} INFO - 職位詳情延遲 19.97 秒
[2024-11-03T05:47:00.023+0000] {main_scrap.py:151} INFO - 職位詳情延遲 8.19 秒
[2024-11-03T05:47:13.746+0000] {main_scrap.py:151} INFO - 職位詳情延遲 9.61 秒
[2024-11-03T05:47:31.940+0000] {main_scrap.py:151} INFO - 職位詳情延遲 5.75 秒
[2024-11-03T05:47:49.370+0000] {main_scrap.py:151} INFO - 職位詳情延遲 6.54 秒
[2024-11-03T05:48:01.788+0000] {main_scrap.py:151} INFO - 職位詳情延遲 12.07 秒
[2024-11-03T05:48:27.714+0000] {main_scrap.py:151} INFO - 職位詳情延遲 8.20 秒
[2024-11-03T05:48:45.312+0000] {main_scrap.py:151} INFO - 職位詳情延遲 13.03 秒
[2024-11-03T05:49:04.525+0000] {main_scrap.py:151} INFO - 職位詳情延遲 5.38 秒
[2024-11-03T05:49:15.605+0000] {main_scrap.py:151} INFO - 職位詳情延遲 5.25 秒
[2024-11-03T05:49:33.738+0000] {main_scrap.py:151} INFO - 職位詳情延遲 11.59 秒
[2024-11-03T05:49:51.855+0000] {main_scrap.py:151} INFO - 職位詳情延遲 13.46 秒
[2024-11-03T05:50:17.570+0000] {main_scrap.py:151} INFO - 職位詳情延遲 14.06 秒
[2024-11-03T05:50:31.631+0000] {logging_mixin.py:190} WARNING - 爬取 資料科學家:  21%|##        | 5/24 [38:38<2:25:38, 459.94s/it]
[2024-11-03T05:50:31.632+0000] {main_scrap.py:112} INFO - 頁面 6 延遲 11.14 秒
[2024-11-03T05:50:49.645+0000] {main_scrap.py:151} INFO - 職位詳情延遲 12.51 秒
[2024-11-03T05:51:11.874+0000] {main_scrap.py:151} INFO - 職位詳情延遲 7.40 秒
[2024-11-03T05:51:29.136+0000] {main_scrap.py:151} INFO - 職位詳情延遲 7.50 秒
[2024-11-03T05:51:51.212+0000] {main_scrap.py:151} INFO - 職位詳情延遲 15.47 秒
[2024-11-03T05:52:15.149+0000] {main_scrap.py:151} INFO - 職位詳情延遲 16.78 秒
[2024-11-03T05:52:47.088+0000] {main_scrap.py:151} INFO - 職位詳情延遲 8.89 秒
[2024-11-03T05:53:03.461+0000] {main_scrap.py:151} INFO - 職位詳情延遲 8.36 秒
[2024-11-03T05:53:17.880+0000] {main_scrap.py:151} INFO - 職位詳情延遲 16.64 秒
[2024-11-03T05:53:41.894+0000] {main_scrap.py:151} INFO - 職位詳情延遲 12.66 秒
[2024-11-03T05:54:09.596+0000] {main_scrap.py:151} INFO - 職位詳情延遲 17.12 秒
[2024-11-03T05:54:40.079+0000] {main_scrap.py:151} INFO - 職位詳情延遲 8.58 秒
[2024-11-03T05:54:57.474+0000] {main_scrap.py:151} INFO - 職位詳情延遲 10.34 秒
[2024-11-03T05:55:16.381+0000] {main_scrap.py:151} INFO - 職位詳情延遲 14.01 秒
[2024-11-03T05:55:43.935+0000] {main_scrap.py:151} INFO - 職位詳情延遲 16.89 秒
[2024-11-03T05:56:08.768+0000] {main_scrap.py:151} INFO - 職位詳情延遲 6.94 秒
[2024-11-03T05:56:26.388+0000] {main_scrap.py:151} INFO - 職位詳情延遲 14.13 秒
[2024-11-03T05:56:51.516+0000] {main_scrap.py:151} INFO - 職位詳情延遲 16.70 秒
[2024-11-03T05:57:16.473+0000] {main_scrap.py:151} INFO - 職位詳情延遲 18.83 秒
[2024-11-03T05:57:46.472+0000] {main_scrap.py:151} INFO - 職位詳情延遲 9.15 秒
[2024-11-03T05:58:04.517+0000] {main_scrap.py:151} INFO - 職位詳情延遲 19.71 秒
[2024-11-03T05:58:24.225+0000] {logging_mixin.py:190} WARNING - 爬取 資料科學家:  25%|##5       | 6/24 [46:30<2:19:16, 464.24s/it]
[2024-11-03T05:58:24.225+0000] {main_scrap.py:112} INFO - 頁面 7 延遲 17.99 秒
[2024-11-03T05:58:55.962+0000] {main_scrap.py:151} INFO - 職位詳情延遲 15.12 秒
[2024-11-03T05:59:17.221+0000] {main_scrap.py:151} INFO - 職位詳情延遲 13.83 秒
[2024-11-03T05:59:40.491+0000] {main_scrap.py:151} INFO - 職位詳情延遲 8.63 秒
[2024-11-03T06:00:03.064+0000] {main_scrap.py:151} INFO - 職位詳情延遲 9.65 秒
[2024-11-03T06:00:22.916+0000] {main_scrap.py:151} INFO - 職位詳情延遲 15.49 秒
[2024-11-03T06:00:53.796+0000] {main_scrap.py:151} INFO - 職位詳情延遲 9.51 秒
[2024-11-03T06:01:17.377+0000] {main_scrap.py:151} INFO - 職位詳情延遲 7.78 秒
[2024-11-03T06:01:33.068+0000] {main_scrap.py:151} INFO - 職位詳情延遲 18.55 秒
[2024-11-03T06:02:03.255+0000] {main_scrap.py:151} INFO - 職位詳情延遲 17.07 秒
[2024-11-03T06:02:29.478+0000] {main_scrap.py:151} INFO - 職位詳情延遲 5.84 秒
[2024-11-03T06:02:49.059+0000] {main_scrap.py:151} INFO - 職位詳情延遲 6.95 秒
[2024-11-03T06:03:11.373+0000] {main_scrap.py:151} INFO - 職位詳情延遲 10.44 秒
[2024-11-03T06:03:32.057+0000] {main_scrap.py:151} INFO - 職位詳情延遲 18.66 秒
[2024-11-03T06:04:01.122+0000] {main_scrap.py:151} INFO - 職位詳情延遲 14.68 秒
[2024-11-03T06:04:25.895+0000] {main_scrap.py:151} INFO - 職位詳情延遲 7.50 秒
[2024-11-03T06:04:46.122+0000] {main_scrap.py:151} INFO - 職位詳情延遲 10.59 秒
[2024-11-03T06:05:02.365+0000] {main_scrap.py:151} INFO - 職位詳情延遲 12.01 秒
[2024-11-03T06:05:20.462+0000] {main_scrap.py:151} INFO - 職位詳情延遲 7.28 秒
[2024-11-03T06:05:39.567+0000] {main_scrap.py:151} INFO - 職位詳情延遲 6.88 秒
[2024-11-03T06:05:58.473+0000] {main_scrap.py:151} INFO - 職位詳情延遲 7.99 秒
[2024-11-03T06:06:06.468+0000] {logging_mixin.py:190} WARNING - 爬取 資料科學家:  29%|##9       | 7/24 [54:12<2:11:21, 463.59s/it]
[2024-11-03T06:06:06.468+0000] {main_scrap.py:112} INFO - 頁面 8 延遲 10.35 秒
[2024-11-03T06:06:23.787+0000] {main_scrap.py:151} INFO - 職位詳情延遲 11.25 秒
[2024-11-03T06:06:44.665+0000] {main_scrap.py:151} INFO - 職位詳情延遲 13.94 秒
[2024-11-03T06:07:07.257+0000] {main_scrap.py:151} INFO - 職位詳情延遲 13.20 秒
[2024-11-03T06:07:33.696+0000] {main_scrap.py:151} INFO - 職位詳情延遲 19.88 秒
[2024-11-03T06:08:05.776+0000] {main_scrap.py:151} INFO - 職位詳情延遲 17.05 秒
[2024-11-03T06:08:36.536+0000] {main_scrap.py:151} INFO - 職位詳情延遲 19.76 秒
[2024-11-03T06:09:06.367+0000] {main_scrap.py:151} INFO - 職位詳情延遲 16.18 秒
[2024-11-03T06:09:28.850+0000] {main_scrap.py:151} INFO - 職位詳情延遲 15.11 秒
[2024-11-03T06:09:55.300+0000] {main_scrap.py:151} INFO - 職位詳情延遲 5.41 秒
[2024-11-03T06:10:15.073+0000] {main_scrap.py:151} INFO - 職位詳情延遲 12.06 秒
[2024-11-03T06:10:39.014+0000] {main_scrap.py:151} INFO - 職位詳情延遲 13.06 秒
[2024-11-03T06:11:02.504+0000] {main_scrap.py:151} INFO - 職位詳情延遲 9.20 秒
[2024-11-03T06:11:21.948+0000] {main_scrap.py:151} INFO - 職位詳情延遲 7.44 秒
[2024-11-03T06:11:38.643+0000] {main_scrap.py:151} INFO - 職位詳情延遲 19.39 秒
[2024-11-03T06:11:52.919+0000] {timeout.py:68} ERROR - Process timed out, PID: 439
[2024-11-03T06:11:52.920+0000] {logging_mixin.py:190} WARNING - 爬取 資料科學家:  29%|##9       | 7/24 [59:59<2:25:41, 514.20s/it]
[2024-11-03T06:11:52.926+0000] {taskinstance.py:3310} ERROR - Task failed with exception
Traceback (most recent call last):
  File "/home/airflow/.local/lib/python3.12/site-packages/airflow/models/taskinstance.py", line 762, in _execute_task
    result = _execute_callable(context=context, **execute_callable_kwargs)
             ^^^^^^^^^^^^^^^^^^^^^^^^^^^^^^^^^^^^^^^^^^^^^^^^^^^^^^^^^^^^^
  File "/home/airflow/.local/lib/python3.12/site-packages/airflow/models/taskinstance.py", line 733, in _execute_callable
    return ExecutionCallableRunner(
           ^^^^^^^^^^^^^^^^^^^^^^^^
  File "/home/airflow/.local/lib/python3.12/site-packages/airflow/utils/operator_helpers.py", line 252, in run
    return self.func(*args, **kwargs)
           ^^^^^^^^^^^^^^^^^^^^^^^^^^
  File "/home/airflow/.local/lib/python3.12/site-packages/airflow/models/baseoperator.py", line 406, in wrapper
    return func(self, *args, **kwargs)
           ^^^^^^^^^^^^^^^^^^^^^^^^^^^
  File "/home/airflow/.local/lib/python3.12/site-packages/airflow/operators/python.py", line 238, in execute
    return_value = self.execute_callable()
                   ^^^^^^^^^^^^^^^^^^^^^^^
  File "/home/airflow/.local/lib/python3.12/site-packages/airflow/operators/python.py", line 256, in execute_callable
    return runner.run(*self.op_args, **self.op_kwargs)
           ^^^^^^^^^^^^^^^^^^^^^^^^^^^^^^^^^^^^^^^^^^^
  File "/home/airflow/.local/lib/python3.12/site-packages/airflow/utils/operator_helpers.py", line 252, in run
    return self.func(*args, **kwargs)
           ^^^^^^^^^^^^^^^^^^^^^^^^^^
  File "/opt/airflow/tasks/main_scrap.py", line 264, in web_crawler
    scraper.scrape_jobs(key_txt)
  File "/opt/airflow/tasks/main_scrap.py", line 152, in scrape_jobs
    time.sleep(sleep_time)
  File "/home/airflow/.local/lib/python3.12/site-packages/airflow/utils/timeout.py", line 69, in handle_timeout
    raise AirflowTaskTimeout(self.error_message)
airflow.exceptions.AirflowTaskTimeout: Timeout, PID: 439
[2024-11-03T06:11:52.934+0000] {taskinstance.py:1225} INFO - Marking task as UP_FOR_RETRY. dag_id=job_scraping_pipeline, task_id=scrape_chunk_2, run_id=manual__2024-11-02T21:01:36.690915+00:00, execution_date=20241102T210136, start_date=20241103T051152, end_date=20241103T061152
[2024-11-03T06:11:52.951+0000] {taskinstance.py:340} INFO - ::group::Post task execution logs
[2024-11-03T06:11:52.975+0000] {local_task_job_runner.py:266} INFO - Task exited with return code 2
[2024-11-03T06:11:52.997+0000] {taskinstance.py:3900} INFO - 0 downstream tasks scheduled from follow-on schedule check
[2024-11-03T06:11:52.998+0000] {local_task_job_runner.py:245} INFO - ::endgroup::
