[2024-11-02T23:11:21.120+0000] {local_task_job_runner.py:123} INFO - ::group::Pre task execution logs
[2024-11-02T23:11:21.131+0000] {taskinstance.py:2612} INFO - Dependencies all met for dep_context=non-requeueable deps ti=<TaskInstance: job_scraping_pipeline.scrape_chunk_2 manual__2024-11-02T21:01:36.690915+00:00 [queued]>
[2024-11-02T23:11:21.140+0000] {taskinstance.py:2612} INFO - Dependencies all met for dep_context=requeueable deps ti=<TaskInstance: job_scraping_pipeline.scrape_chunk_2 manual__2024-11-02T21:01:36.690915+00:00 [queued]>
[2024-11-02T23:11:21.140+0000] {taskinstance.py:2865} INFO - Starting attempt 1 of 4
[2024-11-02T23:11:21.156+0000] {taskinstance.py:2888} INFO - Executing <Task(PythonOperator): scrape_chunk_2> on 2024-11-02 21:01:36.690915+00:00
[2024-11-02T23:11:21.170+0000] {standard_task_runner.py:104} INFO - Running: ['airflow', 'tasks', 'run', 'job_scraping_pipeline', 'scrape_chunk_2', 'manual__2024-11-02T21:01:36.690915+00:00', '--job-id', '71', '--raw', '--subdir', 'DAGS_FOLDER/test.py', '--cfg-path', '/tmp/tmpuaizbaeb']
[2024-11-02T23:11:21.173+0000] {standard_task_runner.py:105} INFO - Job 71: Subtask scrape_chunk_2
[2024-11-02T23:11:21.174+0000] {logging_mixin.py:190} WARNING - /home/airflow/.local/lib/python3.12/site-packages/airflow/task/task_runner/standard_task_runner.py:70 DeprecationWarning: This process (pid=344) is multi-threaded, use of fork() may lead to deadlocks in the child.
[2024-11-02T23:11:21.175+0000] {standard_task_runner.py:72} INFO - Started process 349 to run task
[2024-11-02T23:11:21.214+0000] {task_command.py:467} INFO - Running <TaskInstance: job_scraping_pipeline.scrape_chunk_2 manual__2024-11-02T21:01:36.690915+00:00 [running]> on host 6fb5d61061dc
[2024-11-02T23:11:21.299+0000] {taskinstance.py:3131} INFO - Exporting env vars: AIRFLOW_CTX_DAG_OWNER='airflow' AIRFLOW_CTX_DAG_ID='job_scraping_pipeline' AIRFLOW_CTX_TASK_ID='scrape_chunk_2' AIRFLOW_CTX_EXECUTION_DATE='2024-11-02T21:01:36.690915+00:00' AIRFLOW_CTX_TRY_NUMBER='1' AIRFLOW_CTX_DAG_RUN_ID='manual__2024-11-02T21:01:36.690915+00:00'
[2024-11-02T23:11:21.300+0000] {taskinstance.py:731} INFO - ::endgroup::
[2024-11-02T23:11:21.319+0000] {main_scrap.py:56} INFO - 初始化完成，輸出目錄: jobs_csv
[2024-11-02T23:11:21.320+0000] {main_scrap.py:94} INFO - 開始爬取關鍵字: 資料科學家
[2024-11-02T23:11:21.320+0000] {main_scrap.py:77} INFO - 請求URL: https://www.104.com.tw/jobs/search/?ro=0&kwop=7&keyword=%E8%B3%87%E6%96%99%E7%A7%91%E5%AD%B8%E5%AE%B6&order=15&asc=0&page=1&mode=s&jobsource=m_joblist_search&searchTempExclude=2
[2024-11-02T23:11:21.880+0000] {main_scrap.py:107} INFO - 開始爬取關鍵字: 資料科學家, 共有：24 頁
[2024-11-02T23:11:21.887+0000] {logging_mixin.py:190} WARNING - 爬取 資料科學家:   0%|          | 0/24 [00:00<?, ?it/s]
[2024-11-02T23:11:21.887+0000] {main_scrap.py:112} INFO - 頁面 1 延遲 5.92 秒
[2024-11-02T23:11:39.476+0000] {main_scrap.py:151} INFO - 職位詳情延遲 18.35 秒
[2024-11-02T23:12:07.366+0000] {main_scrap.py:151} INFO - 職位詳情延遲 11.71 秒
[2024-11-02T23:12:25.515+0000] {main_scrap.py:151} INFO - 職位詳情延遲 17.66 秒
[2024-11-02T23:12:50.280+0000] {main_scrap.py:151} INFO - 職位詳情延遲 18.19 秒
[2024-11-02T23:13:15.088+0000] {main_scrap.py:151} INFO - 職位詳情延遲 13.03 秒
[2024-11-02T23:13:39.085+0000] {main_scrap.py:151} INFO - 職位詳情延遲 10.16 秒
[2024-11-02T23:13:58.420+0000] {main_scrap.py:151} INFO - 職位詳情延遲 17.66 秒
[2024-11-02T23:14:27.299+0000] {main_scrap.py:151} INFO - 職位詳情延遲 18.14 秒
[2024-11-02T23:14:52.933+0000] {main_scrap.py:151} INFO - 職位詳情延遲 7.49 秒
[2024-11-02T23:15:10.168+0000] {main_scrap.py:151} INFO - 職位詳情延遲 13.92 秒
[2024-11-02T23:15:38.456+0000] {main_scrap.py:151} INFO - 職位詳情延遲 8.73 秒
[2024-11-02T23:15:55.622+0000] {main_scrap.py:151} INFO - 職位詳情延遲 9.93 秒
[2024-11-02T23:16:18.256+0000] {main_scrap.py:151} INFO - 職位詳情延遲 18.40 秒
[2024-11-02T23:16:45.052+0000] {main_scrap.py:151} INFO - 職位詳情延遲 8.44 秒
[2024-11-02T23:17:01.801+0000] {main_scrap.py:151} INFO - 職位詳情延遲 10.17 秒
[2024-11-02T23:17:25.924+0000] {main_scrap.py:151} INFO - 職位詳情延遲 13.73 秒
[2024-11-02T23:17:47.126+0000] {main_scrap.py:151} INFO - 職位詳情延遲 13.35 秒
[2024-11-02T23:18:11.591+0000] {main_scrap.py:151} INFO - 職位詳情延遲 9.38 秒
[2024-11-02T23:18:34.511+0000] {main_scrap.py:151} INFO - 職位詳情延遲 13.19 秒
[2024-11-02T23:18:57.864+0000] {main_scrap.py:151} INFO - 職位詳情延遲 18.38 秒
[2024-11-02T23:19:22.298+0000] {main_scrap.py:151} INFO - 職位詳情延遲 16.42 秒
[2024-11-02T23:19:38.721+0000] {logging_mixin.py:190} WARNING - 爬取 資料科學家:   4%|4         | 1/24 [08:16<3:10:27, 496.83s/it]
[2024-11-02T23:19:38.721+0000] {main_scrap.py:112} INFO - 頁面 2 延遲 14.83 秒
[2024-11-02T23:20:09.426+0000] {main_scrap.py:151} INFO - 職位詳情延遲 9.04 秒
[2024-11-02T23:20:27.357+0000] {main_scrap.py:151} INFO - 職位詳情延遲 15.01 秒
[2024-11-02T23:20:52.340+0000] {main_scrap.py:151} INFO - 職位詳情延遲 11.91 秒
[2024-11-02T23:21:12.349+0000] {main_scrap.py:151} INFO - 職位詳情延遲 7.34 秒
[2024-11-02T23:21:30.238+0000] {main_scrap.py:151} INFO - 職位詳情延遲 8.79 秒
[2024-11-02T23:21:54.016+0000] {main_scrap.py:151} INFO - 職位詳情延遲 14.94 秒
[2024-11-02T23:22:20.186+0000] {main_scrap.py:151} INFO - 職位詳情延遲 12.90 秒
[2024-11-02T23:22:48.205+0000] {main_scrap.py:151} INFO - 職位詳情延遲 16.46 秒
[2024-11-02T23:23:12.681+0000] {main_scrap.py:151} INFO - 職位詳情延遲 6.93 秒
[2024-11-02T23:23:33.020+0000] {main_scrap.py:151} INFO - 職位詳情延遲 11.38 秒
[2024-11-02T23:23:52.181+0000] {main_scrap.py:151} INFO - 職位詳情延遲 15.87 秒
[2024-11-02T23:24:23.145+0000] {main_scrap.py:151} INFO - 職位詳情延遲 18.86 秒
[2024-11-02T23:24:55.109+0000] {main_scrap.py:151} INFO - 職位詳情延遲 17.60 秒
[2024-11-02T23:25:21.277+0000] {main_scrap.py:151} INFO - 職位詳情延遲 9.29 秒
[2024-11-02T23:25:39.654+0000] {main_scrap.py:151} INFO - 職位詳情延遲 9.21 秒
[2024-11-02T23:26:01.668+0000] {main_scrap.py:151} INFO - 職位詳情延遲 14.26 秒
[2024-11-02T23:26:27.758+0000] {main_scrap.py:151} INFO - 職位詳情延遲 6.17 秒
[2024-11-02T23:26:43.307+0000] {main_scrap.py:151} INFO - 職位詳情延遲 11.34 秒
[2024-11-02T23:27:06.022+0000] {main_scrap.py:151} INFO - 職位詳情延遲 6.46 秒
[2024-11-02T23:27:18.822+0000] {main_scrap.py:151} INFO - 職位詳情延遲 6.23 秒
[2024-11-02T23:27:25.053+0000] {logging_mixin.py:190} WARNING - 爬取 資料科學家:   8%|8         | 2/24 [16:03<2:55:35, 478.89s/it]
[2024-11-02T23:27:25.053+0000] {main_scrap.py:112} INFO - 頁面 3 延遲 14.52 秒
[2024-11-02T23:27:53.017+0000] {main_scrap.py:151} INFO - 職位詳情延遲 13.29 秒
[2024-11-02T23:28:17.990+0000] {main_scrap.py:151} INFO - 職位詳情延遲 11.65 秒
[2024-11-02T23:28:41.409+0000] {main_scrap.py:151} INFO - 職位詳情延遲 8.42 秒
[2024-11-02T23:29:03.047+0000] {main_scrap.py:151} INFO - 職位詳情延遲 10.94 秒
[2024-11-02T23:29:21.658+0000] {main_scrap.py:151} INFO - 職位詳情延遲 13.93 秒
[2024-11-02T23:29:42.105+0000] {main_scrap.py:151} INFO - 職位詳情延遲 5.14 秒
[2024-11-02T23:30:00.183+0000] {main_scrap.py:151} INFO - 職位詳情延遲 15.63 秒
[2024-11-02T23:30:30.629+0000] {main_scrap.py:151} INFO - 職位詳情延遲 6.20 秒
[2024-11-02T23:30:45.537+0000] {main_scrap.py:151} INFO - 職位詳情延遲 16.57 秒
[2024-11-02T23:31:13.531+0000] {main_scrap.py:151} INFO - 職位詳情延遲 16.94 秒
[2024-11-02T23:31:37.957+0000] {main_scrap.py:151} INFO - 職位詳情延遲 12.92 秒
[2024-11-02T23:32:00.204+0000] {main_scrap.py:151} INFO - 職位詳情延遲 14.66 秒
[2024-11-02T23:32:21.966+0000] {main_scrap.py:151} INFO - 職位詳情延遲 5.03 秒
[2024-11-02T23:32:35.357+0000] {main_scrap.py:151} INFO - 職位詳情延遲 11.03 秒
[2024-11-02T23:32:56.160+0000] {main_scrap.py:151} INFO - 職位詳情延遲 18.77 秒
[2024-11-02T23:33:27.138+0000] {main_scrap.py:151} INFO - 職位詳情延遲 12.33 秒
[2024-11-02T23:33:45.812+0000] {main_scrap.py:151} INFO - 職位詳情延遲 18.68 秒
[2024-11-02T23:34:17.112+0000] {main_scrap.py:151} INFO - 職位詳情延遲 13.11 秒
[2024-11-02T23:34:44.362+0000] {main_scrap.py:151} INFO - 職位詳情延遲 8.76 秒
[2024-11-02T23:35:04.342+0000] {main_scrap.py:151} INFO - 職位詳情延遲 16.59 秒
[2024-11-02T23:35:20.934+0000] {logging_mixin.py:190} WARNING - 爬取 資料科學家:  12%|#2        | 3/24 [23:59<2:47:07, 477.52s/it]
[2024-11-02T23:35:20.934+0000] {main_scrap.py:112} INFO - 頁面 4 延遲 14.06 秒
[2024-11-02T23:35:52.644+0000] {main_scrap.py:151} INFO - 職位詳情延遲 7.72 秒
[2024-11-02T23:36:06.014+0000] {main_scrap.py:151} INFO - 職位詳情延遲 12.24 秒
[2024-11-02T23:36:30.042+0000] {main_scrap.py:151} INFO - 職位詳情延遲 18.19 秒
[2024-11-02T23:37:04.685+0000] {main_scrap.py:151} INFO - 職位詳情延遲 5.46 秒
[2024-11-02T23:37:16.359+0000] {main_scrap.py:151} INFO - 職位詳情延遲 5.42 秒
[2024-11-02T23:37:29.582+0000] {main_scrap.py:151} INFO - 職位詳情延遲 19.74 秒
[2024-11-02T23:38:02.451+0000] {main_scrap.py:151} INFO - 職位詳情延遲 7.01 秒
[2024-11-02T23:38:18.575+0000] {main_scrap.py:151} INFO - 職位詳情延遲 16.38 秒
[2024-11-02T23:38:46.148+0000] {main_scrap.py:151} INFO - 職位詳情延遲 17.17 秒
[2024-11-02T23:39:09.426+0000] {main_scrap.py:151} INFO - 職位詳情延遲 19.33 秒
[2024-11-02T23:39:40.533+0000] {main_scrap.py:151} INFO - 職位詳情延遲 12.05 秒
[2024-11-02T23:39:58.099+0000] {main_scrap.py:151} INFO - 職位詳情延遲 19.62 秒
[2024-11-02T23:40:27.958+0000] {main_scrap.py:151} INFO - 職位詳情延遲 10.79 秒
[2024-11-02T23:40:48.473+0000] {main_scrap.py:151} INFO - 職位詳情延遲 13.44 秒
[2024-11-02T23:41:09.336+0000] {main_scrap.py:151} INFO - 職位詳情延遲 9.06 秒
[2024-11-02T23:41:32.287+0000] {main_scrap.py:151} INFO - 職位詳情延遲 16.34 秒
[2024-11-02T23:41:57.916+0000] {main_scrap.py:151} INFO - 職位詳情延遲 15.79 秒
[2024-11-02T23:42:25.690+0000] {main_scrap.py:151} INFO - 職位詳情延遲 11.67 秒
[2024-11-02T23:42:43.893+0000] {main_scrap.py:151} INFO - 職位詳情延遲 18.32 秒
[2024-11-02T23:43:08.470+0000] {main_scrap.py:151} INFO - 職位詳情延遲 16.13 秒
[2024-11-02T23:43:24.601+0000] {logging_mixin.py:190} WARNING - 爬取 資料科學家:  17%|#6        | 4/24 [32:02<2:39:58, 479.94s/it]
[2024-11-02T23:43:24.602+0000] {main_scrap.py:112} INFO - 頁面 5 延遲 5.82 秒
[2024-11-02T23:43:43.580+0000] {main_scrap.py:151} INFO - 職位詳情延遲 18.62 秒
[2024-11-02T23:44:08.892+0000] {main_scrap.py:151} INFO - 職位詳情延遲 10.43 秒
[2024-11-02T23:44:25.369+0000] {main_scrap.py:151} INFO - 職位詳情延遲 13.69 秒
[2024-11-02T23:44:52.921+0000] {main_scrap.py:151} INFO - 職位詳情延遲 18.77 秒
[2024-11-02T23:45:18.526+0000] {main_scrap.py:151} INFO - 職位詳情延遲 13.74 秒
[2024-11-02T23:45:47.083+0000] {main_scrap.py:151} INFO - 職位詳情延遲 16.73 秒
[2024-11-02T23:46:11.031+0000] {main_scrap.py:151} INFO - 職位詳情延遲 17.58 秒
[2024-11-02T23:46:41.672+0000] {main_scrap.py:151} INFO - 職位詳情延遲 14.41 秒
[2024-11-02T23:47:10.681+0000] {main_scrap.py:151} INFO - 職位詳情延遲 6.04 秒
[2024-11-02T23:47:22.788+0000] {main_scrap.py:151} INFO - 職位詳情延遲 11.15 秒
[2024-11-02T23:47:42.298+0000] {main_scrap.py:151} INFO - 職位詳情延遲 15.35 秒
[2024-11-02T23:48:09.913+0000] {main_scrap.py:151} INFO - 職位詳情延遲 16.75 秒
[2024-11-02T23:48:39.792+0000] {main_scrap.py:151} INFO - 職位詳情延遲 18.79 秒
[2024-11-02T23:49:11.680+0000] {main_scrap.py:151} INFO - 職位詳情延遲 6.33 秒
[2024-11-02T23:49:28.837+0000] {main_scrap.py:151} INFO - 職位詳情延遲 9.49 秒
[2024-11-02T23:49:49.748+0000] {main_scrap.py:151} INFO - 職位詳情延遲 11.04 秒
[2024-11-02T23:50:11.959+0000] {main_scrap.py:151} INFO - 職位詳情延遲 14.67 秒
[2024-11-02T23:50:41.645+0000] {main_scrap.py:151} INFO - 職位詳情延遲 5.22 秒
[2024-11-02T23:50:57.741+0000] {main_scrap.py:151} INFO - 職位詳情延遲 6.63 秒
[2024-11-02T23:51:11.083+0000] {main_scrap.py:151} INFO - 職位詳情延遲 16.07 秒
[2024-11-02T23:51:27.154+0000] {logging_mixin.py:190} WARNING - 爬取 資料科學家:  21%|##        | 5/24 [40:05<2:32:16, 480.89s/it]
[2024-11-02T23:51:27.154+0000] {main_scrap.py:112} INFO - 頁面 6 延遲 6.40 秒
[2024-11-02T23:51:43.654+0000] {main_scrap.py:151} INFO - 職位詳情延遲 16.82 秒
[2024-11-02T23:52:11.476+0000] {main_scrap.py:151} INFO - 職位詳情延遲 14.89 秒
[2024-11-02T23:52:39.192+0000] {main_scrap.py:151} INFO - 職位詳情延遲 13.28 秒
[2024-11-02T23:53:03.704+0000] {main_scrap.py:151} INFO - 職位詳情延遲 18.27 秒
[2024-11-02T23:53:34.131+0000] {main_scrap.py:151} INFO - 職位詳情延遲 11.45 秒
[2024-11-02T23:53:55.687+0000] {main_scrap.py:151} INFO - 職位詳情延遲 10.94 秒
[2024-11-02T23:54:14.162+0000] {main_scrap.py:151} INFO - 職位詳情延遲 15.90 秒
[2024-11-02T23:54:36.149+0000] {main_scrap.py:151} INFO - 職位詳情延遲 14.26 秒
[2024-11-02T23:55:03.025+0000] {main_scrap.py:151} INFO - 職位詳情延遲 7.21 秒
[2024-11-02T23:55:23.911+0000] {main_scrap.py:151} INFO - 職位詳情延遲 11.80 秒
[2024-11-02T23:55:46.798+0000] {main_scrap.py:151} INFO - 職位詳情延遲 9.74 秒
[2024-11-02T23:56:09.089+0000] {main_scrap.py:151} INFO - 職位詳情延遲 12.72 秒
[2024-11-02T23:56:31.116+0000] {main_scrap.py:151} INFO - 職位詳情延遲 13.55 秒
[2024-11-02T23:56:56.166+0000] {main_scrap.py:151} INFO - 職位詳情延遲 14.55 秒
[2024-11-02T23:57:24.311+0000] {main_scrap.py:151} INFO - 職位詳情延遲 10.96 秒
[2024-11-02T23:57:49.908+0000] {main_scrap.py:151} INFO - 職位詳情延遲 11.16 秒
[2024-11-02T23:58:08.362+0000] {main_scrap.py:151} INFO - 職位詳情延遲 7.40 秒
[2024-11-02T23:58:27.674+0000] {main_scrap.py:151} INFO - 職位詳情延遲 19.65 秒
[2024-11-02T23:59:02.610+0000] {main_scrap.py:151} INFO - 職位詳情延遲 16.12 秒
[2024-11-02T23:59:26.194+0000] {main_scrap.py:151} INFO - 職位詳情延遲 6.51 秒
[2024-11-02T23:59:32.704+0000] {logging_mixin.py:190} WARNING - 爬取 資料科學家:  25%|##5       | 6/24 [48:10<2:24:44, 482.47s/it]
[2024-11-02T23:59:32.704+0000] {main_scrap.py:112} INFO - 頁面 7 延遲 18.39 秒
[2024-11-03T00:00:09.487+0000] {main_scrap.py:151} INFO - 職位詳情延遲 13.56 秒
[2024-11-03T00:00:32.389+0000] {main_scrap.py:151} INFO - 職位詳情延遲 16.94 秒
[2024-11-03T00:01:01.315+0000] {main_scrap.py:151} INFO - 職位詳情延遲 8.13 秒
[2024-11-03T00:01:24.265+0000] {main_scrap.py:151} INFO - 職位詳情延遲 10.65 秒
[2024-11-03T00:01:49.596+0000] {main_scrap.py:151} INFO - 職位詳情延遲 10.71 秒
[2024-11-03T00:02:09.086+0000] {main_scrap.py:151} INFO - 職位詳情延遲 16.64 秒
[2024-11-03T00:02:33.622+0000] {main_scrap.py:151} INFO - 職位詳情延遲 16.88 秒
[2024-11-03T00:03:01.970+0000] {main_scrap.py:151} INFO - 職位詳情延遲 14.14 秒
[2024-11-03T00:03:29.270+0000] {main_scrap.py:151} INFO - 職位詳情延遲 5.96 秒
[2024-11-03T00:03:41.892+0000] {main_scrap.py:151} INFO - 職位詳情延遲 16.95 秒
[2024-11-03T00:04:10.411+0000] {main_scrap.py:151} INFO - 職位詳情延遲 9.26 秒
[2024-11-03T00:04:26.866+0000] {main_scrap.py:151} INFO - 職位詳情延遲 6.91 秒
[2024-11-03T00:04:40.887+0000] {main_scrap.py:151} INFO - 職位詳情延遲 17.52 秒
[2024-11-03T00:05:10.730+0000] {main_scrap.py:151} INFO - 職位詳情延遲 19.14 秒
[2024-11-03T00:05:39.970+0000] {main_scrap.py:151} INFO - 職位詳情延遲 17.61 秒
[2024-11-03T00:06:06.961+0000] {main_scrap.py:151} INFO - 職位詳情延遲 14.62 秒
[2024-11-03T00:06:33.944+0000] {main_scrap.py:151} INFO - 職位詳情延遲 5.41 秒
[2024-11-03T00:06:46.083+0000] {main_scrap.py:151} INFO - 職位詳情延遲 6.88 秒
[2024-11-03T00:07:02.002+0000] {main_scrap.py:151} INFO - 職位詳情延遲 10.86 秒
[2024-11-03T00:07:25.822+0000] {main_scrap.py:151} INFO - 職位詳情延遲 19.10 秒
[2024-11-03T00:07:44.924+0000] {logging_mixin.py:190} WARNING - 爬取 資料科學家:  29%|##9       | 7/24 [56:23<2:17:36, 485.66s/it]
[2024-11-03T00:07:44.925+0000] {main_scrap.py:112} INFO - 頁面 8 延遲 12.52 秒
[2024-11-03T00:08:12.240+0000] {main_scrap.py:151} INFO - 職位詳情延遲 9.54 秒
[2024-11-03T00:08:27.452+0000] {main_scrap.py:151} INFO - 職位詳情延遲 9.77 秒
[2024-11-03T00:08:45.183+0000] {main_scrap.py:151} INFO - 職位詳情延遲 10.39 秒
[2024-11-03T00:09:03.772+0000] {main_scrap.py:151} INFO - 職位詳情延遲 18.49 秒
[2024-11-03T00:09:32.946+0000] {main_scrap.py:151} INFO - 職位詳情延遲 18.11 秒
[2024-11-03T00:09:58.633+0000] {main_scrap.py:151} INFO - 職位詳情延遲 9.77 秒
[2024-11-03T00:10:18.856+0000] {main_scrap.py:151} INFO - 職位詳情延遲 12.58 秒
[2024-11-03T00:10:45.951+0000] {main_scrap.py:151} INFO - 職位詳情延遲 12.70 秒
[2024-11-03T00:11:08.647+0000] {main_scrap.py:151} INFO - 職位詳情延遲 15.27 秒
[2024-11-03T00:11:21.300+0000] {timeout.py:68} ERROR - Process timed out, PID: 349
[2024-11-03T00:11:21.301+0000] {logging_mixin.py:190} WARNING - 爬取 資料科學家:  29%|##9       | 7/24 [59:59<2:25:41, 514.20s/it]
[2024-11-03T00:11:21.308+0000] {taskinstance.py:3310} ERROR - Task failed with exception
Traceback (most recent call last):
  File "/home/airflow/.local/lib/python3.12/site-packages/airflow/models/taskinstance.py", line 762, in _execute_task
    result = _execute_callable(context=context, **execute_callable_kwargs)
             ^^^^^^^^^^^^^^^^^^^^^^^^^^^^^^^^^^^^^^^^^^^^^^^^^^^^^^^^^^^^^
  File "/home/airflow/.local/lib/python3.12/site-packages/airflow/models/taskinstance.py", line 733, in _execute_callable
    return ExecutionCallableRunner(
           ^^^^^^^^^^^^^^^^^^^^^^^^
  File "/home/airflow/.local/lib/python3.12/site-packages/airflow/utils/operator_helpers.py", line 252, in run
    return self.func(*args, **kwargs)
           ^^^^^^^^^^^^^^^^^^^^^^^^^^
  File "/home/airflow/.local/lib/python3.12/site-packages/airflow/models/baseoperator.py", line 406, in wrapper
    return func(self, *args, **kwargs)
           ^^^^^^^^^^^^^^^^^^^^^^^^^^^
  File "/home/airflow/.local/lib/python3.12/site-packages/airflow/operators/python.py", line 238, in execute
    return_value = self.execute_callable()
                   ^^^^^^^^^^^^^^^^^^^^^^^
  File "/home/airflow/.local/lib/python3.12/site-packages/airflow/operators/python.py", line 256, in execute_callable
    return runner.run(*self.op_args, **self.op_kwargs)
           ^^^^^^^^^^^^^^^^^^^^^^^^^^^^^^^^^^^^^^^^^^^
  File "/home/airflow/.local/lib/python3.12/site-packages/airflow/utils/operator_helpers.py", line 252, in run
    return self.func(*args, **kwargs)
           ^^^^^^^^^^^^^^^^^^^^^^^^^^
  File "/opt/airflow/tasks/main_scrap.py", line 264, in web_crawler
    scraper.scrape_jobs(key_txt)
  File "/opt/airflow/tasks/main_scrap.py", line 152, in scrape_jobs
    time.sleep(sleep_time)
  File "/home/airflow/.local/lib/python3.12/site-packages/airflow/utils/timeout.py", line 69, in handle_timeout
    raise AirflowTaskTimeout(self.error_message)
airflow.exceptions.AirflowTaskTimeout: Timeout, PID: 349
[2024-11-03T00:11:21.316+0000] {taskinstance.py:1225} INFO - Marking task as UP_FOR_RETRY. dag_id=job_scraping_pipeline, task_id=scrape_chunk_2, run_id=manual__2024-11-02T21:01:36.690915+00:00, execution_date=20241102T210136, start_date=20241102T231121, end_date=20241103T001121
[2024-11-03T00:11:21.333+0000] {taskinstance.py:340} INFO - ::group::Post task execution logs
[2024-11-03T00:11:21.359+0000] {local_task_job_runner.py:266} INFO - Task exited with return code 2
[2024-11-03T00:11:21.381+0000] {taskinstance.py:3900} INFO - 0 downstream tasks scheduled from follow-on schedule check
[2024-11-03T00:11:21.382+0000] {local_task_job_runner.py:245} INFO - ::endgroup::
