[2024-11-03T02:11:35.932+0000] {local_task_job_runner.py:123} INFO - ::group::Pre task execution logs
[2024-11-03T02:11:35.943+0000] {taskinstance.py:2612} INFO - Dependencies all met for dep_context=non-requeueable deps ti=<TaskInstance: job_scraping_pipeline.scrape_chunk_5 manual__2024-11-02T21:01:36.690915+00:00 [queued]>
[2024-11-03T02:11:35.954+0000] {taskinstance.py:2612} INFO - Dependencies all met for dep_context=requeueable deps ti=<TaskInstance: job_scraping_pipeline.scrape_chunk_5 manual__2024-11-02T21:01:36.690915+00:00 [queued]>
[2024-11-03T02:11:35.954+0000] {taskinstance.py:2865} INFO - Starting attempt 1 of 4
[2024-11-03T02:11:35.972+0000] {taskinstance.py:2888} INFO - Executing <Task(PythonOperator): scrape_chunk_5> on 2024-11-02 21:01:36.690915+00:00
[2024-11-03T02:11:35.986+0000] {standard_task_runner.py:104} INFO - Running: ['airflow', 'tasks', 'run', 'job_scraping_pipeline', 'scrape_chunk_5', 'manual__2024-11-02T21:01:36.690915+00:00', '--job-id', '74', '--raw', '--subdir', 'DAGS_FOLDER/test.py', '--cfg-path', '/tmp/tmpkwe4beq6']
[2024-11-03T02:11:35.989+0000] {standard_task_runner.py:105} INFO - Job 74: Subtask scrape_chunk_5
[2024-11-03T02:11:35.990+0000] {logging_mixin.py:190} WARNING - /home/airflow/.local/lib/python3.12/site-packages/airflow/task/task_runner/standard_task_runner.py:70 DeprecationWarning: This process (pid=405) is multi-threaded, use of fork() may lead to deadlocks in the child.
[2024-11-03T02:11:35.991+0000] {standard_task_runner.py:72} INFO - Started process 410 to run task
[2024-11-03T02:11:36.033+0000] {task_command.py:467} INFO - Running <TaskInstance: job_scraping_pipeline.scrape_chunk_5 manual__2024-11-02T21:01:36.690915+00:00 [running]> on host 6fb5d61061dc
[2024-11-03T02:11:36.120+0000] {taskinstance.py:3131} INFO - Exporting env vars: AIRFLOW_CTX_DAG_OWNER='airflow' AIRFLOW_CTX_DAG_ID='job_scraping_pipeline' AIRFLOW_CTX_TASK_ID='scrape_chunk_5' AIRFLOW_CTX_EXECUTION_DATE='2024-11-02T21:01:36.690915+00:00' AIRFLOW_CTX_TRY_NUMBER='1' AIRFLOW_CTX_DAG_RUN_ID='manual__2024-11-02T21:01:36.690915+00:00'
[2024-11-03T02:11:36.122+0000] {taskinstance.py:731} INFO - ::endgroup::
[2024-11-03T02:11:36.140+0000] {main_scrap.py:56} INFO - 初始化完成，輸出目錄: jobs_csv
[2024-11-03T02:11:36.141+0000] {main_scrap.py:94} INFO - 開始爬取關鍵字: Backend Engineer
[2024-11-03T02:11:36.142+0000] {main_scrap.py:77} INFO - 請求URL: https://www.104.com.tw/jobs/search/?ro=0&kwop=7&keyword=Backend%20Engineer&order=15&asc=0&page=1&mode=s&jobsource=m_joblist_search&searchTempExclude=2
[2024-11-03T02:11:39.961+0000] {main_scrap.py:107} INFO - 開始爬取關鍵字: Backend Engineer, 共有：150 頁
[2024-11-03T02:11:39.969+0000] {logging_mixin.py:190} WARNING - 爬取 Backend Engineer:   0%|          | 0/150 [00:00<?, ?it/s]
[2024-11-03T02:11:39.969+0000] {main_scrap.py:112} INFO - 頁面 1 延遲 15.58 秒
[2024-11-03T02:12:07.173+0000] {main_scrap.py:151} INFO - 職位詳情延遲 10.97 秒
[2024-11-03T02:12:23.823+0000] {main_scrap.py:151} INFO - 職位詳情延遲 14.30 秒
[2024-11-03T02:12:46.303+0000] {main_scrap.py:151} INFO - 職位詳情延遲 7.59 秒
[2024-11-03T02:12:59.611+0000] {main_scrap.py:151} INFO - 職位詳情延遲 11.48 秒
[2024-11-03T02:13:19.133+0000] {main_scrap.py:151} INFO - 職位詳情延遲 13.15 秒
[2024-11-03T02:13:40.173+0000] {main_scrap.py:151} INFO - 職位詳情延遲 15.87 秒
[2024-11-03T02:14:07.597+0000] {main_scrap.py:151} INFO - 職位詳情延遲 16.45 秒
[2024-11-03T02:14:34.843+0000] {main_scrap.py:151} INFO - 職位詳情延遲 12.49 秒
[2024-11-03T02:15:00.662+0000] {main_scrap.py:151} INFO - 職位詳情延遲 6.13 秒
[2024-11-03T02:15:21.093+0000] {main_scrap.py:151} INFO - 職位詳情延遲 18.47 秒
[2024-11-03T02:15:51.476+0000] {main_scrap.py:151} INFO - 職位詳情延遲 14.49 秒
[2024-11-03T02:16:12.271+0000] {main_scrap.py:151} INFO - 職位詳情延遲 5.92 秒
[2024-11-03T02:16:32.590+0000] {main_scrap.py:151} INFO - 職位詳情延遲 13.26 秒
[2024-11-03T02:16:56.105+0000] {main_scrap.py:151} INFO - 職位詳情延遲 16.61 秒
[2024-11-03T02:17:19.945+0000] {main_scrap.py:151} INFO - 職位詳情延遲 6.77 秒
[2024-11-03T02:17:34.493+0000] {main_scrap.py:151} INFO - 職位詳情延遲 16.03 秒
[2024-11-03T02:18:01.447+0000] {main_scrap.py:151} INFO - 職位詳情延遲 16.08 秒
[2024-11-03T02:18:24.848+0000] {main_scrap.py:151} INFO - 職位詳情延遲 12.86 秒
[2024-11-03T02:18:43.437+0000] {main_scrap.py:151} INFO - 職位詳情延遲 9.27 秒
[2024-11-03T02:19:04.987+0000] {main_scrap.py:151} INFO - 職位詳情延遲 9.40 秒
[2024-11-03T02:19:29.262+0000] {main_scrap.py:151} INFO - 職位詳情延遲 12.46 秒
[2024-11-03T02:19:49.415+0000] {main_scrap.py:151} INFO - 職位詳情延遲 8.76 秒
[2024-11-03T02:19:58.176+0000] {logging_mixin.py:190} WARNING - 爬取 Backend Engineer:   1%|          | 1/150 [08:18<20:37:12, 498.21s/it]
[2024-11-03T02:19:58.177+0000] {main_scrap.py:112} INFO - 頁面 2 延遲 10.42 秒
[2024-11-03T02:20:25.812+0000] {main_scrap.py:151} INFO - 職位詳情延遲 18.03 秒
[2024-11-03T02:20:52.797+0000] {main_scrap.py:151} INFO - 職位詳情延遲 11.17 秒
[2024-11-03T02:21:16.350+0000] {main_scrap.py:151} INFO - 職位詳情延遲 18.02 秒
[2024-11-03T02:21:48.932+0000] {main_scrap.py:151} INFO - 職位詳情延遲 16.80 秒
[2024-11-03T02:22:11.388+0000] {main_scrap.py:151} INFO - 職位詳情延遲 12.08 秒
[2024-11-03T02:22:34.383+0000] {main_scrap.py:151} INFO - 職位詳情延遲 5.03 秒
[2024-11-03T02:22:53.252+0000] {main_scrap.py:151} INFO - 職位詳情延遲 18.81 秒
[2024-11-03T02:23:24.503+0000] {main_scrap.py:151} INFO - 職位詳情延遲 9.15 秒
[2024-11-03T02:23:40.498+0000] {main_scrap.py:151} INFO - 職位詳情延遲 11.40 秒
[2024-11-03T02:24:01.317+0000] {main_scrap.py:151} INFO - 職位詳情延遲 11.72 秒
[2024-11-03T02:24:21.360+0000] {main_scrap.py:151} INFO - 職位詳情延遲 5.86 秒
[2024-11-03T02:24:37.578+0000] {main_scrap.py:151} INFO - 職位詳情延遲 8.38 秒
[2024-11-03T02:24:52.285+0000] {main_scrap.py:151} INFO - 職位詳情延遲 5.62 秒
[2024-11-03T02:25:06.632+0000] {main_scrap.py:151} INFO - 職位詳情延遲 18.52 秒
[2024-11-03T02:25:39.044+0000] {main_scrap.py:151} INFO - 職位詳情延遲 18.63 秒
[2024-11-03T02:26:08.515+0000] {main_scrap.py:151} INFO - 職位詳情延遲 7.62 秒
[2024-11-03T02:26:26.937+0000] {main_scrap.py:151} INFO - 職位詳情延遲 15.63 秒
[2024-11-03T02:26:49.877+0000] {main_scrap.py:151} INFO - 職位詳情延遲 9.08 秒
[2024-11-03T02:27:08.477+0000] {main_scrap.py:151} INFO - 職位詳情延遲 11.61 秒
[2024-11-03T02:27:31.297+0000] {main_scrap.py:151} INFO - 職位詳情延遲 16.70 秒
[2024-11-03T02:27:58.161+0000] {main_scrap.py:151} INFO - 職位詳情延遲 10.59 秒
[2024-11-03T02:28:16.491+0000] {main_scrap.py:151} INFO - 職位詳情延遲 13.76 秒
[2024-11-03T02:28:30.254+0000] {logging_mixin.py:190} WARNING - 爬取 Backend Engineer:   1%|1         | 2/150 [16:50<20:49:02, 506.37s/it]
[2024-11-03T02:28:30.254+0000] {main_scrap.py:112} INFO - 頁面 3 延遲 18.58 秒
[2024-11-03T02:29:02.688+0000] {main_scrap.py:151} INFO - 職位詳情延遲 19.35 秒
[2024-11-03T02:29:31.370+0000] {main_scrap.py:151} INFO - 職位詳情延遲 19.08 秒
[2024-11-03T02:30:03.153+0000] {main_scrap.py:151} INFO - 職位詳情延遲 14.08 秒
[2024-11-03T02:30:25.495+0000] {main_scrap.py:151} INFO - 職位詳情延遲 5.78 秒
[2024-11-03T02:30:44.686+0000] {main_scrap.py:151} INFO - 職位詳情延遲 14.07 秒
[2024-11-03T02:31:09.228+0000] {main_scrap.py:151} INFO - 職位詳情延遲 13.53 秒
[2024-11-03T02:31:35.452+0000] {main_scrap.py:151} INFO - 職位詳情延遲 15.52 秒
[2024-11-03T02:32:01.855+0000] {main_scrap.py:151} INFO - 職位詳情延遲 13.87 秒
[2024-11-03T02:32:23.697+0000] {main_scrap.py:151} INFO - 職位詳情延遲 19.78 秒
[2024-11-03T02:32:49.447+0000] {main_scrap.py:151} INFO - 職位詳情延遲 10.20 秒
[2024-11-03T02:33:07.877+0000] {main_scrap.py:151} INFO - 職位詳情延遲 16.10 秒
[2024-11-03T02:33:29.527+0000] {main_scrap.py:151} INFO - 職位詳情延遲 8.94 秒
[2024-11-03T02:33:49.629+0000] {main_scrap.py:151} INFO - 職位詳情延遲 15.69 秒
[2024-11-03T02:34:15.206+0000] {main_scrap.py:151} INFO - 職位詳情延遲 8.13 秒
[2024-11-03T02:34:32.638+0000] {main_scrap.py:151} INFO - 職位詳情延遲 5.84 秒
[2024-11-03T02:34:46.471+0000] {main_scrap.py:151} INFO - 職位詳情延遲 13.00 秒
[2024-11-03T02:35:13.718+0000] {main_scrap.py:151} INFO - 職位詳情延遲 8.06 秒
[2024-11-03T02:35:36.148+0000] {main_scrap.py:151} INFO - 職位詳情延遲 7.23 秒
[2024-11-03T02:35:55.651+0000] {main_scrap.py:151} INFO - 職位詳情延遲 10.36 秒
[2024-11-03T02:36:14.825+0000] {main_scrap.py:151} INFO - 職位詳情延遲 14.52 秒
[2024-11-03T02:36:43.868+0000] {main_scrap.py:151} INFO - 職位詳情延遲 5.23 秒
[2024-11-03T02:37:02.208+0000] {main_scrap.py:151} INFO - 職位詳情延遲 11.60 秒
[2024-11-03T02:37:13.806+0000] {logging_mixin.py:190} WARNING - 爬取 Backend Engineer:   2%|2         | 3/150 [25:33<20:59:49, 514.21s/it]
[2024-11-03T02:37:13.806+0000] {main_scrap.py:112} INFO - 頁面 4 延遲 18.53 秒
[2024-11-03T02:37:44.867+0000] {main_scrap.py:151} INFO - 職位詳情延遲 12.64 秒
[2024-11-03T02:38:03.877+0000] {main_scrap.py:151} INFO - 職位詳情延遲 11.75 秒
[2024-11-03T02:38:31.004+0000] {main_scrap.py:151} INFO - 職位詳情延遲 9.25 秒
[2024-11-03T02:38:47.711+0000] {main_scrap.py:151} INFO - 職位詳情延遲 11.75 秒
[2024-11-03T02:39:09.131+0000] {main_scrap.py:151} INFO - 職位詳情延遲 8.45 秒
[2024-11-03T02:39:32.775+0000] {main_scrap.py:151} INFO - 職位詳情延遲 8.95 秒
[2024-11-03T02:39:53.905+0000] {main_scrap.py:151} INFO - 職位詳情延遲 6.79 秒
[2024-11-03T02:40:08.587+0000] {main_scrap.py:151} INFO - 職位詳情延遲 17.40 秒
[2024-11-03T02:40:40.485+0000] {main_scrap.py:151} INFO - 職位詳情延遲 13.65 秒
[2024-11-03T02:41:01.233+0000] {main_scrap.py:151} INFO - 職位詳情延遲 16.01 秒
[2024-11-03T02:41:30.852+0000] {main_scrap.py:151} INFO - 職位詳情延遲 6.38 秒
[2024-11-03T02:41:43.554+0000] {main_scrap.py:151} INFO - 職位詳情延遲 13.49 秒
[2024-11-03T02:42:07.077+0000] {main_scrap.py:151} INFO - 職位詳情延遲 15.70 秒
[2024-11-03T02:42:39.089+0000] {main_scrap.py:151} INFO - 職位詳情延遲 11.43 秒
[2024-11-03T02:43:03.637+0000] {main_scrap.py:151} INFO - 職位詳情延遲 13.42 秒
[2024-11-03T02:43:27.067+0000] {main_scrap.py:151} INFO - 職位詳情延遲 5.85 秒
[2024-11-03T02:43:45.224+0000] {main_scrap.py:151} INFO - 職位詳情延遲 8.56 秒
[2024-11-03T02:44:00.730+0000] {main_scrap.py:151} INFO - 職位詳情延遲 6.91 秒
[2024-11-03T02:44:20.524+0000] {main_scrap.py:151} INFO - 職位詳情延遲 17.49 秒
[2024-11-03T02:44:46.979+0000] {main_scrap.py:151} INFO - 職位詳情延遲 17.04 秒
[2024-11-03T02:45:16.933+0000] {main_scrap.py:151} INFO - 職位詳情延遲 5.18 秒
[2024-11-03T02:45:37.395+0000] {main_scrap.py:151} INFO - 職位詳情延遲 8.22 秒
[2024-11-03T02:45:45.615+0000] {logging_mixin.py:190} WARNING - 爬取 Backend Engineer:   3%|2         | 4/150 [34:05<20:48:56, 513.26s/it]
[2024-11-03T02:45:45.615+0000] {main_scrap.py:112} INFO - 頁面 5 延遲 6.49 秒
[2024-11-03T02:46:06.284+0000] {main_scrap.py:151} INFO - 職位詳情延遲 16.14 秒
[2024-11-03T02:46:29.470+0000] {main_scrap.py:151} INFO - 職位詳情延遲 5.46 秒
[2024-11-03T02:46:44.997+0000] {main_scrap.py:151} INFO - 職位詳情延遲 15.71 秒
[2024-11-03T02:47:07.135+0000] {main_scrap.py:151} INFO - 職位詳情延遲 7.03 秒
[2024-11-03T02:47:29.413+0000] {main_scrap.py:151} INFO - 職位詳情延遲 16.31 秒
[2024-11-03T02:47:58.564+0000] {main_scrap.py:151} INFO - 職位詳情延遲 12.66 秒
[2024-11-03T02:48:26.103+0000] {main_scrap.py:151} INFO - 職位詳情延遲 12.18 秒
[2024-11-03T02:48:46.079+0000] {main_scrap.py:151} INFO - 職位詳情延遲 19.40 秒
[2024-11-03T02:49:16.297+0000] {main_scrap.py:151} INFO - 職位詳情延遲 15.48 秒
[2024-11-03T02:49:38.602+0000] {main_scrap.py:151} INFO - 職位詳情延遲 11.24 秒
[2024-11-03T02:50:01.907+0000] {main_scrap.py:151} INFO - 職位詳情延遲 12.90 秒
[2024-11-03T02:50:27.147+0000] {main_scrap.py:151} INFO - 職位詳情延遲 19.11 秒
[2024-11-03T02:50:53.052+0000] {main_scrap.py:151} INFO - 職位詳情延遲 12.57 秒
[2024-11-03T02:51:17.301+0000] {main_scrap.py:151} INFO - 職位詳情延遲 18.49 秒
[2024-11-03T02:51:50.256+0000] {main_scrap.py:151} INFO - 職位詳情延遲 11.04 秒
[2024-11-03T02:52:12.109+0000] {main_scrap.py:151} INFO - 職位詳情延遲 8.65 秒
[2024-11-03T02:52:29.304+0000] {main_scrap.py:151} INFO - 職位詳情延遲 12.67 秒
[2024-11-03T02:52:48.489+0000] {main_scrap.py:151} INFO - 職位詳情延遲 16.40 秒
[2024-11-03T02:53:18.432+0000] {main_scrap.py:151} INFO - 職位詳情延遲 5.46 秒
[2024-11-03T02:53:35.494+0000] {main_scrap.py:151} INFO - 職位詳情延遲 12.93 秒
[2024-11-03T02:53:58.072+0000] {main_scrap.py:151} INFO - 職位詳情延遲 11.74 秒
[2024-11-03T02:54:17.930+0000] {main_scrap.py:151} INFO - 職位詳情延遲 15.85 秒
[2024-11-03T02:54:33.779+0000] {logging_mixin.py:190} WARNING - 爬取 Backend Engineer:   3%|3         | 5/150 [42:53<20:53:22, 518.64s/it]
[2024-11-03T02:54:33.780+0000] {main_scrap.py:112} INFO - 頁面 6 延遲 11.98 秒
[2024-11-03T02:55:00.493+0000] {main_scrap.py:151} INFO - 職位詳情延遲 11.82 秒
[2024-11-03T02:55:20.197+0000] {main_scrap.py:151} INFO - 職位詳情延遲 6.85 秒
[2024-11-03T02:55:38.711+0000] {main_scrap.py:151} INFO - 職位詳情延遲 17.02 秒
[2024-11-03T02:56:13.827+0000] {main_scrap.py:151} INFO - 職位詳情延遲 14.10 秒
[2024-11-03T02:56:38.171+0000] {main_scrap.py:151} INFO - 職位詳情延遲 19.29 秒
[2024-11-03T02:57:08.788+0000] {main_scrap.py:151} INFO - 職位詳情延遲 10.26 秒
[2024-11-03T02:57:32.010+0000] {main_scrap.py:151} INFO - 職位詳情延遲 7.44 秒
[2024-11-03T02:57:48.068+0000] {main_scrap.py:151} INFO - 職位詳情延遲 10.86 秒
[2024-11-03T02:58:14.196+0000] {main_scrap.py:151} INFO - 職位詳情延遲 7.25 秒
[2024-11-03T02:58:35.486+0000] {main_scrap.py:151} INFO - 職位詳情延遲 6.09 秒
[2024-11-03T02:58:56.380+0000] {main_scrap.py:151} INFO - 職位詳情延遲 16.96 秒
[2024-11-03T02:59:20.335+0000] {main_scrap.py:151} INFO - 職位詳情延遲 6.43 秒
[2024-11-03T02:59:32.743+0000] {main_scrap.py:151} INFO - 職位詳情延遲 8.49 秒
[2024-11-03T02:59:47.638+0000] {main_scrap.py:151} INFO - 職位詳情延遲 9.65 秒
[2024-11-03T03:00:03.829+0000] {main_scrap.py:151} INFO - 職位詳情延遲 9.58 秒
[2024-11-03T03:00:19.901+0000] {main_scrap.py:151} INFO - 職位詳情延遲 15.26 秒
[2024-11-03T03:00:47.791+0000] {main_scrap.py:151} INFO - 職位詳情延遲 14.82 秒
[2024-11-03T03:01:15.628+0000] {main_scrap.py:151} INFO - 職位詳情延遲 8.85 秒
[2024-11-03T03:01:30.779+0000] {main_scrap.py:151} INFO - 職位詳情延遲 12.20 秒
[2024-11-03T03:01:54.438+0000] {main_scrap.py:151} INFO - 職位詳情延遲 12.65 秒
[2024-11-03T03:02:07.092+0000] {logging_mixin.py:190} WARNING - 爬取 Backend Engineer:   4%|4         | 6/150 [50:27<19:51:25, 496.43s/it]
[2024-11-03T03:02:07.092+0000] {main_scrap.py:112} INFO - 頁面 7 延遲 15.90 秒
[2024-11-03T03:02:40.505+0000] {main_scrap.py:151} INFO - 職位詳情延遲 15.41 秒
[2024-11-03T03:03:07.822+0000] {main_scrap.py:151} INFO - 職位詳情延遲 6.10 秒
[2024-11-03T03:03:22.012+0000] {main_scrap.py:151} INFO - 職位詳情延遲 10.84 秒
[2024-11-03T03:03:44.252+0000] {main_scrap.py:151} INFO - 職位詳情延遲 18.85 秒
[2024-11-03T03:04:19.172+0000] {main_scrap.py:151} INFO - 職位詳情延遲 13.15 秒
[2024-11-03T03:04:42.907+0000] {main_scrap.py:151} INFO - 職位詳情延遲 18.32 秒
[2024-11-03T03:05:07.873+0000] {main_scrap.py:151} INFO - 職位詳情延遲 5.62 秒
[2024-11-03T03:05:26.562+0000] {main_scrap.py:151} INFO - 職位詳情延遲 14.66 秒
[2024-11-03T03:05:52.982+0000] {main_scrap.py:151} INFO - 職位詳情延遲 6.65 秒
[2024-11-03T03:06:06.192+0000] {main_scrap.py:151} INFO - 職位詳情延遲 19.73 秒
[2024-11-03T03:06:34.811+0000] {main_scrap.py:151} INFO - 職位詳情延遲 19.97 秒
[2024-11-03T03:07:04.083+0000] {main_scrap.py:151} INFO - 職位詳情延遲 9.56 秒
[2024-11-03T03:07:22.284+0000] {main_scrap.py:151} INFO - 職位詳情延遲 15.40 秒
[2024-11-03T03:07:49.990+0000] {main_scrap.py:151} INFO - 職位詳情延遲 7.81 秒
[2024-11-03T03:08:10.521+0000] {main_scrap.py:151} INFO - 職位詳情延遲 14.07 秒
[2024-11-03T03:08:38.419+0000] {main_scrap.py:151} INFO - 職位詳情延遲 5.46 秒
[2024-11-03T03:08:51.151+0000] {main_scrap.py:151} INFO - 職位詳情延遲 19.02 秒
[2024-11-03T03:09:15.887+0000] {main_scrap.py:151} INFO - 職位詳情延遲 13.59 秒
[2024-11-03T03:09:38.308+0000] {main_scrap.py:151} INFO - 職位詳情延遲 5.49 秒
[2024-11-03T03:09:49.814+0000] {main_scrap.py:151} INFO - 職位詳情延遲 5.77 秒
[2024-11-03T03:09:55.581+0000] {logging_mixin.py:190} WARNING - 爬取 Backend Engineer:   5%|4         | 7/150 [58:15<19:21:22, 487.29s/it]
[2024-11-03T03:09:55.581+0000] {main_scrap.py:112} INFO - 頁面 8 延遲 7.61 秒
[2024-11-03T03:10:12.031+0000] {main_scrap.py:151} INFO - 職位詳情延遲 5.63 秒
[2024-11-03T03:10:25.986+0000] {main_scrap.py:151} INFO - 職位詳情延遲 15.84 秒
[2024-11-03T03:10:56.190+0000] {main_scrap.py:151} INFO - 職位詳情延遲 6.95 秒
[2024-11-03T03:11:08.765+0000] {main_scrap.py:151} INFO - 職位詳情延遲 18.11 秒
[2024-11-03T03:11:36.122+0000] {timeout.py:68} ERROR - Process timed out, PID: 410
[2024-11-03T03:11:36.123+0000] {logging_mixin.py:190} WARNING - 爬取 Backend Engineer:   5%|4         | 7/150 [59:56<20:24:24, 513.74s/it]
[2024-11-03T03:11:36.130+0000] {taskinstance.py:3310} ERROR - Task failed with exception
Traceback (most recent call last):
  File "/home/airflow/.local/lib/python3.12/site-packages/airflow/models/taskinstance.py", line 762, in _execute_task
    result = _execute_callable(context=context, **execute_callable_kwargs)
             ^^^^^^^^^^^^^^^^^^^^^^^^^^^^^^^^^^^^^^^^^^^^^^^^^^^^^^^^^^^^^
  File "/home/airflow/.local/lib/python3.12/site-packages/airflow/models/taskinstance.py", line 733, in _execute_callable
    return ExecutionCallableRunner(
           ^^^^^^^^^^^^^^^^^^^^^^^^
  File "/home/airflow/.local/lib/python3.12/site-packages/airflow/utils/operator_helpers.py", line 252, in run
    return self.func(*args, **kwargs)
           ^^^^^^^^^^^^^^^^^^^^^^^^^^
  File "/home/airflow/.local/lib/python3.12/site-packages/airflow/models/baseoperator.py", line 406, in wrapper
    return func(self, *args, **kwargs)
           ^^^^^^^^^^^^^^^^^^^^^^^^^^^
  File "/home/airflow/.local/lib/python3.12/site-packages/airflow/operators/python.py", line 238, in execute
    return_value = self.execute_callable()
                   ^^^^^^^^^^^^^^^^^^^^^^^
  File "/home/airflow/.local/lib/python3.12/site-packages/airflow/operators/python.py", line 256, in execute_callable
    return runner.run(*self.op_args, **self.op_kwargs)
           ^^^^^^^^^^^^^^^^^^^^^^^^^^^^^^^^^^^^^^^^^^^
  File "/home/airflow/.local/lib/python3.12/site-packages/airflow/utils/operator_helpers.py", line 252, in run
    return self.func(*args, **kwargs)
           ^^^^^^^^^^^^^^^^^^^^^^^^^^
  File "/opt/airflow/tasks/main_scrap.py", line 264, in web_crawler
    scraper.scrape_jobs(key_txt)
  File "/opt/airflow/tasks/main_scrap.py", line 147, in scrape_jobs
    introduction, tools, skills, job_categories, major_requirement, other_requirements = self.extract_job_details(detail_soup)
                                                                                         ^^^^^^^^^^^^^^^^^^^^^^^^^^^^^^^^^^^^^
  File "/opt/airflow/tasks/main_scrap.py", line 200, in extract_job_details
    time.sleep(random.uniform(5, 15))
  File "/home/airflow/.local/lib/python3.12/site-packages/airflow/utils/timeout.py", line 69, in handle_timeout
    raise AirflowTaskTimeout(self.error_message)
airflow.exceptions.AirflowTaskTimeout: Timeout, PID: 410
[2024-11-03T03:11:36.138+0000] {taskinstance.py:1225} INFO - Marking task as UP_FOR_RETRY. dag_id=job_scraping_pipeline, task_id=scrape_chunk_5, run_id=manual__2024-11-02T21:01:36.690915+00:00, execution_date=20241102T210136, start_date=20241103T021135, end_date=20241103T031136
[2024-11-03T03:11:36.153+0000] {taskinstance.py:340} INFO - ::group::Post task execution logs
[2024-11-03T03:11:36.180+0000] {local_task_job_runner.py:266} INFO - Task exited with return code 2
[2024-11-03T03:11:36.203+0000] {taskinstance.py:3900} INFO - 0 downstream tasks scheduled from follow-on schedule check
[2024-11-03T03:11:36.203+0000] {local_task_job_runner.py:245} INFO - ::endgroup::
